[2025-10-05 19:10:10][RANK 0][INFO] Initializing Dataloaders...
[2025-10-05 19:10:10][RANK 0][INFO] Dataloaders initialized.
[2025-10-05 19:10:12][RANK 0][INFO] Starting training for GRU model...
[2025-10-05 19:10:12][RANK 0][INFO] Starting Epoch 1/10
[2025-10-05 19:26:12][RANK 0][INFO] Starting validation...
[2025-10-05 19:35:40][RANK 0][INFO] EPOCH 1 SUMMARY: Val Loss: 1.0432 | Val Acc: 0.6113
[2025-10-05 19:35:40][RANK 0][INFO] New best val_acc: 0.6113. Saving model...
[2025-10-05 19:35:42][RANK 0][INFO] Starting Epoch 2/10
[2025-10-05 19:51:19][RANK 0][INFO] Starting validation...
[2025-10-05 20:00:45][RANK 0][INFO] EPOCH 2 SUMMARY: Val Loss: 0.8506 | Val Acc: 0.6106
[2025-10-05 20:00:46][RANK 0][INFO] Starting Epoch 3/10
[2025-10-05 20:16:25][RANK 0][INFO] Starting validation...
[2025-10-05 20:25:44][RANK 0][INFO] EPOCH 3 SUMMARY: Val Loss: 0.8464 | Val Acc: 0.6525
[2025-10-05 20:25:44][RANK 0][INFO] New best val_acc: 0.6525. Saving model...
[2025-10-05 20:25:45][RANK 0][INFO] Starting Epoch 4/10
[2025-10-05 20:41:15][RANK 0][INFO] Starting validation...
[2025-10-05 20:50:36][RANK 0][INFO] EPOCH 4 SUMMARY: Val Loss: 0.8032 | Val Acc: 0.6789
[2025-10-05 20:50:36][RANK 0][INFO] New best val_acc: 0.6789. Saving model...
[2025-10-05 20:50:37][RANK 0][INFO] Starting Epoch 5/10
[2025-10-05 21:06:10][RANK 0][INFO] Starting validation...
[2025-10-05 21:15:39][RANK 0][INFO] EPOCH 5 SUMMARY: Val Loss: 0.7494 | Val Acc: 0.6603
[2025-10-05 21:15:40][RANK 0][INFO] Starting Epoch 6/10
[2025-10-05 21:31:08][RANK 0][INFO] Starting validation...
[2025-10-05 21:40:39][RANK 0][INFO] EPOCH 6 SUMMARY: Val Loss: 0.6906 | Val Acc: 0.7222
[2025-10-05 21:40:39][RANK 0][INFO] New best val_acc: 0.7222. Saving model...
[2025-10-05 21:40:40][RANK 0][INFO] Starting Epoch 7/10
[2025-10-05 21:56:09][RANK 0][INFO] Starting validation...
[2025-10-05 22:05:40][RANK 0][INFO] EPOCH 7 SUMMARY: Val Loss: 0.6711 | Val Acc: 0.7331
[2025-10-05 22:05:40][RANK 0][INFO] New best val_acc: 0.7331. Saving model...
[2025-10-05 22:05:41][RANK 0][INFO] Starting Epoch 8/10
[2025-10-05 22:21:15][RANK 0][INFO] Starting validation...
[2025-10-05 22:30:46][RANK 0][INFO] EPOCH 8 SUMMARY: Val Loss: 0.6801 | Val Acc: 0.7159
[2025-10-05 22:30:47][RANK 0][INFO] Starting Epoch 9/10
[2025-10-05 22:46:17][RANK 0][INFO] Starting validation...
[2025-10-05 22:55:50][RANK 0][INFO] EPOCH 9 SUMMARY: Val Loss: 0.7837 | Val Acc: 0.6788
[2025-10-05 22:55:51][RANK 0][INFO] Starting Epoch 10/10
[2025-10-05 23:11:21][RANK 0][INFO] Starting validation...
[2025-10-05 23:20:54][RANK 0][INFO] EPOCH 10 SUMMARY: Val Loss: 0.6445 | Val Acc: 0.7482
[2025-10-05 23:20:54][RANK 0][INFO] New best val_acc: 0.7482. Saving model...
[2025-10-05 23:20:55][RANK 0][INFO] Uploading model from /tmp/model_upload to hdfs://master:9000/usr/ubuntu/results-ultra_gru_20251005_190537
