[2025-10-08 08:23:18][RANK 0][INFO] Initializing Dataloaders...
[2025-10-08 08:23:18][RANK 0][INFO] Dataloaders initialized.
[2025-10-08 08:23:19][RANK 0][INFO] Starting training for GRU model...
[2025-10-08 08:23:19][RANK 0][INFO] Starting Epoch 1/100
[2025-10-08 08:37:53][RANK 0][INFO] Starting validation...
[2025-10-08 08:47:41][RANK 0][INFO] EPOCH 1 SUMMARY: Val Loss: 0.9137 | Val Acc: 0.5980
[2025-10-08 08:47:41][RANK 0][INFO] New best val_acc: 0.5980. Saving model...
[2025-10-08 08:47:43][RANK 0][INFO] Starting Epoch 2/100
[2025-10-08 09:01:52][RANK 0][INFO] Starting validation...
[2025-10-08 09:11:13][RANK 0][INFO] EPOCH 2 SUMMARY: Val Loss: 0.8230 | Val Acc: 0.6705
[2025-10-08 09:11:13][RANK 0][INFO] New best val_acc: 0.6705. Saving model...
[2025-10-08 09:11:14][RANK 0][INFO] Starting Epoch 3/100
[2025-10-08 09:25:28][RANK 0][INFO] Starting validation...
[2025-10-08 09:34:38][RANK 0][INFO] EPOCH 3 SUMMARY: Val Loss: 0.8369 | Val Acc: 0.6840
[2025-10-08 09:34:38][RANK 0][INFO] New best val_acc: 0.6840. Saving model...
[2025-10-08 09:34:39][RANK 0][INFO] Starting Epoch 4/100
[2025-10-08 09:48:47][RANK 0][INFO] Starting validation...
[2025-10-08 09:58:14][RANK 0][INFO] EPOCH 4 SUMMARY: Val Loss: 0.7933 | Val Acc: 0.6753
[2025-10-08 09:58:15][RANK 0][INFO] Starting Epoch 5/100
[2025-10-08 10:12:24][RANK 0][INFO] Starting validation...
[2025-10-08 10:21:51][RANK 0][INFO] EPOCH 5 SUMMARY: Val Loss: 0.7640 | Val Acc: 0.7128
[2025-10-08 10:21:51][RANK 0][INFO] New best val_acc: 0.7128. Saving model...
[2025-10-08 10:21:52][RANK 0][INFO] Starting Epoch 6/100
[2025-10-08 10:36:00][RANK 0][INFO] Starting validation...
[2025-10-08 10:45:25][RANK 0][INFO] EPOCH 6 SUMMARY: Val Loss: 0.8126 | Val Acc: 0.6273
[2025-10-08 10:45:26][RANK 0][INFO] Starting Epoch 7/100
[2025-10-08 10:59:33][RANK 0][INFO] Starting validation...
[2025-10-08 11:08:56][RANK 0][INFO] EPOCH 7 SUMMARY: Val Loss: 0.8776 | Val Acc: 0.7027
[2025-10-08 11:08:57][RANK 0][INFO] Starting Epoch 8/100
[2025-10-08 11:23:07][RANK 0][INFO] Starting validation...
[2025-10-08 11:32:30][RANK 0][INFO] EPOCH 8 SUMMARY: Val Loss: 0.7303 | Val Acc: 0.6882
[2025-10-08 11:32:31][RANK 0][INFO] Starting Epoch 9/100
[2025-10-08 11:46:40][RANK 0][INFO] Starting validation...
[2025-10-08 11:56:07][RANK 0][INFO] EPOCH 9 SUMMARY: Val Loss: 1.0234 | Val Acc: 0.6723
[2025-10-08 11:56:08][RANK 0][INFO] Starting Epoch 10/100
[2025-10-08 12:10:16][RANK 0][INFO] Starting validation...
[2025-10-08 12:19:34][RANK 0][INFO] EPOCH 10 SUMMARY: Val Loss: 0.9478 | Val Acc: 0.6640
[2025-10-08 12:19:35][RANK 0][INFO] Starting Epoch 11/100
[2025-10-08 12:33:43][RANK 0][INFO] Starting validation...
[2025-10-08 12:43:02][RANK 0][INFO] EPOCH 11 SUMMARY: Val Loss: 0.9831 | Val Acc: 0.6778
[2025-10-08 12:43:03][RANK 0][INFO] Starting Epoch 12/100
[2025-10-08 12:57:11][RANK 0][INFO] Starting validation...
[2025-10-08 13:06:36][RANK 0][INFO] EPOCH 12 SUMMARY: Val Loss: 1.0399 | Val Acc: 0.6885
[2025-10-08 13:06:37][RANK 0][INFO] Starting Epoch 13/100
[2025-10-08 13:20:46][RANK 0][INFO] Starting validation...
[2025-10-08 13:30:11][RANK 0][INFO] EPOCH 13 SUMMARY: Val Loss: 0.8917 | Val Acc: 0.6463
[2025-10-08 13:30:12][RANK 0][INFO] Starting Epoch 14/100
[2025-10-08 13:44:20][RANK 0][INFO] Starting validation...
[2025-10-08 13:53:41][RANK 0][INFO] EPOCH 14 SUMMARY: Val Loss: 0.9885 | Val Acc: 0.6491
[2025-10-08 13:53:42][RANK 0][INFO] Starting Epoch 15/100
[2025-10-08 14:07:49][RANK 0][INFO] Starting validation...
[2025-10-08 14:17:11][RANK 0][INFO] EPOCH 15 SUMMARY: Val Loss: 1.0356 | Val Acc: 0.6110
[2025-10-08 14:17:12][RANK 0][INFO] Starting Epoch 16/100
[2025-10-08 14:31:19][RANK 0][INFO] Starting validation...
[2025-10-08 14:40:33][RANK 0][INFO] EPOCH 16 SUMMARY: Val Loss: 0.9213 | Val Acc: 0.6446
[2025-10-08 14:40:34][RANK 0][INFO] Starting Epoch 17/100
[2025-10-08 14:54:40][RANK 0][INFO] Starting validation...
[2025-10-08 15:04:00][RANK 0][INFO] EPOCH 17 SUMMARY: Val Loss: 0.9876 | Val Acc: 0.6311
[2025-10-08 15:04:01][RANK 0][INFO] Starting Epoch 18/100
[2025-10-08 15:18:08][RANK 0][INFO] Starting validation...
[2025-10-08 15:27:32][RANK 0][INFO] EPOCH 18 SUMMARY: Val Loss: 0.8071 | Val Acc: 0.7051
[2025-10-08 15:27:33][RANK 0][INFO] Starting Epoch 19/100
[2025-10-08 15:41:42][RANK 0][INFO] Starting validation...
[2025-10-08 15:51:10][RANK 0][INFO] EPOCH 19 SUMMARY: Val Loss: 0.8632 | Val Acc: 0.6678
[2025-10-08 15:51:11][RANK 0][INFO] Starting Epoch 20/100
[2025-10-08 16:05:18][RANK 0][INFO] Starting validation...
[2025-10-08 16:14:41][RANK 0][INFO] EPOCH 20 SUMMARY: Val Loss: 0.8525 | Val Acc: 0.6720
[2025-10-08 16:14:42][RANK 0][INFO] Starting Epoch 21/100
[2025-10-08 16:28:47][RANK 0][INFO] Starting validation...
[2025-10-08 16:38:13][RANK 0][INFO] EPOCH 21 SUMMARY: Val Loss: 0.9463 | Val Acc: 0.6564
[2025-10-08 16:38:15][RANK 0][INFO] Starting Epoch 22/100
[2025-10-08 16:52:19][RANK 0][INFO] Starting validation...
[2025-10-08 17:01:45][RANK 0][INFO] EPOCH 22 SUMMARY: Val Loss: 0.9295 | Val Acc: 0.6999
[2025-10-08 17:01:46][RANK 0][INFO] Starting Epoch 23/100
[2025-10-08 17:15:51][RANK 0][INFO] Starting validation...
[2025-10-08 17:25:13][RANK 0][INFO] EPOCH 23 SUMMARY: Val Loss: 0.8836 | Val Acc: 0.6569
[2025-10-08 17:25:14][RANK 0][INFO] Starting Epoch 24/100
[2025-10-08 17:39:21][RANK 0][INFO] Starting validation...
[2025-10-08 17:48:46][RANK 0][INFO] EPOCH 24 SUMMARY: Val Loss: 0.9550 | Val Acc: 0.6262
[2025-10-08 17:48:47][RANK 0][INFO] Starting Epoch 25/100
[2025-10-08 18:02:53][RANK 0][INFO] Starting validation...
[2025-10-08 18:12:23][RANK 0][INFO] EPOCH 25 SUMMARY: Val Loss: 0.7188 | Val Acc: 0.7474
[2025-10-08 18:12:23][RANK 0][INFO] New best val_acc: 0.7474. Saving model...
[2025-10-08 18:12:24][RANK 0][INFO] Starting Epoch 26/100
[2025-10-08 18:26:30][RANK 0][INFO] Starting validation...
[2025-10-08 18:35:56][RANK 0][INFO] EPOCH 26 SUMMARY: Val Loss: 0.8141 | Val Acc: 0.6366
[2025-10-08 18:35:57][RANK 0][INFO] Starting Epoch 27/100
[2025-10-08 18:50:03][RANK 0][INFO] Starting validation...
[2025-10-08 18:59:25][RANK 0][INFO] EPOCH 27 SUMMARY: Val Loss: 1.0849 | Val Acc: 0.6841
[2025-10-08 18:59:26][RANK 0][INFO] Starting Epoch 28/100
[2025-10-08 19:13:33][RANK 0][INFO] Starting validation...
[2025-10-08 19:22:50][RANK 0][INFO] EPOCH 28 SUMMARY: Val Loss: 0.7436 | Val Acc: 0.7097
[2025-10-08 19:22:51][RANK 0][INFO] Starting Epoch 29/100
[2025-10-08 19:36:58][RANK 0][INFO] Starting validation...
[2025-10-08 19:46:21][RANK 0][INFO] EPOCH 29 SUMMARY: Val Loss: 0.9150 | Val Acc: 0.6872
[2025-10-08 19:46:22][RANK 0][INFO] Starting Epoch 30/100
[2025-10-08 20:00:29][RANK 0][INFO] Starting validation...
[2025-10-08 20:09:47][RANK 0][INFO] EPOCH 30 SUMMARY: Val Loss: 0.6910 | Val Acc: 0.7310
[2025-10-08 20:09:48][RANK 0][INFO] Starting Epoch 31/100
[2025-10-08 20:23:55][RANK 0][INFO] Starting validation...
[2025-10-08 20:33:11][RANK 0][INFO] EPOCH 31 SUMMARY: Val Loss: 0.8290 | Val Acc: 0.6826
[2025-10-08 20:33:12][RANK 0][INFO] Starting Epoch 32/100
[2025-10-08 20:47:21][RANK 0][INFO] Starting validation...
[2025-10-08 20:56:42][RANK 0][INFO] EPOCH 32 SUMMARY: Val Loss: 0.7054 | Val Acc: 0.7325
[2025-10-08 20:56:43][RANK 0][INFO] Starting Epoch 33/100
[2025-10-08 21:10:49][RANK 0][INFO] Starting validation...
[2025-10-08 21:20:08][RANK 0][INFO] EPOCH 33 SUMMARY: Val Loss: 0.6936 | Val Acc: 0.7505
[2025-10-08 21:20:08][RANK 0][INFO] New best val_acc: 0.7505. Saving model...
[2025-10-08 21:20:09][RANK 0][INFO] Starting Epoch 34/100
[2025-10-08 21:34:16][RANK 0][INFO] Starting validation...
[2025-10-08 21:43:34][RANK 0][INFO] EPOCH 34 SUMMARY: Val Loss: 0.8711 | Val Acc: 0.7274
[2025-10-08 21:43:35][RANK 0][INFO] Starting Epoch 35/100
[2025-10-08 21:57:44][RANK 0][INFO] Starting validation...
[2025-10-08 22:06:58][RANK 0][INFO] EPOCH 35 SUMMARY: Val Loss: 1.1366 | Val Acc: 0.7031
[2025-10-08 22:06:59][RANK 0][INFO] Starting Epoch 36/100
[2025-10-08 22:21:09][RANK 0][INFO] Starting validation...
[2025-10-08 22:30:27][RANK 0][INFO] EPOCH 36 SUMMARY: Val Loss: 0.8100 | Val Acc: 0.6605
[2025-10-08 22:30:28][RANK 0][INFO] Starting Epoch 37/100
[2025-10-08 22:44:35][RANK 0][INFO] Starting validation...
[2025-10-08 22:53:51][RANK 0][INFO] EPOCH 37 SUMMARY: Val Loss: 1.0643 | Val Acc: 0.6553
[2025-10-08 22:53:52][RANK 0][INFO] Starting Epoch 38/100
[2025-10-08 23:08:01][RANK 0][INFO] Starting validation...
[2025-10-08 23:17:21][RANK 0][INFO] EPOCH 38 SUMMARY: Val Loss: 0.9264 | Val Acc: 0.6387
[2025-10-08 23:17:22][RANK 0][INFO] Starting Epoch 39/100
[2025-10-08 23:31:29][RANK 0][INFO] Starting validation...
[2025-10-08 23:40:48][RANK 0][INFO] EPOCH 39 SUMMARY: Val Loss: 0.8845 | Val Acc: 0.6100
[2025-10-08 23:40:49][RANK 0][INFO] Starting Epoch 40/100
[2025-10-08 23:54:55][RANK 0][INFO] Starting validation...
[2025-10-09 00:04:15][RANK 0][INFO] EPOCH 40 SUMMARY: Val Loss: 0.7542 | Val Acc: 0.6752
[2025-10-09 00:04:16][RANK 0][INFO] Starting Epoch 41/100
[2025-10-09 00:18:25][RANK 0][INFO] Starting validation...
[2025-10-09 00:27:44][RANK 0][INFO] EPOCH 41 SUMMARY: Val Loss: 0.7499 | Val Acc: 0.6913
[2025-10-09 00:27:45][RANK 0][INFO] Starting Epoch 42/100
[2025-10-09 00:41:53][RANK 0][INFO] Starting validation...
[2025-10-09 00:51:22][RANK 0][INFO] EPOCH 42 SUMMARY: Val Loss: 0.7607 | Val Acc: 0.6938
[2025-10-09 00:51:23][RANK 0][INFO] Starting Epoch 43/100
[2025-10-09 01:05:30][RANK 0][INFO] Starting validation...
[2025-10-09 01:14:50][RANK 0][INFO] EPOCH 43 SUMMARY: Val Loss: 1.1919 | Val Acc: 0.5768
[2025-10-09 01:14:51][RANK 0][INFO] Starting Epoch 44/100
[2025-10-09 01:29:00][RANK 0][INFO] Starting validation...
[2025-10-09 01:38:13][RANK 0][INFO] EPOCH 44 SUMMARY: Val Loss: 0.7949 | Val Acc: 0.6866
[2025-10-09 01:38:14][RANK 0][INFO] Starting Epoch 45/100
[2025-10-09 01:52:24][RANK 0][INFO] Starting validation...
[2025-10-09 02:01:48][RANK 0][INFO] EPOCH 45 SUMMARY: Val Loss: 0.8399 | Val Acc: 0.6318
[2025-10-09 02:01:49][RANK 0][INFO] Starting Epoch 46/100
[2025-10-09 02:15:57][RANK 0][INFO] Starting validation...
[2025-10-09 02:25:21][RANK 0][INFO] EPOCH 46 SUMMARY: Val Loss: 0.6858 | Val Acc: 0.7210
[2025-10-09 02:25:22][RANK 0][INFO] Starting Epoch 47/100
[2025-10-09 02:39:30][RANK 0][INFO] Starting validation...
[2025-10-09 02:48:52][RANK 0][INFO] EPOCH 47 SUMMARY: Val Loss: 0.8646 | Val Acc: 0.6469
[2025-10-09 02:48:53][RANK 0][INFO] Starting Epoch 48/100
[2025-10-09 03:03:01][RANK 0][INFO] Starting validation...
[2025-10-09 03:12:26][RANK 0][INFO] EPOCH 48 SUMMARY: Val Loss: 0.9194 | Val Acc: 0.6977
[2025-10-09 03:12:27][RANK 0][INFO] Starting Epoch 49/100
[2025-10-09 03:26:35][RANK 0][INFO] Starting validation...
[2025-10-09 03:36:03][RANK 0][INFO] EPOCH 49 SUMMARY: Val Loss: 0.9439 | Val Acc: 0.5863
[2025-10-09 03:36:04][RANK 0][INFO] Starting Epoch 50/100
[2025-10-09 03:50:13][RANK 0][INFO] Starting validation...
[2025-10-09 03:59:35][RANK 0][INFO] EPOCH 50 SUMMARY: Val Loss: 0.9570 | Val Acc: 0.6779
[2025-10-09 03:59:36][RANK 0][INFO] Starting Epoch 51/100
[2025-10-09 04:13:46][RANK 0][INFO] Starting validation...
[2025-10-09 04:23:06][RANK 0][INFO] EPOCH 51 SUMMARY: Val Loss: 0.6476 | Val Acc: 0.7499
[2025-10-09 04:23:07][RANK 0][INFO] Starting Epoch 52/100
[2025-10-09 04:37:18][RANK 0][INFO] Starting validation...
[2025-10-09 04:46:35][RANK 0][INFO] EPOCH 52 SUMMARY: Val Loss: 0.6855 | Val Acc: 0.7073
[2025-10-09 04:46:36][RANK 0][INFO] Starting Epoch 53/100
[2025-10-09 05:00:45][RANK 0][INFO] Starting validation...
[2025-10-09 05:10:06][RANK 0][INFO] EPOCH 53 SUMMARY: Val Loss: 0.8939 | Val Acc: 0.6391
[2025-10-09 05:10:07][RANK 0][INFO] Starting Epoch 54/100
[2025-10-09 05:24:18][RANK 0][INFO] Starting validation...
[2025-10-09 05:33:37][RANK 0][INFO] EPOCH 54 SUMMARY: Val Loss: 0.6933 | Val Acc: 0.7219
[2025-10-09 05:33:38][RANK 0][INFO] Starting Epoch 55/100
[2025-10-09 05:47:44][RANK 0][INFO] Starting validation...
[2025-10-09 05:57:15][RANK 0][INFO] EPOCH 55 SUMMARY: Val Loss: 0.7663 | Val Acc: 0.7022
[2025-10-09 05:57:16][RANK 0][INFO] Starting Epoch 56/100
[2025-10-09 06:11:23][RANK 0][INFO] Starting validation...
[2025-10-09 06:20:44][RANK 0][INFO] EPOCH 56 SUMMARY: Val Loss: 0.7565 | Val Acc: 0.7153
[2025-10-09 06:20:45][RANK 0][INFO] Starting Epoch 57/100
[2025-10-09 06:34:55][RANK 0][INFO] Starting validation...
[2025-10-09 06:44:14][RANK 0][INFO] EPOCH 57 SUMMARY: Val Loss: 0.8248 | Val Acc: 0.6966
[2025-10-09 06:44:15][RANK 0][INFO] Starting Epoch 58/100
[2025-10-09 06:58:21][RANK 0][INFO] Starting validation...
[2025-10-09 07:07:48][RANK 0][INFO] EPOCH 58 SUMMARY: Val Loss: 0.8485 | Val Acc: 0.5827
[2025-10-09 07:07:49][RANK 0][INFO] Starting Epoch 59/100
[2025-10-09 07:21:56][RANK 0][INFO] Starting validation...
[2025-10-09 07:31:22][RANK 0][INFO] EPOCH 59 SUMMARY: Val Loss: 0.9412 | Val Acc: 0.6340
[2025-10-09 07:31:23][RANK 0][INFO] Starting Epoch 60/100
[2025-10-09 07:45:31][RANK 0][INFO] Starting validation...
[2025-10-09 07:54:44][RANK 0][INFO] EPOCH 60 SUMMARY: Val Loss: 0.7829 | Val Acc: 0.7000
[2025-10-09 07:54:45][RANK 0][INFO] Starting Epoch 61/100
[2025-10-09 08:08:53][RANK 0][INFO] Starting validation...
[2025-10-09 08:18:13][RANK 0][INFO] EPOCH 61 SUMMARY: Val Loss: 0.7457 | Val Acc: 0.7240
[2025-10-09 08:18:14][RANK 0][INFO] Starting Epoch 62/100
[2025-10-09 08:32:21][RANK 0][INFO] Starting validation...
[2025-10-09 08:41:38][RANK 0][INFO] EPOCH 62 SUMMARY: Val Loss: 0.8804 | Val Acc: 0.6800
[2025-10-09 08:41:39][RANK 0][INFO] Starting Epoch 63/100
[2025-10-09 08:55:47][RANK 0][INFO] Starting validation...
[2025-10-09 09:05:03][RANK 0][INFO] EPOCH 63 SUMMARY: Val Loss: 1.0932 | Val Acc: 0.6985
[2025-10-09 09:05:04][RANK 0][INFO] Starting Epoch 64/100
[2025-10-09 09:19:13][RANK 0][INFO] Starting validation...
[2025-10-09 09:28:29][RANK 0][INFO] EPOCH 64 SUMMARY: Val Loss: 1.0682 | Val Acc: 0.7176
[2025-10-09 09:28:30][RANK 0][INFO] Starting Epoch 65/100
[2025-10-09 09:42:38][RANK 0][INFO] Starting validation...
[2025-10-09 09:51:55][RANK 0][INFO] EPOCH 65 SUMMARY: Val Loss: 0.8153 | Val Acc: 0.6724
[2025-10-09 09:51:56][RANK 0][INFO] Starting Epoch 66/100
[2025-10-09 10:06:03][RANK 0][INFO] Starting validation...
[2025-10-09 10:15:23][RANK 0][INFO] EPOCH 66 SUMMARY: Val Loss: 0.7338 | Val Acc: 0.7018
[2025-10-09 10:15:24][RANK 0][INFO] Starting Epoch 67/100
[2025-10-09 10:29:33][RANK 0][INFO] Starting validation...
[2025-10-09 10:38:54][RANK 0][INFO] EPOCH 67 SUMMARY: Val Loss: 0.8805 | Val Acc: 0.6785
[2025-10-09 10:38:55][RANK 0][INFO] Starting Epoch 68/100
[2025-10-09 10:53:04][RANK 0][INFO] Starting validation...
[2025-10-09 11:02:17][RANK 0][INFO] EPOCH 68 SUMMARY: Val Loss: 1.0097 | Val Acc: 0.5841
[2025-10-09 11:02:18][RANK 0][INFO] Starting Epoch 69/100
[2025-10-09 11:16:26][RANK 0][INFO] Starting validation...
[2025-10-09 11:25:41][RANK 0][INFO] EPOCH 69 SUMMARY: Val Loss: 0.8094 | Val Acc: 0.7116
[2025-10-09 11:25:42][RANK 0][INFO] Starting Epoch 70/100
[2025-10-09 11:39:51][RANK 0][INFO] Starting validation...
[2025-10-09 11:49:02][RANK 0][INFO] EPOCH 70 SUMMARY: Val Loss: 0.6231 | Val Acc: 0.7388
[2025-10-09 11:49:03][RANK 0][INFO] Starting Epoch 71/100
[2025-10-09 12:03:09][RANK 0][INFO] Starting validation...
[2025-10-09 12:12:31][RANK 0][INFO] EPOCH 71 SUMMARY: Val Loss: 0.6889 | Val Acc: 0.7218
[2025-10-09 12:12:32][RANK 0][INFO] Starting Epoch 72/100
[2025-10-09 12:26:41][RANK 0][INFO] Starting validation...
[2025-10-09 12:35:59][RANK 0][INFO] EPOCH 72 SUMMARY: Val Loss: 0.6416 | Val Acc: 0.7006
[2025-10-09 12:36:01][RANK 0][INFO] Starting Epoch 73/100
[2025-10-09 12:50:08][RANK 0][INFO] Starting validation...
[2025-10-09 12:59:21][RANK 0][INFO] EPOCH 73 SUMMARY: Val Loss: 0.6994 | Val Acc: 0.7304
[2025-10-09 12:59:22][RANK 0][INFO] Starting Epoch 74/100
[2025-10-09 13:13:30][RANK 0][INFO] Starting validation...
[2025-10-09 13:22:44][RANK 0][INFO] EPOCH 74 SUMMARY: Val Loss: 0.9112 | Val Acc: 0.6662
[2025-10-09 13:22:45][RANK 0][INFO] Starting Epoch 75/100
[2025-10-09 13:36:51][RANK 0][INFO] Starting validation...
[2025-10-09 13:45:53][RANK 0][INFO] EPOCH 75 SUMMARY: Val Loss: 0.8802 | Val Acc: 0.6335
[2025-10-09 13:45:54][RANK 0][INFO] Starting Epoch 76/100
[2025-10-09 14:00:03][RANK 0][INFO] Starting validation...
[2025-10-09 14:09:21][RANK 0][INFO] EPOCH 76 SUMMARY: Val Loss: 0.7107 | Val Acc: 0.6659
[2025-10-09 14:09:22][RANK 0][INFO] Starting Epoch 77/100
[2025-10-09 14:23:31][RANK 0][INFO] Starting validation...
[2025-10-09 14:32:42][RANK 0][INFO] EPOCH 77 SUMMARY: Val Loss: 0.8079 | Val Acc: 0.7316
[2025-10-09 14:32:43][RANK 0][INFO] Starting Epoch 78/100
[2025-10-09 14:46:52][RANK 0][INFO] Starting validation...
[2025-10-09 14:56:07][RANK 0][INFO] EPOCH 78 SUMMARY: Val Loss: 0.8656 | Val Acc: 0.6916
[2025-10-09 14:56:08][RANK 0][INFO] Starting Epoch 79/100
[2025-10-09 15:10:15][RANK 0][INFO] Starting validation...
[2025-10-09 15:19:25][RANK 0][INFO] EPOCH 79 SUMMARY: Val Loss: 0.7936 | Val Acc: 0.6564
[2025-10-09 15:19:26][RANK 0][INFO] Starting Epoch 80/100
[2025-10-09 15:33:34][RANK 0][INFO] Starting validation...
[2025-10-09 15:42:52][RANK 0][INFO] EPOCH 80 SUMMARY: Val Loss: 0.8127 | Val Acc: 0.6473
[2025-10-09 15:42:53][RANK 0][INFO] Starting Epoch 81/100
[2025-10-09 15:57:03][RANK 0][INFO] Starting validation...
[2025-10-09 16:06:21][RANK 0][INFO] EPOCH 81 SUMMARY: Val Loss: 0.6627 | Val Acc: 0.7355
[2025-10-09 16:06:22][RANK 0][INFO] Starting Epoch 82/100
[2025-10-09 16:20:30][RANK 0][INFO] Starting validation...
[2025-10-09 16:29:43][RANK 0][INFO] EPOCH 82 SUMMARY: Val Loss: 0.8723 | Val Acc: 0.6509
[2025-10-09 16:29:44][RANK 0][INFO] Starting Epoch 83/100
[2025-10-09 16:43:52][RANK 0][INFO] Starting validation...
[2025-10-09 16:53:09][RANK 0][INFO] EPOCH 83 SUMMARY: Val Loss: 0.8795 | Val Acc: 0.6336
[2025-10-09 16:53:10][RANK 0][INFO] Starting Epoch 84/100
[2025-10-09 17:07:19][RANK 0][INFO] Starting validation...
[2025-10-09 17:16:32][RANK 0][INFO] EPOCH 84 SUMMARY: Val Loss: 0.8158 | Val Acc: 0.6867
[2025-10-09 17:16:33][RANK 0][INFO] Starting Epoch 85/100
[2025-10-09 17:30:39][RANK 0][INFO] Starting validation...
[2025-10-09 17:39:55][RANK 0][INFO] EPOCH 85 SUMMARY: Val Loss: 0.7401 | Val Acc: 0.6689
[2025-10-09 17:39:56][RANK 0][INFO] Starting Epoch 86/100
[2025-10-09 17:54:04][RANK 0][INFO] Starting validation...
[2025-10-09 18:03:23][RANK 0][INFO] EPOCH 86 SUMMARY: Val Loss: 0.8728 | Val Acc: 0.6439
[2025-10-09 18:03:24][RANK 0][INFO] Starting Epoch 87/100
[2025-10-09 18:17:32][RANK 0][INFO] Starting validation...
[2025-10-09 18:26:46][RANK 0][INFO] EPOCH 87 SUMMARY: Val Loss: 1.3510 | Val Acc: 0.6375
[2025-10-09 18:26:47][RANK 0][INFO] Starting Epoch 88/100
[2025-10-09 18:40:54][RANK 0][INFO] Starting validation...
[2025-10-09 18:50:13][RANK 0][INFO] EPOCH 88 SUMMARY: Val Loss: 0.8084 | Val Acc: 0.6905
[2025-10-09 18:50:14][RANK 0][INFO] Starting Epoch 89/100
[2025-10-09 19:04:22][RANK 0][INFO] Starting validation...
[2025-10-09 19:13:41][RANK 0][INFO] EPOCH 89 SUMMARY: Val Loss: 0.9549 | Val Acc: 0.6918
[2025-10-09 19:13:42][RANK 0][INFO] Starting Epoch 90/100
[2025-10-09 19:27:50][RANK 0][INFO] Starting validation...
[2025-10-09 19:37:07][RANK 0][INFO] EPOCH 90 SUMMARY: Val Loss: 0.6703 | Val Acc: 0.7363
[2025-10-09 19:37:08][RANK 0][INFO] Starting Epoch 91/100
[2025-10-09 19:51:16][RANK 0][INFO] Starting validation...
[2025-10-09 20:00:33][RANK 0][INFO] EPOCH 91 SUMMARY: Val Loss: 0.8474 | Val Acc: 0.6688
[2025-10-09 20:00:34][RANK 0][INFO] Starting Epoch 92/100
[2025-10-09 20:14:41][RANK 0][INFO] Starting validation...
[2025-10-09 20:23:55][RANK 0][INFO] EPOCH 92 SUMMARY: Val Loss: 0.9586 | Val Acc: 0.5913
[2025-10-09 20:23:56][RANK 0][INFO] Starting Epoch 93/100
[2025-10-09 20:38:05][RANK 0][INFO] Starting validation...
[2025-10-09 20:47:23][RANK 0][INFO] EPOCH 93 SUMMARY: Val Loss: 1.1124 | Val Acc: 0.6852
[2025-10-09 20:47:24][RANK 0][INFO] Starting Epoch 94/100
[2025-10-09 21:01:32][RANK 0][INFO] Starting validation...
[2025-10-09 21:10:54][RANK 0][INFO] EPOCH 94 SUMMARY: Val Loss: 0.7396 | Val Acc: 0.7326
[2025-10-09 21:10:55][RANK 0][INFO] Starting Epoch 95/100
[2025-10-09 21:25:03][RANK 0][INFO] Starting validation...
[2025-10-09 21:34:22][RANK 0][INFO] EPOCH 95 SUMMARY: Val Loss: 0.8572 | Val Acc: 0.6761
[2025-10-09 21:34:23][RANK 0][INFO] Starting Epoch 96/100
[2025-10-09 21:48:32][RANK 0][INFO] Starting validation...
[2025-10-09 21:57:57][RANK 0][INFO] EPOCH 96 SUMMARY: Val Loss: 0.9993 | Val Acc: 0.6370
[2025-10-09 21:57:58][RANK 0][INFO] Starting Epoch 97/100
[2025-10-09 22:12:07][RANK 0][INFO] Starting validation...
[2025-10-09 22:21:22][RANK 0][INFO] EPOCH 97 SUMMARY: Val Loss: 0.8365 | Val Acc: 0.6619
[2025-10-09 22:21:23][RANK 0][INFO] Starting Epoch 98/100
[2025-10-09 22:35:31][RANK 0][INFO] Starting validation...
[2025-10-09 22:44:47][RANK 0][INFO] EPOCH 98 SUMMARY: Val Loss: 0.6925 | Val Acc: 0.6864
[2025-10-09 22:44:48][RANK 0][INFO] Starting Epoch 99/100
[2025-10-09 22:58:56][RANK 0][INFO] Starting validation...
[2025-10-09 23:08:06][RANK 0][INFO] EPOCH 99 SUMMARY: Val Loss: 1.0052 | Val Acc: 0.6391
[2025-10-09 23:08:07][RANK 0][INFO] Starting Epoch 100/100
[2025-10-09 23:22:15][RANK 0][INFO] Starting validation...
[2025-10-09 23:31:32][RANK 0][INFO] EPOCH 100 SUMMARY: Val Loss: 0.8152 | Val Acc: 0.6831
[2025-10-09 23:31:33][RANK 0][INFO] Uploading model from /tmp/model_upload to hdfs://master:9000/usr/ubuntu/results-ultra_gru_20251008_081809
