[2025-10-20 14:46:26][RANK DRIVER][INFO] 
Starting Multi_Model_NIDS_Training
[2025-10-20 14:46:26][RANK DRIVER][INFO] Selected Model: LSTM
[2025-10-20 14:49:14][RANK DRIVER][INFO] 
[ƯPrepared Configuration for Training:
[2025-10-20 14:49:14][RANK DRIVER][INFO]   data_source_paths: {'base_path': 'alluxio://master:19998/usr/ubuntu/data/classweights-43-16', 'train_path': 'alluxio://master:19998/usr/ubuntu/data/classweights-43-16/train_df.parquet', 'test_path': 'alluxio://master:19998/usr/ubuntu/data/classweights-43-16/test_df.parquet', 'label_indexer_path': 'alluxio://master:19998/usr/ubuntu/data/classweights-43-16/data/label_indexer/label_indexer/label_indexer', 'temp_dir': 'alluxio://master:19998/tmp'}
[2025-10-20 14:49:14][RANK DRIVER][INFO]   artifact_storage_paths: {'output_dir': 'hdfs://master:9000/usr/ubuntu/results-ultra_lstm_20251020_144642'}
[2025-10-20 14:49:14][RANK DRIVER][INFO]   model_type: lstm
[2025-10-20 14:49:14][RANK DRIVER][INFO]   epochs: 35
[2025-10-20 14:49:14][RANK DRIVER][INFO]   batch_size: 1024
[2025-10-20 14:49:14][RANK DRIVER][INFO]   num_processes: 1
[2025-10-20 14:49:14][RANK DRIVER][INFO]   learning_rate: 0.001
[2025-10-20 14:49:14][RANK DRIVER][INFO]   hidden_size: 256
[2025-10-20 14:49:14][RANK DRIVER][INFO]   num_layers: 4
[2025-10-20 14:49:14][RANK DRIVER][INFO]   dropout: 0.3
[2025-10-20 14:49:14][RANK DRIVER][INFO]   num_classes: 16
[2025-10-20 14:49:14][RANK DRIVER][INFO]   class_names: ['Benign', 'DDoS', 'DoS', 'scanning', 'Reconnaissance', 'xss', 'password', 'injection', 'Bot', 'Brute Force', 'Infilteration', 'Exploits', 'Fuzzers', 'Backdoor', 'Generic', 'mitm']
[2025-10-20 14:49:14][RANK DRIVER][INFO]   num_features: 43
[2025-10-20 14:49:14][RANK DRIVER][INFO]   validation_file_path: None
[2025-10-20 14:49:14][RANK DRIVER][INFO]   steps_per_epoch: 0
[2025-10-20 14:49:14][RANK DRIVER][INFO] [ERROR] Training data preparation failed.
