[2025-10-16 20:27:43][RANK 0][INFO] Initializing Dataloaders...
[2025-10-16 20:27:43][RANK 0][INFO] Dataloaders initialized.
[2025-10-16 20:27:44][RANK 0][INFO] Starting training for LSTM model...
[2025-10-16 20:27:44][RANK 0][INFO] Starting Epoch 1/35
[2025-10-17 02:37:42][RANK 0][INFO] Starting validation...
[2025-10-17 03:10:21][RANK 0][INFO] EPOCH 1 SUMMARY: Val Loss: 0.5257 | Val Acc: 0.7756
[2025-10-17 03:10:21][RANK 0][INFO] New best val_acc: 0.7756. Saving model...
[2025-10-17 03:10:23][RANK 0][INFO] Starting Epoch 2/35
[2025-10-17 15:51:47][RANK 0][INFO] Initializing Dataloaders...
[2025-10-17 15:51:47][RANK 0][INFO] Dataloaders initialized.
[2025-10-17 15:51:48][RANK 0][INFO] Starting training for LSTM model...
[2025-10-17 15:51:48][RANK 0][INFO] Starting Epoch 1/35
[2025-10-17 21:49:11][RANK 0][INFO] Starting validation...
[2025-10-17 22:19:41][RANK 0][INFO] EPOCH 1 SUMMARY: Val Loss: 0.4872 | Val Acc: 0.7875
[2025-10-17 22:19:41][RANK 0][INFO] New best val_acc: 0.7875. Saving model...
[2025-10-17 22:19:43][RANK 0][INFO] Starting Epoch 2/35
[2025-10-18 04:21:14][RANK 0][INFO] Starting validation...
[2025-10-18 04:51:33][RANK 0][INFO] EPOCH 2 SUMMARY: Val Loss: 0.3557 | Val Acc: 0.8393
[2025-10-18 04:51:33][RANK 0][INFO] New best val_acc: 0.8393. Saving model...
[2025-10-18 04:51:34][RANK 0][INFO] Starting Epoch 3/35
[2025-10-18 10:39:01][RANK 0][INFO] Starting validation...
[2025-10-18 11:09:59][RANK 0][INFO] EPOCH 3 SUMMARY: Val Loss: 0.2775 | Val Acc: 0.8994
[2025-10-18 11:09:59][RANK 0][INFO] New best val_acc: 0.8994. Saving model...
[2025-10-18 11:10:00][RANK 0][INFO] Starting Epoch 4/35
[2025-10-18 17:11:34][RANK 0][INFO] Starting validation...
[2025-10-18 17:42:24][RANK 0][INFO] EPOCH 4 SUMMARY: Val Loss: 0.2832 | Val Acc: 0.8922
[2025-10-18 17:42:25][RANK 0][INFO] Starting Epoch 5/35
[2025-10-18 23:46:36][RANK 0][INFO] Starting validation...
[2025-10-19 00:17:18][RANK 0][INFO] EPOCH 5 SUMMARY: Val Loss: 0.3192 | Val Acc: 0.9059
[2025-10-19 00:17:18][RANK 0][INFO] New best val_acc: 0.9059. Saving model...
[2025-10-19 00:17:20][RANK 0][INFO] Starting Epoch 6/35
[2025-10-19 05:57:25][RANK 0][INFO] Starting validation...
[2025-10-19 06:25:41][RANK 0][INFO] EPOCH 6 SUMMARY: Val Loss: 0.2740 | Val Acc: 0.8939
[2025-10-19 06:25:42][RANK 0][INFO] Starting Epoch 7/35
[2025-10-19 11:51:01][RANK 0][INFO] Starting validation...
[2025-10-19 12:19:09][RANK 0][INFO] EPOCH 7 SUMMARY: Val Loss: 0.2396 | Val Acc: 0.9134
[2025-10-19 12:19:09][RANK 0][INFO] New best val_acc: 0.9134. Saving model...
[2025-10-19 12:19:10][RANK 0][INFO] Starting Epoch 8/35
[2025-10-19 17:42:17][RANK 0][INFO] Starting validation...
[2025-10-19 18:10:09][RANK 0][INFO] EPOCH 8 SUMMARY: Val Loss: 0.2718 | Val Acc: 0.8912
[2025-10-19 18:10:10][RANK 0][INFO] Starting Epoch 9/35
[2025-10-19 23:33:27][RANK 0][INFO] Starting validation...
[2025-10-20 00:01:26][RANK 0][INFO] EPOCH 9 SUMMARY: Val Loss: 0.2739 | Val Acc: 0.9018
[2025-10-20 00:01:27][RANK 0][INFO] Starting Epoch 10/35
[2025-10-20 05:23:30][RANK 0][INFO] Starting validation...
[2025-10-20 05:51:38][RANK 0][INFO] EPOCH 10 SUMMARY: Val Loss: 0.2975 | Val Acc: 0.8788
[2025-10-20 05:51:39][RANK 0][INFO] Starting Epoch 11/35
[2025-10-20 11:32:32][RANK 0][INFO] Starting validation...
[2025-10-20 12:02:17][RANK 0][INFO] EPOCH 11 SUMMARY: Val Loss: 0.2693 | Val Acc: 0.9172
[2025-10-20 12:02:17][RANK 0][INFO] New best val_acc: 0.9172. Saving model...
[2025-10-20 12:02:18][RANK 0][INFO] Starting Epoch 12/35
[2025-10-20 17:51:18][RANK 0][INFO] Starting validation...
[2025-10-20 18:22:21][RANK 0][INFO] EPOCH 12 SUMMARY: Val Loss: 0.2736 | Val Acc: 0.9060
[2025-10-20 18:22:22][RANK 0][INFO] Starting Epoch 13/35
[2025-10-21 00:30:41][RANK 0][INFO] Starting validation...
[2025-10-21 01:01:32][RANK 0][INFO] EPOCH 13 SUMMARY: Val Loss: 0.2772 | Val Acc: 0.9037
[2025-10-21 01:01:34][RANK 0][INFO] Starting Epoch 14/35
[2025-10-21 07:09:32][RANK 0][INFO] Starting validation...
[2025-10-21 07:40:32][RANK 0][INFO] EPOCH 14 SUMMARY: Val Loss: 0.2724 | Val Acc: 0.8942
[2025-10-21 07:40:34][RANK 0][INFO] Starting Epoch 15/35
[2025-10-21 13:48:07][RANK 0][INFO] Starting validation...
[2025-10-21 14:18:57][RANK 0][INFO] EPOCH 15 SUMMARY: Val Loss: 0.3422 | Val Acc: 0.9041
[2025-10-21 14:18:58][RANK 0][INFO] Starting Epoch 16/35
[2025-10-21 20:14:33][RANK 0][INFO] Starting validation...
[2025-10-21 20:44:12][RANK 0][INFO] EPOCH 16 SUMMARY: Val Loss: 0.2978 | Val Acc: 0.9136
[2025-10-21 20:44:13][RANK 0][INFO] Starting Epoch 17/35
[2025-10-22 02:27:46][RANK 0][INFO] Starting validation...
[2025-10-22 02:57:20][RANK 0][INFO] EPOCH 17 SUMMARY: Val Loss: 0.2609 | Val Acc: 0.9100
[2025-10-22 02:57:21][RANK 0][INFO] Starting Epoch 18/35
[2025-10-22 08:37:33][RANK 0][INFO] Starting validation...
[2025-10-22 09:06:43][RANK 0][INFO] EPOCH 18 SUMMARY: Val Loss: 0.4233 | Val Acc: 0.9123
[2025-10-22 09:06:45][RANK 0][INFO] Starting Epoch 19/35
[2025-10-22 14:48:37][RANK 0][INFO] Starting validation...
[2025-10-22 15:20:15][RANK 0][INFO] EPOCH 19 SUMMARY: Val Loss: 0.3326 | Val Acc: 0.9198
[2025-10-22 15:20:15][RANK 0][INFO] New best val_acc: 0.9198. Saving model...
[2025-10-22 15:20:17][RANK 0][INFO] Starting Epoch 20/35
[2025-10-22 21:13:35][RANK 0][INFO] Starting validation...
[2025-10-22 21:42:21][RANK 0][INFO] EPOCH 20 SUMMARY: Val Loss: 0.2400 | Val Acc: 0.9164
[2025-10-22 21:42:22][RANK 0][INFO] Starting Epoch 21/35
[2025-10-23 03:09:01][RANK 0][INFO] Starting validation...
[2025-10-23 03:36:07][RANK 0][INFO] EPOCH 21 SUMMARY: Val Loss: 0.2673 | Val Acc: 0.9039
[2025-10-23 03:36:08][RANK 0][INFO] Starting Epoch 22/35
[2025-10-23 08:50:04][RANK 0][INFO] Starting validation...
[2025-10-23 09:16:59][RANK 0][INFO] EPOCH 22 SUMMARY: Val Loss: 0.3027 | Val Acc: 0.8814
[2025-10-23 09:17:00][RANK 0][INFO] Starting Epoch 23/35
[2025-10-23 14:28:38][RANK 0][INFO] Starting validation...
[2025-10-23 14:55:00][RANK 0][INFO] EPOCH 23 SUMMARY: Val Loss: 0.2586 | Val Acc: 0.9123
[2025-10-23 14:55:01][RANK 0][INFO] Starting Epoch 24/35
[2025-10-23 20:35:40][RANK 0][INFO] Starting validation...
[2025-10-23 21:03:04][RANK 0][INFO] EPOCH 24 SUMMARY: Val Loss: 0.3254 | Val Acc: 0.8829
[2025-10-23 21:03:05][RANK 0][INFO] Starting Epoch 25/35
[2025-10-24 02:27:25][RANK 0][INFO] Starting validation...
[2025-10-24 02:57:18][RANK 0][INFO] EPOCH 25 SUMMARY: Val Loss: 0.2634 | Val Acc: 0.8956
[2025-10-24 02:57:19][RANK 0][INFO] Starting Epoch 26/35
[2025-10-24 08:45:17][RANK 0][INFO] Starting validation...
[2025-10-24 09:15:17][RANK 0][INFO] EPOCH 26 SUMMARY: Val Loss: 0.3038 | Val Acc: 0.9018
[2025-10-24 09:15:18][RANK 0][INFO] Starting Epoch 27/35
[2025-10-24 15:05:27][RANK 0][INFO] Starting validation...
[2025-10-24 15:34:50][RANK 0][INFO] EPOCH 27 SUMMARY: Val Loss: 0.2867 | Val Acc: 0.8950
[2025-10-24 15:34:51][RANK 0][INFO] Starting Epoch 28/35
[2025-10-24 21:22:44][RANK 0][INFO] Starting validation...
[2025-10-24 21:52:25][RANK 0][INFO] EPOCH 28 SUMMARY: Val Loss: 0.2806 | Val Acc: 0.9072
[2025-10-24 21:52:27][RANK 0][INFO] Starting Epoch 29/35
[2025-10-25 03:24:17][RANK 0][INFO] Starting validation...
[2025-10-25 03:51:37][RANK 0][INFO] EPOCH 29 SUMMARY: Val Loss: 0.2679 | Val Acc: 0.9021
[2025-10-25 03:51:38][RANK 0][INFO] Starting Epoch 30/35
[2025-10-25 09:10:04][RANK 0][INFO] Starting validation...
[2025-10-25 09:37:46][RANK 0][INFO] EPOCH 30 SUMMARY: Val Loss: 0.2568 | Val Acc: 0.9063
[2025-10-25 09:37:47][RANK 0][INFO] Starting Epoch 31/35
[2025-10-25 14:55:49][RANK 0][INFO] Starting validation...
[2025-10-25 15:23:03][RANK 0][INFO] EPOCH 31 SUMMARY: Val Loss: 0.3428 | Val Acc: 0.9110
[2025-10-25 15:23:04][RANK 0][INFO] Starting Epoch 32/35
[2025-10-25 20:40:03][RANK 0][INFO] Starting validation...
[2025-10-25 21:07:18][RANK 0][INFO] EPOCH 32 SUMMARY: Val Loss: 0.2713 | Val Acc: 0.9011
[2025-10-25 21:07:19][RANK 0][INFO] Starting Epoch 33/35
[2025-10-26 02:23:25][RANK 0][INFO] Starting validation...
[2025-10-26 02:50:50][RANK 0][INFO] EPOCH 33 SUMMARY: Val Loss: 0.2690 | Val Acc: 0.9192
[2025-10-26 02:50:51][RANK 0][INFO] Starting Epoch 34/35
[2025-10-26 09:05:01][RANK 0][INFO] EPOCH 34 SUMMARY: Val Loss: 0.3735 | Val Acc: 0.8713
[2025-10-26 09:05:02][RANK 0][INFO] Starting Epoch 35/35
[2025-10-26 09:16:45][RANK 0][INFO] EPOCH 2 SUMMARY: Val Loss: 0.2617 | Val Acc: 0.9071
[2025-10-26 09:16:45][RANK 0][INFO] New best val_acc: 0.9071. Saving model...
[2025-10-26 15:54:33][RANK 0][INFO] EPOCH 35 SUMMARY: Val Loss: 0.3649 | Val Acc: 0.9095
[2025-10-26 15:54:34][RANK 0][INFO] Uploading model from /tmp/model_upload to hdfs://master:9000/usr/ubuntu/results-ultra_lstm_20251017_153657
