[2025-10-15 18:44:02][RANK 0][INFO] Initializing Dataloaders...
[2025-10-15 18:44:02][RANK 0][INFO] Dataloaders initialized.
[2025-10-15 18:44:03][RANK 0][INFO] Starting training for GRU model...
[2025-10-15 18:44:03][RANK 0][INFO] Starting Epoch 1/10
[2025-10-15 20:06:00][RANK 0][INFO] Starting validation...
[2025-10-15 20:17:06][RANK 0][INFO] EPOCH 1 SUMMARY: Val Loss: 0.6928 | Val Acc: 0.7387
[2025-10-15 20:17:06][RANK 0][INFO] New best val_acc: 0.7387. Saving model...
[2025-10-15 20:17:08][RANK 0][INFO] Starting Epoch 2/10
[2025-10-15 21:39:51][RANK 0][INFO] Starting validation...
[2025-10-15 21:50:14][RANK 0][INFO] EPOCH 2 SUMMARY: Val Loss: 0.6347 | Val Acc: 0.7572
[2025-10-15 21:50:14][RANK 0][INFO] New best val_acc: 0.7572. Saving model...
[2025-10-15 21:50:15][RANK 0][INFO] Starting Epoch 3/10
[2025-10-15 23:13:10][RANK 0][INFO] Starting validation...
[2025-10-15 23:23:40][RANK 0][INFO] EPOCH 3 SUMMARY: Val Loss: 0.6537 | Val Acc: 0.7432
[2025-10-15 23:23:41][RANK 0][INFO] Starting Epoch 4/10
[2025-10-16 00:46:25][RANK 0][INFO] Starting validation...
[2025-10-16 00:57:26][RANK 0][INFO] EPOCH 4 SUMMARY: Val Loss: 0.5653 | Val Acc: 0.7718
[2025-10-16 00:57:26][RANK 0][INFO] New best val_acc: 0.7718. Saving model...
[2025-10-16 00:57:27][RANK 0][INFO] Starting Epoch 5/10
[2025-10-16 02:19:47][RANK 0][INFO] Starting validation...
[2025-10-16 02:30:46][RANK 0][INFO] EPOCH 5 SUMMARY: Val Loss: 0.5721 | Val Acc: 0.7692
[2025-10-16 02:30:48][RANK 0][INFO] Starting Epoch 6/10
[2025-10-16 03:52:41][RANK 0][INFO] Starting validation...
[2025-10-16 04:03:02][RANK 0][INFO] EPOCH 6 SUMMARY: Val Loss: 0.5639 | Val Acc: 0.7672
[2025-10-16 04:03:03][RANK 0][INFO] Starting Epoch 7/10
[2025-10-16 05:25:27][RANK 0][INFO] Starting validation...
[2025-10-16 05:35:58][RANK 0][INFO] EPOCH 7 SUMMARY: Val Loss: 0.6198 | Val Acc: 0.7558
[2025-10-16 05:35:59][RANK 0][INFO] Starting Epoch 8/10
[2025-10-16 06:57:53][RANK 0][INFO] Starting validation...
[2025-10-16 07:09:09][RANK 0][INFO] EPOCH 8 SUMMARY: Val Loss: 0.5613 | Val Acc: 0.7641
[2025-10-16 07:09:11][RANK 0][INFO] Starting Epoch 9/10
[2025-10-16 08:30:31][RANK 0][INFO] Starting validation...
[2025-10-16 08:41:15][RANK 0][INFO] EPOCH 9 SUMMARY: Val Loss: 0.5170 | Val Acc: 0.7673
[2025-10-16 08:41:16][RANK 0][INFO] Starting Epoch 10/10
[2025-10-16 10:03:10][RANK 0][INFO] Starting validation...
[2025-10-16 10:13:22][RANK 0][INFO] EPOCH 10 SUMMARY: Val Loss: 0.5294 | Val Acc: 0.7593
[2025-10-16 10:13:23][RANK 0][INFO] Uploading model from /tmp/model_upload to hdfs://master:9000/usr/ubuntu/results-ultra_gru_20251015_182921
