[2025-10-24 00:29:39][RANK 0][INFO] Initializing Dataloaders...
[2025-10-24 00:29:39][RANK 0][INFO] Dataloaders initialized.
[2025-10-24 00:29:42][RANK 0][INFO] Starting training for RNN model...
[2025-10-24 00:29:42][RANK 0][INFO] Starting Epoch 1/100
[2025-10-24 00:37:34][RANK 0][INFO] Starting validation...
[2025-10-24 00:44:34][RANK 0][INFO] EPOCH 1 SUMMARY: Val Loss: 0.4301 | Val Acc: 0.8384
[2025-10-24 00:44:34][RANK 0][INFO] New best val_acc: 0.8384. Saving model...
[2025-10-24 00:44:36][RANK 0][INFO] Starting Epoch 2/100
[2025-10-24 00:51:56][RANK 0][INFO] Starting validation...
[2025-10-24 00:59:05][RANK 0][INFO] EPOCH 2 SUMMARY: Val Loss: 0.3519 | Val Acc: 0.8680
[2025-10-24 00:59:05][RANK 0][INFO] New best val_acc: 0.8680. Saving model...
[2025-10-24 00:59:06][RANK 0][INFO] Starting Epoch 3/100
[2025-10-24 01:06:24][RANK 0][INFO] Starting validation...
[2025-10-24 01:13:28][RANK 0][INFO] EPOCH 3 SUMMARY: Val Loss: 0.3132 | Val Acc: 0.8900
[2025-10-24 01:13:28][RANK 0][INFO] New best val_acc: 0.8900. Saving model...
[2025-10-24 01:13:29][RANK 0][INFO] Starting Epoch 4/100
[2025-10-24 01:20:45][RANK 0][INFO] Starting validation...
[2025-10-24 01:27:48][RANK 0][INFO] EPOCH 4 SUMMARY: Val Loss: 0.3081 | Val Acc: 0.8942
[2025-10-24 01:27:48][RANK 0][INFO] New best val_acc: 0.8942. Saving model...
[2025-10-24 01:27:49][RANK 0][INFO] Starting Epoch 5/100
[2025-10-24 01:35:06][RANK 0][INFO] Starting validation...
[2025-10-24 01:42:15][RANK 0][INFO] EPOCH 5 SUMMARY: Val Loss: 0.2846 | Val Acc: 0.9017
[2025-10-24 01:42:15][RANK 0][INFO] New best val_acc: 0.9017. Saving model...
[2025-10-24 01:42:16][RANK 0][INFO] Starting Epoch 6/100
[2025-10-24 01:49:32][RANK 0][INFO] Starting validation...
[2025-10-24 01:56:36][RANK 0][INFO] EPOCH 6 SUMMARY: Val Loss: 0.2794 | Val Acc: 0.9040
[2025-10-24 01:56:36][RANK 0][INFO] New best val_acc: 0.9040. Saving model...
[2025-10-24 01:56:37][RANK 0][INFO] Starting Epoch 7/100
[2025-10-24 02:03:55][RANK 0][INFO] Starting validation...
[2025-10-24 02:11:01][RANK 0][INFO] EPOCH 7 SUMMARY: Val Loss: 0.2465 | Val Acc: 0.9180
[2025-10-24 02:11:01][RANK 0][INFO] New best val_acc: 0.9180. Saving model...
[2025-10-24 02:11:02][RANK 0][INFO] Starting Epoch 8/100
[2025-10-24 02:18:18][RANK 0][INFO] Starting validation...
[2025-10-24 02:25:30][RANK 0][INFO] EPOCH 8 SUMMARY: Val Loss: 0.2413 | Val Acc: 0.9193
[2025-10-24 02:25:30][RANK 0][INFO] New best val_acc: 0.9193. Saving model...
[2025-10-24 02:25:31][RANK 0][INFO] Starting Epoch 9/100
[2025-10-24 02:32:45][RANK 0][INFO] Starting validation...
[2025-10-24 02:39:54][RANK 0][INFO] EPOCH 9 SUMMARY: Val Loss: 0.2332 | Val Acc: 0.9207
[2025-10-24 02:39:54][RANK 0][INFO] New best val_acc: 0.9207. Saving model...
[2025-10-24 02:39:56][RANK 0][INFO] Starting Epoch 10/100
[2025-10-24 02:47:11][RANK 0][INFO] Starting validation...
[2025-10-24 02:54:25][RANK 0][INFO] EPOCH 10 SUMMARY: Val Loss: 0.2388 | Val Acc: 0.9194
[2025-10-24 02:54:26][RANK 0][INFO] Starting Epoch 11/100
[2025-10-24 03:01:42][RANK 0][INFO] Starting validation...
[2025-10-24 03:08:51][RANK 0][INFO] EPOCH 11 SUMMARY: Val Loss: 0.2212 | Val Acc: 0.9274
[2025-10-24 03:08:51][RANK 0][INFO] New best val_acc: 0.9274. Saving model...
[2025-10-24 03:08:52][RANK 0][INFO] Starting Epoch 12/100
[2025-10-24 03:16:09][RANK 0][INFO] Starting validation...
[2025-10-24 03:23:19][RANK 0][INFO] EPOCH 12 SUMMARY: Val Loss: 0.2189 | Val Acc: 0.9280
[2025-10-24 03:23:19][RANK 0][INFO] New best val_acc: 0.9280. Saving model...
[2025-10-24 03:23:20][RANK 0][INFO] Starting Epoch 13/100
[2025-10-24 03:30:35][RANK 0][INFO] Starting validation...
[2025-10-24 03:37:42][RANK 0][INFO] EPOCH 13 SUMMARY: Val Loss: 0.2152 | Val Acc: 0.9277
[2025-10-24 03:37:43][RANK 0][INFO] Starting Epoch 14/100
[2025-10-24 03:44:59][RANK 0][INFO] Starting validation...
[2025-10-24 03:52:04][RANK 0][INFO] EPOCH 14 SUMMARY: Val Loss: 0.2106 | Val Acc: 0.9311
[2025-10-24 03:52:04][RANK 0][INFO] New best val_acc: 0.9311. Saving model...
[2025-10-24 03:52:05][RANK 0][INFO] Starting Epoch 15/100
[2025-10-24 03:59:22][RANK 0][INFO] Starting validation...
[2025-10-24 04:06:30][RANK 0][INFO] EPOCH 15 SUMMARY: Val Loss: 0.2168 | Val Acc: 0.9287
[2025-10-24 04:06:31][RANK 0][INFO] Starting Epoch 16/100
[2025-10-24 04:13:46][RANK 0][INFO] Starting validation...
[2025-10-24 04:20:53][RANK 0][INFO] EPOCH 16 SUMMARY: Val Loss: 0.2147 | Val Acc: 0.9283
[2025-10-24 04:20:54][RANK 0][INFO] Starting Epoch 17/100
[2025-10-24 04:28:08][RANK 0][INFO] Starting validation...
[2025-10-24 04:35:19][RANK 0][INFO] EPOCH 17 SUMMARY: Val Loss: 0.2270 | Val Acc: 0.9266
[2025-10-24 04:35:20][RANK 0][INFO] Starting Epoch 18/100
[2025-10-24 04:42:35][RANK 0][INFO] Starting validation...
[2025-10-24 04:49:45][RANK 0][INFO] EPOCH 18 SUMMARY: Val Loss: 0.2153 | Val Acc: 0.9283
[2025-10-24 04:49:46][RANK 0][INFO] Starting Epoch 19/100
[2025-10-24 04:57:02][RANK 0][INFO] Starting validation...
[2025-10-24 05:04:09][RANK 0][INFO] EPOCH 19 SUMMARY: Val Loss: 0.2073 | Val Acc: 0.9314
[2025-10-24 05:04:09][RANK 0][INFO] New best val_acc: 0.9314. Saving model...
[2025-10-24 05:04:10][RANK 0][INFO] Starting Epoch 20/100
[2025-10-24 05:11:28][RANK 0][INFO] Starting validation...
[2025-10-24 05:18:35][RANK 0][INFO] EPOCH 20 SUMMARY: Val Loss: 0.2041 | Val Acc: 0.9317
[2025-10-24 05:18:35][RANK 0][INFO] New best val_acc: 0.9317. Saving model...
[2025-10-24 05:18:36][RANK 0][INFO] Starting Epoch 21/100
[2025-10-24 05:25:53][RANK 0][INFO] Starting validation...
[2025-10-24 05:33:02][RANK 0][INFO] EPOCH 21 SUMMARY: Val Loss: 0.2154 | Val Acc: 0.9268
[2025-10-24 05:33:03][RANK 0][INFO] Starting Epoch 22/100
[2025-10-24 05:40:19][RANK 0][INFO] Starting validation...
[2025-10-24 05:47:31][RANK 0][INFO] EPOCH 22 SUMMARY: Val Loss: 0.2027 | Val Acc: 0.9316
[2025-10-24 05:47:32][RANK 0][INFO] Starting Epoch 23/100
[2025-10-24 05:54:52][RANK 0][INFO] Starting validation...
[2025-10-24 06:02:03][RANK 0][INFO] EPOCH 23 SUMMARY: Val Loss: 0.2227 | Val Acc: 0.9246
[2025-10-24 06:02:04][RANK 0][INFO] Starting Epoch 24/100
[2025-10-24 06:09:20][RANK 0][INFO] Starting validation...
[2025-10-24 06:16:29][RANK 0][INFO] EPOCH 24 SUMMARY: Val Loss: 0.2066 | Val Acc: 0.9319
[2025-10-24 06:16:29][RANK 0][INFO] New best val_acc: 0.9319. Saving model...
[2025-10-24 06:16:30][RANK 0][INFO] Starting Epoch 25/100
[2025-10-24 06:23:46][RANK 0][INFO] Starting validation...
[2025-10-24 06:30:57][RANK 0][INFO] EPOCH 25 SUMMARY: Val Loss: 0.2147 | Val Acc: 0.9309
[2025-10-24 06:30:58][RANK 0][INFO] Starting Epoch 26/100
[2025-10-24 06:38:14][RANK 0][INFO] Starting validation...
[2025-10-24 06:45:29][RANK 0][INFO] EPOCH 26 SUMMARY: Val Loss: 0.2066 | Val Acc: 0.9315
[2025-10-24 06:45:30][RANK 0][INFO] Starting Epoch 27/100
[2025-10-24 06:52:43][RANK 0][INFO] Starting validation...
[2025-10-24 06:59:56][RANK 0][INFO] EPOCH 27 SUMMARY: Val Loss: 0.2064 | Val Acc: 0.9319
[2025-10-24 06:59:56][RANK 0][INFO] New best val_acc: 0.9319. Saving model...
[2025-10-24 06:59:57][RANK 0][INFO] Starting Epoch 28/100
[2025-10-24 07:07:13][RANK 0][INFO] Starting validation...
[2025-10-24 07:14:25][RANK 0][INFO] EPOCH 28 SUMMARY: Val Loss: 0.2165 | Val Acc: 0.9279
[2025-10-24 07:14:26][RANK 0][INFO] Starting Epoch 29/100
[2025-10-24 07:21:41][RANK 0][INFO] Starting validation...
[2025-10-24 07:28:58][RANK 0][INFO] EPOCH 29 SUMMARY: Val Loss: 0.2043 | Val Acc: 0.9323
[2025-10-24 07:28:58][RANK 0][INFO] New best val_acc: 0.9323. Saving model...
[2025-10-24 07:28:59][RANK 0][INFO] Starting Epoch 30/100
[2025-10-24 07:36:13][RANK 0][INFO] Starting validation...
[2025-10-24 07:43:20][RANK 0][INFO] EPOCH 30 SUMMARY: Val Loss: 0.2074 | Val Acc: 0.9325
[2025-10-24 07:43:20][RANK 0][INFO] New best val_acc: 0.9325. Saving model...
[2025-10-24 07:43:21][RANK 0][INFO] Starting Epoch 31/100
[2025-10-24 07:50:37][RANK 0][INFO] Starting validation...
[2025-10-24 07:58:03][RANK 0][INFO] EPOCH 31 SUMMARY: Val Loss: 0.2058 | Val Acc: 0.9338
[2025-10-24 07:58:03][RANK 0][INFO] New best val_acc: 0.9338. Saving model...
[2025-10-24 07:58:04][RANK 0][INFO] Starting Epoch 32/100
[2025-10-24 08:05:22][RANK 0][INFO] Starting validation...
[2025-10-24 08:12:28][RANK 0][INFO] EPOCH 32 SUMMARY: Val Loss: 0.2033 | Val Acc: 0.9324
[2025-10-24 08:12:29][RANK 0][INFO] Starting Epoch 33/100
[2025-10-24 08:19:40][RANK 0][INFO] Starting validation...
[2025-10-24 08:26:49][RANK 0][INFO] EPOCH 33 SUMMARY: Val Loss: 0.2022 | Val Acc: 0.9342
[2025-10-24 08:26:49][RANK 0][INFO] New best val_acc: 0.9342. Saving model...
[2025-10-24 08:26:50][RANK 0][INFO] Starting Epoch 34/100
[2025-10-24 08:34:06][RANK 0][INFO] Starting validation...
[2025-10-24 08:41:17][RANK 0][INFO] EPOCH 34 SUMMARY: Val Loss: 0.2106 | Val Acc: 0.9327
[2025-10-24 08:41:18][RANK 0][INFO] Starting Epoch 35/100
[2025-10-24 08:48:33][RANK 0][INFO] Starting validation...
[2025-10-24 08:55:49][RANK 0][INFO] EPOCH 35 SUMMARY: Val Loss: 0.2047 | Val Acc: 0.9335
[2025-10-24 08:55:50][RANK 0][INFO] Starting Epoch 36/100
[2025-10-24 09:03:05][RANK 0][INFO] Starting validation...
[2025-10-24 09:10:18][RANK 0][INFO] EPOCH 36 SUMMARY: Val Loss: 0.2015 | Val Acc: 0.9342
[2025-10-24 09:10:19][RANK 0][INFO] Starting Epoch 37/100
[2025-10-24 09:17:36][RANK 0][INFO] Starting validation...
[2025-10-24 09:24:51][RANK 0][INFO] EPOCH 37 SUMMARY: Val Loss: 0.2109 | Val Acc: 0.9294
[2025-10-24 09:24:52][RANK 0][INFO] Starting Epoch 38/100
[2025-10-24 09:32:09][RANK 0][INFO] Starting validation...
[2025-10-24 09:39:23][RANK 0][INFO] EPOCH 38 SUMMARY: Val Loss: 0.1891 | Val Acc: 0.9394
[2025-10-24 09:39:23][RANK 0][INFO] New best val_acc: 0.9394. Saving model...
[2025-10-24 09:39:25][RANK 0][INFO] Starting Epoch 39/100
[2025-10-24 09:46:40][RANK 0][INFO] Starting validation...
[2025-10-24 09:53:51][RANK 0][INFO] EPOCH 39 SUMMARY: Val Loss: 0.2077 | Val Acc: 0.9313
[2025-10-24 09:53:52][RANK 0][INFO] Starting Epoch 40/100
[2025-10-24 10:01:07][RANK 0][INFO] Starting validation...
[2025-10-24 10:08:21][RANK 0][INFO] EPOCH 40 SUMMARY: Val Loss: 0.2141 | Val Acc: 0.9296
[2025-10-24 10:08:22][RANK 0][INFO] Starting Epoch 41/100
[2025-10-24 10:15:36][RANK 0][INFO] Starting validation...
[2025-10-24 10:22:48][RANK 0][INFO] EPOCH 41 SUMMARY: Val Loss: 0.1963 | Val Acc: 0.9357
[2025-10-24 10:22:49][RANK 0][INFO] Starting Epoch 42/100
[2025-10-24 10:30:08][RANK 0][INFO] Starting validation...
[2025-10-24 10:37:22][RANK 0][INFO] EPOCH 42 SUMMARY: Val Loss: 0.2126 | Val Acc: 0.9293
[2025-10-24 10:37:23][RANK 0][INFO] Starting Epoch 43/100
[2025-10-24 10:44:41][RANK 0][INFO] Starting validation...
[2025-10-24 10:51:52][RANK 0][INFO] EPOCH 43 SUMMARY: Val Loss: 0.2097 | Val Acc: 0.9311
[2025-10-24 10:51:53][RANK 0][INFO] Starting Epoch 44/100
[2025-10-24 10:59:09][RANK 0][INFO] Starting validation...
[2025-10-24 11:06:22][RANK 0][INFO] EPOCH 44 SUMMARY: Val Loss: 0.2059 | Val Acc: 0.9339
[2025-10-24 11:06:23][RANK 0][INFO] Starting Epoch 45/100
[2025-10-24 11:13:36][RANK 0][INFO] Starting validation...
[2025-10-24 11:20:43][RANK 0][INFO] EPOCH 45 SUMMARY: Val Loss: 0.2042 | Val Acc: 0.9331
[2025-10-24 11:20:44][RANK 0][INFO] Starting Epoch 46/100
[2025-10-24 11:28:00][RANK 0][INFO] Starting validation...
[2025-10-24 11:35:14][RANK 0][INFO] EPOCH 46 SUMMARY: Val Loss: 0.2076 | Val Acc: 0.9326
[2025-10-24 11:35:15][RANK 0][INFO] Starting Epoch 47/100
[2025-10-24 11:42:29][RANK 0][INFO] Starting validation...
[2025-10-24 11:49:41][RANK 0][INFO] EPOCH 47 SUMMARY: Val Loss: 0.2036 | Val Acc: 0.9345
[2025-10-24 11:49:42][RANK 0][INFO] Starting Epoch 48/100
[2025-10-24 11:56:59][RANK 0][INFO] Starting validation...
[2025-10-24 12:04:15][RANK 0][INFO] EPOCH 48 SUMMARY: Val Loss: 0.1990 | Val Acc: 0.9361
[2025-10-24 12:04:16][RANK 0][INFO] Starting Epoch 49/100
[2025-10-24 12:11:33][RANK 0][INFO] Starting validation...
[2025-10-24 12:18:43][RANK 0][INFO] EPOCH 49 SUMMARY: Val Loss: 0.2077 | Val Acc: 0.9320
[2025-10-24 12:18:44][RANK 0][INFO] Starting Epoch 50/100
[2025-10-24 12:25:58][RANK 0][INFO] Starting validation...
[2025-10-24 12:33:06][RANK 0][INFO] EPOCH 50 SUMMARY: Val Loss: 0.2049 | Val Acc: 0.9326
[2025-10-24 12:33:07][RANK 0][INFO] Starting Epoch 51/100
[2025-10-24 12:40:20][RANK 0][INFO] Starting validation...
[2025-10-24 12:47:27][RANK 0][INFO] EPOCH 51 SUMMARY: Val Loss: 0.2052 | Val Acc: 0.9346
[2025-10-24 12:47:28][RANK 0][INFO] Starting Epoch 52/100
[2025-10-24 12:54:42][RANK 0][INFO] Starting validation...
[2025-10-24 13:01:49][RANK 0][INFO] EPOCH 52 SUMMARY: Val Loss: 0.2116 | Val Acc: 0.9314
[2025-10-24 13:01:50][RANK 0][INFO] Starting Epoch 53/100
[2025-10-24 13:09:05][RANK 0][INFO] Starting validation...
[2025-10-24 13:16:12][RANK 0][INFO] EPOCH 53 SUMMARY: Val Loss: 0.2059 | Val Acc: 0.9337
[2025-10-24 13:16:13][RANK 0][INFO] Starting Epoch 54/100
[2025-10-24 13:23:28][RANK 0][INFO] Starting validation...
[2025-10-24 13:30:41][RANK 0][INFO] EPOCH 54 SUMMARY: Val Loss: 0.2061 | Val Acc: 0.9319
[2025-10-24 13:30:42][RANK 0][INFO] Starting Epoch 55/100
[2025-10-24 13:37:53][RANK 0][INFO] Starting validation...
[2025-10-24 13:44:54][RANK 0][INFO] EPOCH 55 SUMMARY: Val Loss: 0.2047 | Val Acc: 0.9323
[2025-10-24 13:44:55][RANK 0][INFO] Starting Epoch 56/100
[2025-10-24 13:52:09][RANK 0][INFO] Starting validation...
[2025-10-24 13:59:18][RANK 0][INFO] EPOCH 56 SUMMARY: Val Loss: 0.2054 | Val Acc: 0.9350
[2025-10-24 13:59:19][RANK 0][INFO] Starting Epoch 57/100
[2025-10-24 14:06:33][RANK 0][INFO] Starting validation...
[2025-10-24 14:13:41][RANK 0][INFO] EPOCH 57 SUMMARY: Val Loss: 0.2073 | Val Acc: 0.9325
[2025-10-24 14:13:42][RANK 0][INFO] Starting Epoch 58/100
[2025-10-24 14:20:54][RANK 0][INFO] Starting validation...
[2025-10-24 14:28:12][RANK 0][INFO] EPOCH 58 SUMMARY: Val Loss: 0.2090 | Val Acc: 0.9327
[2025-10-24 14:28:13][RANK 0][INFO] Starting Epoch 59/100
[2025-10-24 14:35:28][RANK 0][INFO] Starting validation...
[2025-10-24 14:42:38][RANK 0][INFO] EPOCH 59 SUMMARY: Val Loss: 0.2070 | Val Acc: 0.9333
[2025-10-24 14:42:39][RANK 0][INFO] Starting Epoch 60/100
[2025-10-24 14:49:54][RANK 0][INFO] Starting validation...
[2025-10-24 14:57:03][RANK 0][INFO] EPOCH 60 SUMMARY: Val Loss: 0.2044 | Val Acc: 0.9326
[2025-10-24 14:57:04][RANK 0][INFO] Starting Epoch 61/100
[2025-10-24 15:04:18][RANK 0][INFO] Starting validation...
[2025-10-24 15:11:32][RANK 0][INFO] EPOCH 61 SUMMARY: Val Loss: 0.2029 | Val Acc: 0.9343
[2025-10-24 15:11:33][RANK 0][INFO] Starting Epoch 62/100
[2025-10-24 15:18:47][RANK 0][INFO] Starting validation...
[2025-10-24 15:25:56][RANK 0][INFO] EPOCH 62 SUMMARY: Val Loss: 0.1999 | Val Acc: 0.9358
[2025-10-24 15:25:57][RANK 0][INFO] Starting Epoch 63/100
[2025-10-24 15:33:11][RANK 0][INFO] Starting validation...
[2025-10-24 15:40:19][RANK 0][INFO] EPOCH 63 SUMMARY: Val Loss: 0.2042 | Val Acc: 0.9342
[2025-10-24 15:40:20][RANK 0][INFO] Starting Epoch 64/100
[2025-10-24 15:47:33][RANK 0][INFO] Starting validation...
[2025-10-24 15:54:47][RANK 0][INFO] EPOCH 64 SUMMARY: Val Loss: 0.2048 | Val Acc: 0.9339
[2025-10-24 15:54:48][RANK 0][INFO] Starting Epoch 65/100
[2025-10-24 16:02:00][RANK 0][INFO] Starting validation...
[2025-10-24 16:09:14][RANK 0][INFO] EPOCH 65 SUMMARY: Val Loss: 0.1993 | Val Acc: 0.9344
[2025-10-24 16:09:15][RANK 0][INFO] Starting Epoch 66/100
[2025-10-24 16:16:29][RANK 0][INFO] Starting validation...
[2025-10-24 16:23:31][RANK 0][INFO] EPOCH 66 SUMMARY: Val Loss: 0.2161 | Val Acc: 0.9289
[2025-10-24 16:23:33][RANK 0][INFO] Starting Epoch 67/100
[2025-10-24 16:30:48][RANK 0][INFO] Starting validation...
[2025-10-24 16:38:00][RANK 0][INFO] EPOCH 67 SUMMARY: Val Loss: 0.2037 | Val Acc: 0.9315
[2025-10-24 16:38:01][RANK 0][INFO] Starting Epoch 68/100
[2025-10-24 16:45:15][RANK 0][INFO] Starting validation...
[2025-10-24 16:52:29][RANK 0][INFO] EPOCH 68 SUMMARY: Val Loss: 0.2048 | Val Acc: 0.9347
[2025-10-24 16:52:30][RANK 0][INFO] Starting Epoch 69/100
[2025-10-24 16:59:43][RANK 0][INFO] Starting validation...
[2025-10-24 17:06:54][RANK 0][INFO] EPOCH 69 SUMMARY: Val Loss: 0.2060 | Val Acc: 0.9329
[2025-10-24 17:06:55][RANK 0][INFO] Starting Epoch 70/100
[2025-10-24 17:14:10][RANK 0][INFO] Starting validation...
[2025-10-24 17:21:20][RANK 0][INFO] EPOCH 70 SUMMARY: Val Loss: 0.1973 | Val Acc: 0.9336
[2025-10-24 17:21:21][RANK 0][INFO] Starting Epoch 71/100
[2025-10-24 17:28:35][RANK 0][INFO] Starting validation...
[2025-10-24 17:35:45][RANK 0][INFO] EPOCH 71 SUMMARY: Val Loss: 0.2074 | Val Acc: 0.9341
[2025-10-24 17:35:46][RANK 0][INFO] Starting Epoch 72/100
[2025-10-24 17:43:01][RANK 0][INFO] Starting validation...
[2025-10-24 17:50:15][RANK 0][INFO] EPOCH 72 SUMMARY: Val Loss: 0.2011 | Val Acc: 0.9347
[2025-10-24 17:50:16][RANK 0][INFO] Starting Epoch 73/100
[2025-10-24 17:57:30][RANK 0][INFO] Starting validation...
[2025-10-24 18:04:37][RANK 0][INFO] EPOCH 73 SUMMARY: Val Loss: 0.2015 | Val Acc: 0.9343
[2025-10-24 18:04:38][RANK 0][INFO] Starting Epoch 74/100
[2025-10-24 18:11:53][RANK 0][INFO] Starting validation...
[2025-10-24 18:19:05][RANK 0][INFO] EPOCH 74 SUMMARY: Val Loss: 0.1988 | Val Acc: 0.9355
[2025-10-24 18:19:06][RANK 0][INFO] Starting Epoch 75/100
[2025-10-24 18:26:21][RANK 0][INFO] Starting validation...
[2025-10-24 18:33:30][RANK 0][INFO] EPOCH 75 SUMMARY: Val Loss: 0.1958 | Val Acc: 0.9369
[2025-10-24 18:33:31][RANK 0][INFO] Starting Epoch 76/100
[2025-10-24 18:40:46][RANK 0][INFO] Starting validation...
[2025-10-24 18:48:02][RANK 0][INFO] EPOCH 76 SUMMARY: Val Loss: 0.1939 | Val Acc: 0.9384
[2025-10-24 18:48:03][RANK 0][INFO] Starting Epoch 77/100
[2025-10-24 18:55:21][RANK 0][INFO] Starting validation...
[2025-10-24 19:02:32][RANK 0][INFO] EPOCH 77 SUMMARY: Val Loss: 0.2023 | Val Acc: 0.9340
[2025-10-24 19:02:33][RANK 0][INFO] Starting Epoch 78/100
[2025-10-24 19:09:47][RANK 0][INFO] Starting validation...
[2025-10-24 19:16:58][RANK 0][INFO] EPOCH 78 SUMMARY: Val Loss: 0.1996 | Val Acc: 0.9362
[2025-10-24 19:16:59][RANK 0][INFO] Starting Epoch 79/100
[2025-10-24 19:24:15][RANK 0][INFO] Starting validation...
[2025-10-24 19:31:29][RANK 0][INFO] EPOCH 79 SUMMARY: Val Loss: 0.1972 | Val Acc: 0.9369
[2025-10-24 19:31:30][RANK 0][INFO] Starting Epoch 80/100
[2025-10-24 19:38:44][RANK 0][INFO] Starting validation...
[2025-10-24 19:45:54][RANK 0][INFO] EPOCH 80 SUMMARY: Val Loss: 0.2043 | Val Acc: 0.9334
[2025-10-24 19:45:55][RANK 0][INFO] Starting Epoch 81/100
[2025-10-24 19:53:12][RANK 0][INFO] Starting validation...
[2025-10-24 20:00:22][RANK 0][INFO] EPOCH 81 SUMMARY: Val Loss: 0.1954 | Val Acc: 0.9374
[2025-10-24 20:00:23][RANK 0][INFO] Starting Epoch 82/100
[2025-10-24 20:07:38][RANK 0][INFO] Starting validation...
[2025-10-24 20:14:49][RANK 0][INFO] EPOCH 82 SUMMARY: Val Loss: 0.2172 | Val Acc: 0.9287
[2025-10-24 20:14:50][RANK 0][INFO] Starting Epoch 83/100
[2025-10-24 20:22:06][RANK 0][INFO] Starting validation...
[2025-10-24 20:29:11][RANK 0][INFO] EPOCH 83 SUMMARY: Val Loss: 0.2011 | Val Acc: 0.9349
[2025-10-24 20:29:12][RANK 0][INFO] Starting Epoch 84/100
[2025-10-24 20:36:25][RANK 0][INFO] Starting validation...
[2025-10-24 20:43:31][RANK 0][INFO] EPOCH 84 SUMMARY: Val Loss: 0.2093 | Val Acc: 0.9328
[2025-10-24 20:43:32][RANK 0][INFO] Starting Epoch 85/100
[2025-10-24 20:50:47][RANK 0][INFO] Starting validation...
[2025-10-24 20:57:51][RANK 0][INFO] EPOCH 85 SUMMARY: Val Loss: 0.2111 | Val Acc: 0.9304
[2025-10-24 20:57:52][RANK 0][INFO] Starting Epoch 86/100
[2025-10-24 21:05:06][RANK 0][INFO] Starting validation...
[2025-10-24 21:12:17][RANK 0][INFO] EPOCH 86 SUMMARY: Val Loss: 0.2052 | Val Acc: 0.9328
[2025-10-24 21:12:18][RANK 0][INFO] Starting Epoch 87/100
[2025-10-24 21:19:32][RANK 0][INFO] Starting validation...
[2025-10-24 21:26:50][RANK 0][INFO] EPOCH 87 SUMMARY: Val Loss: 0.1959 | Val Acc: 0.9394
[2025-10-24 21:26:50][RANK 0][INFO] New best val_acc: 0.9394. Saving model...
[2025-10-24 21:26:51][RANK 0][INFO] Starting Epoch 88/100
[2025-10-24 21:34:04][RANK 0][INFO] Starting validation...
[2025-10-24 21:41:10][RANK 0][INFO] EPOCH 88 SUMMARY: Val Loss: 0.1868 | Val Acc: 0.9409
[2025-10-24 21:41:10][RANK 0][INFO] New best val_acc: 0.9409. Saving model...
[2025-10-24 21:41:11][RANK 0][INFO] Starting Epoch 89/100
[2025-10-24 21:48:30][RANK 0][INFO] Starting validation...
[2025-10-24 21:55:48][RANK 0][INFO] EPOCH 89 SUMMARY: Val Loss: 0.2054 | Val Acc: 0.9354
[2025-10-24 21:55:49][RANK 0][INFO] Starting Epoch 90/100
[2025-10-24 22:03:05][RANK 0][INFO] Starting validation...
[2025-10-24 22:10:16][RANK 0][INFO] EPOCH 90 SUMMARY: Val Loss: 0.1939 | Val Acc: 0.9390
[2025-10-24 22:10:17][RANK 0][INFO] Starting Epoch 91/100
[2025-10-24 22:17:37][RANK 0][INFO] Starting validation...
[2025-10-24 22:24:55][RANK 0][INFO] EPOCH 91 SUMMARY: Val Loss: 0.2021 | Val Acc: 0.9342
[2025-10-24 22:24:56][RANK 0][INFO] Starting Epoch 92/100
[2025-10-24 22:32:14][RANK 0][INFO] Starting validation...
[2025-10-24 22:39:29][RANK 0][INFO] EPOCH 92 SUMMARY: Val Loss: 0.1966 | Val Acc: 0.9352
[2025-10-24 22:39:31][RANK 0][INFO] Starting Epoch 93/100
[2025-10-24 22:46:49][RANK 0][INFO] Starting validation...
[2025-10-24 22:54:12][RANK 0][INFO] EPOCH 93 SUMMARY: Val Loss: 0.2002 | Val Acc: 0.9346
[2025-10-24 22:54:13][RANK 0][INFO] Starting Epoch 94/100
[2025-10-24 23:01:32][RANK 0][INFO] Starting validation...
[2025-10-24 23:09:04][RANK 0][INFO] EPOCH 94 SUMMARY: Val Loss: 0.2045 | Val Acc: 0.9336
[2025-10-24 23:09:05][RANK 0][INFO] Starting Epoch 95/100
[2025-10-24 23:16:27][RANK 0][INFO] Starting validation...
[2025-10-24 23:23:41][RANK 0][INFO] EPOCH 95 SUMMARY: Val Loss: 0.2080 | Val Acc: 0.9314
[2025-10-24 23:23:42][RANK 0][INFO] Starting Epoch 96/100
[2025-10-24 23:30:56][RANK 0][INFO] Starting validation...
[2025-10-24 23:38:13][RANK 0][INFO] EPOCH 96 SUMMARY: Val Loss: 0.2025 | Val Acc: 0.9352
[2025-10-24 23:38:14][RANK 0][INFO] Starting Epoch 97/100
[2025-10-24 23:45:29][RANK 0][INFO] Starting validation...
[2025-10-24 23:52:40][RANK 0][INFO] EPOCH 97 SUMMARY: Val Loss: 0.2017 | Val Acc: 0.9338
[2025-10-24 23:52:41][RANK 0][INFO] Starting Epoch 98/100
[2025-10-24 23:59:56][RANK 0][INFO] Starting validation...
[2025-10-25 00:07:06][RANK 0][INFO] EPOCH 98 SUMMARY: Val Loss: 0.2087 | Val Acc: 0.9343
[2025-10-25 00:07:07][RANK 0][INFO] Starting Epoch 99/100
[2025-10-25 00:14:20][RANK 0][INFO] Starting validation...
[2025-10-25 00:21:31][RANK 0][INFO] EPOCH 99 SUMMARY: Val Loss: 0.1891 | Val Acc: 0.9397
[2025-10-25 00:21:32][RANK 0][INFO] Starting Epoch 100/100
[2025-10-25 00:28:47][RANK 0][INFO] Starting validation...
[2025-10-25 00:36:01][RANK 0][INFO] EPOCH 100 SUMMARY: Val Loss: 0.1951 | Val Acc: 0.9369
[2025-10-25 00:36:02][RANK 0][INFO] Uploading model from /tmp/model_upload to hdfs://master:9000/usr/ubuntu/rnn_spark-cluster3_20251024_002329
