[2025-10-06 07:00:41][RANK 0][INFO] Initializing Dataloaders...
[2025-10-06 07:00:41][RANK 0][INFO] Dataloaders initialized.
[2025-10-06 07:00:42][RANK 0][INFO] Starting training for GRU model...
[2025-10-06 07:00:42][RANK 0][INFO] Starting Epoch 1/10
[2025-10-06 07:16:51][RANK 0][INFO] Starting validation...
[2025-10-06 07:26:52][RANK 0][INFO] EPOCH 1 SUMMARY: Val Loss: 1.2036 | Val Acc: 0.5591
[2025-10-06 07:26:52][RANK 0][INFO] New best val_acc: 0.5591. Saving model...
[2025-10-06 07:26:53][RANK 0][INFO] Starting Epoch 2/10
[2025-10-06 07:43:00][RANK 0][INFO] Starting validation...
[2025-10-06 07:52:41][RANK 0][INFO] EPOCH 2 SUMMARY: Val Loss: 1.0494 | Val Acc: 0.5348
[2025-10-06 07:52:42][RANK 0][INFO] Starting Epoch 3/10
[2025-10-06 08:08:51][RANK 0][INFO] Starting validation...
[2025-10-06 08:18:37][RANK 0][INFO] EPOCH 3 SUMMARY: Val Loss: 0.9395 | Val Acc: 0.6302
[2025-10-06 08:18:37][RANK 0][INFO] New best val_acc: 0.6302. Saving model...
[2025-10-06 08:18:38][RANK 0][INFO] Starting Epoch 4/10
[2025-10-06 08:34:56][RANK 0][INFO] Starting validation...
[2025-10-06 08:44:43][RANK 0][INFO] EPOCH 4 SUMMARY: Val Loss: 0.8307 | Val Acc: 0.6470
[2025-10-06 08:44:43][RANK 0][INFO] New best val_acc: 0.6470. Saving model...
[2025-10-06 08:44:44][RANK 0][INFO] Starting Epoch 5/10
[2025-10-06 09:01:05][RANK 0][INFO] Starting validation...
[2025-10-06 09:10:53][RANK 0][INFO] EPOCH 5 SUMMARY: Val Loss: 1.0536 | Val Acc: 0.6556
[2025-10-06 09:10:53][RANK 0][INFO] New best val_acc: 0.6556. Saving model...
[2025-10-06 09:10:54][RANK 0][INFO] Starting Epoch 6/10
[2025-10-06 09:27:02][RANK 0][INFO] Starting validation...
[2025-10-06 09:36:51][RANK 0][INFO] EPOCH 6 SUMMARY: Val Loss: 0.9097 | Val Acc: 0.6293
[2025-10-06 09:36:52][RANK 0][INFO] Starting Epoch 7/10
[2025-10-06 09:53:07][RANK 0][INFO] Starting validation...
[2025-10-06 10:02:45][RANK 0][INFO] EPOCH 7 SUMMARY: Val Loss: 0.8204 | Val Acc: 0.6963
[2025-10-06 10:02:45][RANK 0][INFO] New best val_acc: 0.6963. Saving model...
[2025-10-06 10:02:46][RANK 0][INFO] Starting Epoch 8/10
[2025-10-06 10:18:54][RANK 0][INFO] Starting validation...
[2025-10-06 10:28:41][RANK 0][INFO] EPOCH 8 SUMMARY: Val Loss: 1.3623 | Val Acc: 0.6203
[2025-10-06 10:28:42][RANK 0][INFO] Starting Epoch 9/10
[2025-10-06 10:44:51][RANK 0][INFO] Starting validation...
[2025-10-06 10:54:36][RANK 0][INFO] EPOCH 9 SUMMARY: Val Loss: 0.9843 | Val Acc: 0.5923
[2025-10-06 10:54:37][RANK 0][INFO] Starting Epoch 10/10
[2025-10-06 11:10:45][RANK 0][INFO] Starting validation...
[2025-10-06 11:20:33][RANK 0][INFO] EPOCH 10 SUMMARY: Val Loss: 0.8307 | Val Acc: 0.6715
[2025-10-06 11:20:34][RANK 0][INFO] Uploading model from /tmp/model_upload to hdfs://master:9000/usr/ubuntu/results-ultra_gru_20251006_065428
