[2025-10-10 12:47:33][RANK 0][INFO] Initializing Dataloaders...
[2025-10-10 12:47:33][RANK 0][INFO] Dataloaders initialized.
[2025-10-10 12:47:35][RANK 0][INFO] Starting training for GRU model...
[2025-10-10 12:47:35][RANK 0][INFO] Starting Epoch 1/10
[2025-10-10 13:04:01][RANK 0][INFO] Starting validation...
[2025-10-10 13:13:55][RANK 0][INFO] EPOCH 1 SUMMARY: Val Loss: 1.3725 | Val Acc: 0.5341
[2025-10-10 13:13:55][RANK 0][INFO] New best val_acc: 0.5341. Saving model...
[2025-10-10 13:13:57][RANK 0][INFO] Starting Epoch 2/10
[2025-10-10 13:30:09][RANK 0][INFO] Starting validation...
[2025-10-10 13:39:58][RANK 0][INFO] EPOCH 2 SUMMARY: Val Loss: 1.1316 | Val Acc: 0.5983
[2025-10-10 13:39:58][RANK 0][INFO] New best val_acc: 0.5983. Saving model...
[2025-10-10 13:39:59][RANK 0][INFO] Starting Epoch 3/10
[2025-10-10 13:56:06][RANK 0][INFO] Starting validation...
[2025-10-10 14:05:58][RANK 0][INFO] EPOCH 3 SUMMARY: Val Loss: 1.0342 | Val Acc: 0.6172
[2025-10-10 14:05:58][RANK 0][INFO] New best val_acc: 0.6172. Saving model...
[2025-10-10 14:05:59][RANK 0][INFO] Starting Epoch 4/10
[2025-10-10 14:22:05][RANK 0][INFO] Starting validation...
[2025-10-10 14:32:00][RANK 0][INFO] EPOCH 4 SUMMARY: Val Loss: 0.9801 | Val Acc: 0.6464
[2025-10-10 14:32:00][RANK 0][INFO] New best val_acc: 0.6464. Saving model...
[2025-10-10 14:32:01][RANK 0][INFO] Starting Epoch 5/10
[2025-10-10 14:48:06][RANK 0][INFO] Starting validation...
[2025-10-10 14:57:54][RANK 0][INFO] EPOCH 5 SUMMARY: Val Loss: 0.9297 | Val Acc: 0.6533
[2025-10-10 14:57:54][RANK 0][INFO] New best val_acc: 0.6533. Saving model...
[2025-10-10 14:57:56][RANK 0][INFO] Starting Epoch 6/10
[2025-10-10 15:13:58][RANK 0][INFO] Starting validation...
[2025-10-10 15:23:50][RANK 0][INFO] EPOCH 6 SUMMARY: Val Loss: 0.8930 | Val Acc: 0.6555
[2025-10-10 15:23:50][RANK 0][INFO] New best val_acc: 0.6555. Saving model...
[2025-10-10 15:23:51][RANK 0][INFO] Starting Epoch 7/10
[2025-10-10 15:39:53][RANK 0][INFO] Starting validation...
[2025-10-10 15:49:43][RANK 0][INFO] EPOCH 7 SUMMARY: Val Loss: 0.8535 | Val Acc: 0.6665
[2025-10-10 15:49:43][RANK 0][INFO] New best val_acc: 0.6665. Saving model...
[2025-10-10 15:49:45][RANK 0][INFO] Starting Epoch 8/10
[2025-10-10 16:05:48][RANK 0][INFO] Starting validation...
[2025-10-10 16:15:38][RANK 0][INFO] EPOCH 8 SUMMARY: Val Loss: 0.8166 | Val Acc: 0.6679
[2025-10-10 16:15:38][RANK 0][INFO] New best val_acc: 0.6679. Saving model...
[2025-10-10 16:15:39][RANK 0][INFO] Starting Epoch 9/10
[2025-10-10 16:31:44][RANK 0][INFO] Starting validation...
[2025-10-10 16:41:34][RANK 0][INFO] EPOCH 9 SUMMARY: Val Loss: 0.7791 | Val Acc: 0.6720
[2025-10-10 16:41:34][RANK 0][INFO] New best val_acc: 0.6720. Saving model...
[2025-10-10 16:41:35][RANK 0][INFO] Starting Epoch 10/10
[2025-10-10 16:57:39][RANK 0][INFO] Starting validation...
[2025-10-10 17:07:34][RANK 0][INFO] EPOCH 10 SUMMARY: Val Loss: 0.7470 | Val Acc: 0.6742
[2025-10-10 17:07:34][RANK 0][INFO] New best val_acc: 0.6742. Saving model...
[2025-10-10 17:07:36][RANK 0][INFO] Uploading model from /tmp/model_upload to hdfs://master:9000/usr/ubuntu/results-ultra_gru_20251010_124242
