[2025-10-16 20:38:48][RANK 0][INFO] Initializing Dataloaders...
[2025-10-16 20:38:48][RANK 0][INFO] Dataloaders initialized.
[2025-10-16 20:38:50][RANK 0][INFO] Starting training for GRU model...
[2025-10-16 20:38:50][RANK 0][INFO] Starting Epoch 1/100
[2025-10-16 20:50:08][RANK 0][INFO] Starting validation...
[2025-10-16 21:00:14][RANK 0][INFO] EPOCH 1 SUMMARY: Val Loss: 1.3969 | Val Acc: 0.5775
[2025-10-16 21:00:14][RANK 0][INFO] New best val_acc: 0.5775. Saving model...
[2025-10-16 21:00:16][RANK 0][INFO] Starting Epoch 2/100
[2025-10-16 21:11:29][RANK 0][INFO] Starting validation...
[2025-10-16 21:21:39][RANK 0][INFO] EPOCH 2 SUMMARY: Val Loss: 1.1413 | Val Acc: 0.5954
[2025-10-16 21:21:39][RANK 0][INFO] New best val_acc: 0.5954. Saving model...
[2025-10-16 21:21:40][RANK 0][INFO] Starting Epoch 3/100
[2025-10-16 21:33:00][RANK 0][INFO] Starting validation...
[2025-10-16 21:43:16][RANK 0][INFO] EPOCH 3 SUMMARY: Val Loss: 1.0082 | Val Acc: 0.6344
[2025-10-16 21:43:16][RANK 0][INFO] New best val_acc: 0.6344. Saving model...
[2025-10-16 21:43:17][RANK 0][INFO] Starting Epoch 4/100
[2025-10-16 21:54:45][RANK 0][INFO] Starting validation...
[2025-10-16 22:05:00][RANK 0][INFO] EPOCH 4 SUMMARY: Val Loss: 0.9425 | Val Acc: 0.6591
[2025-10-16 22:05:00][RANK 0][INFO] New best val_acc: 0.6591. Saving model...
[2025-10-16 22:05:01][RANK 0][INFO] Starting Epoch 5/100
[2025-10-16 22:16:19][RANK 0][INFO] Starting validation...
[2025-10-16 22:26:31][RANK 0][INFO] EPOCH 5 SUMMARY: Val Loss: 0.8913 | Val Acc: 0.6597
[2025-10-16 22:26:31][RANK 0][INFO] New best val_acc: 0.6597. Saving model...
[2025-10-16 22:26:33][RANK 0][INFO] Starting Epoch 6/100
[2025-10-16 22:37:43][RANK 0][INFO] Starting validation...
[2025-10-16 22:47:56][RANK 0][INFO] EPOCH 6 SUMMARY: Val Loss: 0.8502 | Val Acc: 0.6620
[2025-10-16 22:47:56][RANK 0][INFO] New best val_acc: 0.6620. Saving model...
[2025-10-16 22:47:57][RANK 0][INFO] Starting Epoch 7/100
[2025-10-16 22:59:10][RANK 0][INFO] Starting validation...
[2025-10-16 23:09:25][RANK 0][INFO] EPOCH 7 SUMMARY: Val Loss: 0.8109 | Val Acc: 0.6646
[2025-10-16 23:09:25][RANK 0][INFO] New best val_acc: 0.6646. Saving model...
[2025-10-16 23:09:26][RANK 0][INFO] Starting Epoch 8/100
[2025-10-16 23:20:31][RANK 0][INFO] Starting validation...
[2025-10-16 23:30:48][RANK 0][INFO] EPOCH 8 SUMMARY: Val Loss: 0.7760 | Val Acc: 0.6773
[2025-10-16 23:30:48][RANK 0][INFO] New best val_acc: 0.6773. Saving model...
[2025-10-16 23:30:49][RANK 0][INFO] Starting Epoch 9/100
[2025-10-16 23:42:02][RANK 0][INFO] Starting validation...
[2025-10-16 23:52:09][RANK 0][INFO] EPOCH 9 SUMMARY: Val Loss: 0.7385 | Val Acc: 0.7239
[2025-10-16 23:52:09][RANK 0][INFO] New best val_acc: 0.7239. Saving model...
[2025-10-16 23:52:10][RANK 0][INFO] Starting Epoch 10/100
[2025-10-17 00:03:19][RANK 0][INFO] Starting validation...
[2025-10-17 00:13:37][RANK 0][INFO] EPOCH 10 SUMMARY: Val Loss: 0.7128 | Val Acc: 0.7417
[2025-10-17 00:13:37][RANK 0][INFO] New best val_acc: 0.7417. Saving model...
[2025-10-17 00:13:38][RANK 0][INFO] Starting Epoch 11/100
[2025-10-17 00:24:35][RANK 0][INFO] Starting validation...
[2025-10-17 00:34:52][RANK 0][INFO] EPOCH 11 SUMMARY: Val Loss: 0.6887 | Val Acc: 0.7436
[2025-10-17 00:34:52][RANK 0][INFO] New best val_acc: 0.7436. Saving model...
[2025-10-17 00:34:53][RANK 0][INFO] Starting Epoch 12/100
[2025-10-17 00:46:07][RANK 0][INFO] Starting validation...
[2025-10-17 00:56:17][RANK 0][INFO] EPOCH 12 SUMMARY: Val Loss: 0.6622 | Val Acc: 0.7516
[2025-10-17 00:56:17][RANK 0][INFO] New best val_acc: 0.7516. Saving model...
[2025-10-17 00:56:18][RANK 0][INFO] Starting Epoch 13/100
[2025-10-17 01:07:13][RANK 0][INFO] Starting validation...
[2025-10-17 01:17:29][RANK 0][INFO] EPOCH 13 SUMMARY: Val Loss: 0.6495 | Val Acc: 0.7522
[2025-10-17 01:17:29][RANK 0][INFO] New best val_acc: 0.7522. Saving model...
[2025-10-17 01:17:30][RANK 0][INFO] Starting Epoch 14/100
[2025-10-17 01:28:39][RANK 0][INFO] Starting validation...
[2025-10-17 01:38:50][RANK 0][INFO] EPOCH 14 SUMMARY: Val Loss: 0.6312 | Val Acc: 0.7537
[2025-10-17 01:38:50][RANK 0][INFO] New best val_acc: 0.7537. Saving model...
[2025-10-17 01:38:51][RANK 0][INFO] Starting Epoch 15/100
[2025-10-17 01:49:56][RANK 0][INFO] Starting validation...
[2025-10-17 02:00:18][RANK 0][INFO] EPOCH 15 SUMMARY: Val Loss: 0.6236 | Val Acc: 0.7551
[2025-10-17 02:00:18][RANK 0][INFO] New best val_acc: 0.7551. Saving model...
[2025-10-17 02:00:19][RANK 0][INFO] Starting Epoch 16/100
[2025-10-17 02:11:13][RANK 0][INFO] Starting validation...
[2025-10-17 02:21:27][RANK 0][INFO] EPOCH 16 SUMMARY: Val Loss: 0.6138 | Val Acc: 0.7560
[2025-10-17 02:21:27][RANK 0][INFO] New best val_acc: 0.7560. Saving model...
[2025-10-17 02:21:28][RANK 0][INFO] Starting Epoch 17/100
[2025-10-17 02:32:40][RANK 0][INFO] Starting validation...
[2025-10-17 02:42:50][RANK 0][INFO] EPOCH 17 SUMMARY: Val Loss: 0.5998 | Val Acc: 0.7601
[2025-10-17 02:42:50][RANK 0][INFO] New best val_acc: 0.7601. Saving model...
[2025-10-17 02:42:51][RANK 0][INFO] Starting Epoch 18/100
[2025-10-17 02:53:54][RANK 0][INFO] Starting validation...
[2025-10-17 03:04:13][RANK 0][INFO] EPOCH 18 SUMMARY: Val Loss: 0.5918 | Val Acc: 0.7637
[2025-10-17 03:04:13][RANK 0][INFO] New best val_acc: 0.7637. Saving model...
[2025-10-17 03:04:14][RANK 0][INFO] Starting Epoch 19/100
[2025-10-17 03:15:21][RANK 0][INFO] Starting validation...
[2025-10-17 03:25:34][RANK 0][INFO] EPOCH 19 SUMMARY: Val Loss: 0.5783 | Val Acc: 0.7705
[2025-10-17 03:25:34][RANK 0][INFO] New best val_acc: 0.7705. Saving model...
[2025-10-17 03:25:35][RANK 0][INFO] Starting Epoch 20/100
[2025-10-17 03:36:45][RANK 0][INFO] Starting validation...
[2025-10-17 03:47:06][RANK 0][INFO] EPOCH 20 SUMMARY: Val Loss: 0.5688 | Val Acc: 0.7744
[2025-10-17 03:47:06][RANK 0][INFO] New best val_acc: 0.7744. Saving model...
[2025-10-17 03:47:08][RANK 0][INFO] Starting Epoch 21/100
[2025-10-17 03:58:09][RANK 0][INFO] Starting validation...
[2025-10-17 04:08:28][RANK 0][INFO] EPOCH 21 SUMMARY: Val Loss: 0.5591 | Val Acc: 0.7753
[2025-10-17 04:08:28][RANK 0][INFO] New best val_acc: 0.7753. Saving model...
[2025-10-17 04:08:29][RANK 0][INFO] Starting Epoch 22/100
[2025-10-17 04:19:36][RANK 0][INFO] Starting validation...
[2025-10-17 04:29:52][RANK 0][INFO] EPOCH 22 SUMMARY: Val Loss: 0.5509 | Val Acc: 0.7802
[2025-10-17 04:29:52][RANK 0][INFO] New best val_acc: 0.7802. Saving model...
[2025-10-17 04:29:53][RANK 0][INFO] Starting Epoch 23/100
[2025-10-17 04:41:02][RANK 0][INFO] Starting validation...
[2025-10-17 04:51:18][RANK 0][INFO] EPOCH 23 SUMMARY: Val Loss: 0.5444 | Val Acc: 0.7797
[2025-10-17 04:51:19][RANK 0][INFO] Starting Epoch 24/100
[2025-10-17 05:02:12][RANK 0][INFO] Starting validation...
[2025-10-17 05:12:30][RANK 0][INFO] EPOCH 24 SUMMARY: Val Loss: 0.5352 | Val Acc: 0.7820
[2025-10-17 05:12:30][RANK 0][INFO] New best val_acc: 0.7820. Saving model...
[2025-10-17 05:12:31][RANK 0][INFO] Starting Epoch 25/100
[2025-10-17 05:23:39][RANK 0][INFO] Starting validation...
[2025-10-17 05:33:54][RANK 0][INFO] EPOCH 25 SUMMARY: Val Loss: 0.5287 | Val Acc: 0.7814
[2025-10-17 05:33:55][RANK 0][INFO] Starting Epoch 26/100
[2025-10-17 05:45:05][RANK 0][INFO] Starting validation...
[2025-10-17 05:55:29][RANK 0][INFO] EPOCH 26 SUMMARY: Val Loss: 0.5225 | Val Acc: 0.7873
[2025-10-17 05:55:29][RANK 0][INFO] New best val_acc: 0.7873. Saving model...
[2025-10-17 05:55:30][RANK 0][INFO] Starting Epoch 27/100
[2025-10-17 06:06:30][RANK 0][INFO] Starting validation...
[2025-10-17 06:16:52][RANK 0][INFO] EPOCH 27 SUMMARY: Val Loss: 0.5168 | Val Acc: 0.7890
[2025-10-17 06:16:52][RANK 0][INFO] New best val_acc: 0.7890. Saving model...
[2025-10-17 06:16:53][RANK 0][INFO] Starting Epoch 28/100
[2025-10-17 06:28:08][RANK 0][INFO] Starting validation...
[2025-10-17 06:38:21][RANK 0][INFO] EPOCH 28 SUMMARY: Val Loss: 0.5098 | Val Acc: 0.7937
[2025-10-17 06:38:21][RANK 0][INFO] New best val_acc: 0.7937. Saving model...
[2025-10-17 06:38:22][RANK 0][INFO] Starting Epoch 29/100
[2025-10-17 06:49:30][RANK 0][INFO] Starting validation...
[2025-10-17 06:59:42][RANK 0][INFO] EPOCH 29 SUMMARY: Val Loss: 0.5046 | Val Acc: 0.7936
[2025-10-17 06:59:44][RANK 0][INFO] Starting Epoch 30/100
[2025-10-17 07:10:49][RANK 0][INFO] Starting validation...
[2025-10-17 07:21:04][RANK 0][INFO] EPOCH 30 SUMMARY: Val Loss: 0.4998 | Val Acc: 0.7939
[2025-10-17 07:21:04][RANK 0][INFO] New best val_acc: 0.7939. Saving model...
[2025-10-17 07:21:05][RANK 0][INFO] Starting Epoch 31/100
[2025-10-17 07:32:14][RANK 0][INFO] Starting validation...
[2025-10-17 07:42:18][RANK 0][INFO] EPOCH 31 SUMMARY: Val Loss: 0.4965 | Val Acc: 0.7941
[2025-10-17 07:42:18][RANK 0][INFO] New best val_acc: 0.7941. Saving model...
[2025-10-17 07:42:19][RANK 0][INFO] Starting Epoch 32/100
[2025-10-17 07:53:36][RANK 0][INFO] Starting validation...
[2025-10-17 08:03:46][RANK 0][INFO] EPOCH 32 SUMMARY: Val Loss: 0.4954 | Val Acc: 0.7942
[2025-10-17 08:03:46][RANK 0][INFO] New best val_acc: 0.7942. Saving model...
[2025-10-17 08:03:48][RANK 0][INFO] Starting Epoch 33/100
[2025-10-17 08:15:05][RANK 0][INFO] Starting validation...
[2025-10-17 08:25:15][RANK 0][INFO] EPOCH 33 SUMMARY: Val Loss: 0.4937 | Val Acc: 0.7934
[2025-10-17 08:25:16][RANK 0][INFO] Starting Epoch 34/100
[2025-10-17 08:36:31][RANK 0][INFO] Starting validation...
[2025-10-17 08:46:46][RANK 0][INFO] EPOCH 34 SUMMARY: Val Loss: 0.4896 | Val Acc: 0.7941
[2025-10-17 08:46:47][RANK 0][INFO] Starting Epoch 35/100
[2025-10-17 10:05:30][RANK 0][INFO] Initializing Dataloaders...
[2025-10-17 10:05:30][RANK 0][INFO] Dataloaders initialized.
[2025-10-17 10:05:34][RANK 0][INFO] Starting training for GRU model...
[2025-10-17 10:05:34][RANK 0][INFO] Starting Epoch 1/100
[2025-10-17 10:20:03][RANK 0][INFO] Starting validation...
[2025-10-17 10:30:41][RANK 0][INFO] EPOCH 1 SUMMARY: Val Loss: 0.8209 | Val Acc: 0.6758
[2025-10-17 10:30:41][RANK 0][INFO] New best val_acc: 0.6758. Saving model...
[2025-10-17 10:30:43][RANK 0][INFO] Starting Epoch 2/100
[2025-10-17 10:44:22][RANK 0][INFO] Starting validation...
[2025-10-17 10:54:45][RANK 0][INFO] EPOCH 2 SUMMARY: Val Loss: 0.6762 | Val Acc: 0.7228
[2025-10-17 10:54:45][RANK 0][INFO] New best val_acc: 0.7228. Saving model...
[2025-10-17 10:54:46][RANK 0][INFO] Starting Epoch 3/100
[2025-10-17 11:08:19][RANK 0][INFO] Starting validation...
[2025-10-17 11:18:41][RANK 0][INFO] EPOCH 3 SUMMARY: Val Loss: 0.5805 | Val Acc: 0.7518
[2025-10-17 11:18:41][RANK 0][INFO] New best val_acc: 0.7518. Saving model...
[2025-10-17 11:18:42][RANK 0][INFO] Starting Epoch 4/100
[2025-10-17 11:32:14][RANK 0][INFO] Starting validation...
[2025-10-17 11:42:27][RANK 0][INFO] EPOCH 4 SUMMARY: Val Loss: 0.5032 | Val Acc: 0.7714
[2025-10-17 11:42:27][RANK 0][INFO] New best val_acc: 0.7714. Saving model...
[2025-10-17 11:42:28][RANK 0][INFO] Starting Epoch 5/100
[2025-10-17 11:55:55][RANK 0][INFO] Starting validation...
[2025-10-17 12:06:14][RANK 0][INFO] EPOCH 5 SUMMARY: Val Loss: 0.4535 | Val Acc: 0.7877
[2025-10-17 12:06:14][RANK 0][INFO] New best val_acc: 0.7877. Saving model...
[2025-10-17 12:06:15][RANK 0][INFO] Starting Epoch 6/100
[2025-10-17 12:19:47][RANK 0][INFO] Starting validation...
[2025-10-17 12:30:06][RANK 0][INFO] EPOCH 6 SUMMARY: Val Loss: 0.4148 | Val Acc: 0.8276
[2025-10-17 12:30:06][RANK 0][INFO] New best val_acc: 0.8276. Saving model...
[2025-10-17 12:30:07][RANK 0][INFO] Starting Epoch 7/100
[2025-10-17 12:43:34][RANK 0][INFO] Starting validation...
[2025-10-17 12:53:52][RANK 0][INFO] EPOCH 7 SUMMARY: Val Loss: 0.3800 | Val Acc: 0.8499
[2025-10-17 12:53:52][RANK 0][INFO] New best val_acc: 0.8499. Saving model...
[2025-10-17 12:53:53][RANK 0][INFO] Starting Epoch 8/100
[2025-10-17 13:07:18][RANK 0][INFO] Starting validation...
[2025-10-17 13:17:34][RANK 0][INFO] EPOCH 8 SUMMARY: Val Loss: 0.3490 | Val Acc: 0.8696
[2025-10-17 13:17:34][RANK 0][INFO] New best val_acc: 0.8696. Saving model...
[2025-10-17 13:17:36][RANK 0][INFO] Starting Epoch 9/100
[2025-10-17 13:31:03][RANK 0][INFO] Starting validation...
[2025-10-17 13:41:25][RANK 0][INFO] EPOCH 9 SUMMARY: Val Loss: 0.3370 | Val Acc: 0.8775
[2025-10-17 13:41:25][RANK 0][INFO] New best val_acc: 0.8775. Saving model...
[2025-10-17 13:41:26][RANK 0][INFO] Starting Epoch 10/100
[2025-10-17 13:54:54][RANK 0][INFO] Starting validation...
[2025-10-17 14:05:17][RANK 0][INFO] EPOCH 10 SUMMARY: Val Loss: 0.3299 | Val Acc: 0.8815
[2025-10-17 14:05:17][RANK 0][INFO] New best val_acc: 0.8815. Saving model...
[2025-10-17 14:05:18][RANK 0][INFO] Starting Epoch 11/100
[2025-10-17 14:18:40][RANK 0][INFO] Starting validation...
[2025-10-17 14:28:58][RANK 0][INFO] EPOCH 11 SUMMARY: Val Loss: 0.3155 | Val Acc: 0.8891
[2025-10-17 14:28:58][RANK 0][INFO] New best val_acc: 0.8891. Saving model...
[2025-10-17 14:28:59][RANK 0][INFO] Starting Epoch 12/100
[2025-10-17 14:42:27][RANK 0][INFO] Starting validation...
[2025-10-17 14:53:02][RANK 0][INFO] EPOCH 12 SUMMARY: Val Loss: 0.3145 | Val Acc: 0.8881
[2025-10-17 14:53:03][RANK 0][INFO] Starting Epoch 13/100
[2025-10-17 15:06:29][RANK 0][INFO] Starting validation...
[2025-10-17 15:16:48][RANK 0][INFO] EPOCH 13 SUMMARY: Val Loss: 0.3009 | Val Acc: 0.8936
[2025-10-17 15:16:48][RANK 0][INFO] New best val_acc: 0.8936. Saving model...
[2025-10-17 15:16:49][RANK 0][INFO] Starting Epoch 14/100
[2025-10-17 15:30:16][RANK 0][INFO] Starting validation...
[2025-10-17 15:41:24][RANK 0][INFO] EPOCH 14 SUMMARY: Val Loss: 0.2992 | Val Acc: 0.8940
[2025-10-17 15:41:24][RANK 0][INFO] New best val_acc: 0.8940. Saving model...
[2025-10-17 15:41:26][RANK 0][INFO] Starting Epoch 15/100
[2025-10-17 15:55:39][RANK 0][INFO] Starting validation...
[2025-10-17 16:06:12][RANK 0][INFO] EPOCH 15 SUMMARY: Val Loss: 0.2959 | Val Acc: 0.8958
[2025-10-17 16:06:12][RANK 0][INFO] New best val_acc: 0.8958. Saving model...
[2025-10-17 16:06:13][RANK 0][INFO] Starting Epoch 16/100
[2025-10-17 16:19:43][RANK 0][INFO] Starting validation...
[2025-10-17 16:30:28][RANK 0][INFO] EPOCH 16 SUMMARY: Val Loss: 0.2876 | Val Acc: 0.8987
[2025-10-17 16:30:28][RANK 0][INFO] New best val_acc: 0.8987. Saving model...
[2025-10-17 16:30:29][RANK 0][INFO] Starting Epoch 17/100
[2025-10-17 16:43:58][RANK 0][INFO] Starting validation...
[2025-10-17 16:54:31][RANK 0][INFO] EPOCH 17 SUMMARY: Val Loss: 0.2797 | Val Acc: 0.8995
[2025-10-17 16:54:31][RANK 0][INFO] New best val_acc: 0.8995. Saving model...
[2025-10-17 16:54:32][RANK 0][INFO] Starting Epoch 18/100
[2025-10-17 17:07:56][RANK 0][INFO] Starting validation...
[2025-10-17 17:18:24][RANK 0][INFO] EPOCH 18 SUMMARY: Val Loss: 0.2631 | Val Acc: 0.9092
[2025-10-17 17:18:24][RANK 0][INFO] New best val_acc: 0.9092. Saving model...
[2025-10-17 17:18:25][RANK 0][INFO] Starting Epoch 19/100
[2025-10-17 17:31:49][RANK 0][INFO] Starting validation...
[2025-10-17 17:42:19][RANK 0][INFO] EPOCH 19 SUMMARY: Val Loss: 0.2540 | Val Acc: 0.9139
[2025-10-17 17:42:20][RANK 0][INFO] New best val_acc: 0.9139. Saving model...
[2025-10-17 17:42:21][RANK 0][INFO] Starting Epoch 20/100
[2025-10-17 17:55:48][RANK 0][INFO] Starting validation...
[2025-10-17 18:06:23][RANK 0][INFO] EPOCH 20 SUMMARY: Val Loss: 0.2480 | Val Acc: 0.9148
[2025-10-17 18:06:23][RANK 0][INFO] New best val_acc: 0.9148. Saving model...
[2025-10-17 18:06:25][RANK 0][INFO] Starting Epoch 21/100
[2025-10-17 18:19:53][RANK 0][INFO] Starting validation...
[2025-10-17 18:30:12][RANK 0][INFO] EPOCH 21 SUMMARY: Val Loss: 0.2373 | Val Acc: 0.9195
[2025-10-17 18:30:12][RANK 0][INFO] New best val_acc: 0.9195. Saving model...
[2025-10-17 18:30:13][RANK 0][INFO] Starting Epoch 22/100
[2025-10-17 18:43:40][RANK 0][INFO] Starting validation...
[2025-10-17 18:54:13][RANK 0][INFO] EPOCH 22 SUMMARY: Val Loss: 0.2397 | Val Acc: 0.9170
[2025-10-17 18:54:14][RANK 0][INFO] Starting Epoch 23/100
[2025-10-17 19:07:44][RANK 0][INFO] Starting validation...
[2025-10-17 19:18:14][RANK 0][INFO] EPOCH 23 SUMMARY: Val Loss: 0.2397 | Val Acc: 0.9174
[2025-10-17 19:18:15][RANK 0][INFO] Starting Epoch 24/100
[2025-10-17 19:31:41][RANK 0][INFO] Starting validation...
[2025-10-17 19:42:13][RANK 0][INFO] EPOCH 24 SUMMARY: Val Loss: 0.2311 | Val Acc: 0.9204
[2025-10-17 19:42:13][RANK 0][INFO] New best val_acc: 0.9204. Saving model...
[2025-10-17 19:42:14][RANK 0][INFO] Starting Epoch 25/100
[2025-10-17 19:55:39][RANK 0][INFO] Starting validation...
[2025-10-17 20:06:19][RANK 0][INFO] EPOCH 25 SUMMARY: Val Loss: 0.2343 | Val Acc: 0.9183
[2025-10-17 20:06:21][RANK 0][INFO] Starting Epoch 26/100
[2025-10-17 20:19:45][RANK 0][INFO] Starting validation...
[2025-10-17 20:30:30][RANK 0][INFO] EPOCH 26 SUMMARY: Val Loss: 0.2301 | Val Acc: 0.9208
[2025-10-17 20:30:30][RANK 0][INFO] New best val_acc: 0.9208. Saving model...
[2025-10-17 20:30:31][RANK 0][INFO] Starting Epoch 27/100
[2025-10-17 20:43:55][RANK 0][INFO] Starting validation...
[2025-10-17 20:54:17][RANK 0][INFO] EPOCH 27 SUMMARY: Val Loss: 0.2263 | Val Acc: 0.9207
[2025-10-17 20:54:18][RANK 0][INFO] Starting Epoch 28/100
[2025-10-17 21:07:43][RANK 0][INFO] Starting validation...
[2025-10-17 21:18:15][RANK 0][INFO] EPOCH 28 SUMMARY: Val Loss: 0.2242 | Val Acc: 0.9205
[2025-10-17 21:18:16][RANK 0][INFO] Starting Epoch 29/100
[2025-10-17 21:31:39][RANK 0][INFO] Starting validation...
[2025-10-17 21:42:11][RANK 0][INFO] EPOCH 29 SUMMARY: Val Loss: 0.2271 | Val Acc: 0.9199
[2025-10-17 21:42:12][RANK 0][INFO] Starting Epoch 30/100
[2025-10-17 21:55:36][RANK 0][INFO] Starting validation...
[2025-10-17 22:06:08][RANK 0][INFO] EPOCH 30 SUMMARY: Val Loss: 0.2207 | Val Acc: 0.9216
[2025-10-17 22:06:08][RANK 0][INFO] New best val_acc: 0.9216. Saving model...
[2025-10-17 22:06:09][RANK 0][INFO] Starting Epoch 31/100
[2025-10-17 22:19:34][RANK 0][INFO] Starting validation...
[2025-10-17 22:30:09][RANK 0][INFO] EPOCH 31 SUMMARY: Val Loss: 0.2234 | Val Acc: 0.9192
[2025-10-17 22:30:10][RANK 0][INFO] Starting Epoch 32/100
[2025-10-17 22:43:33][RANK 0][INFO] Starting validation...
[2025-10-17 22:54:00][RANK 0][INFO] EPOCH 32 SUMMARY: Val Loss: 0.2172 | Val Acc: 0.9203
[2025-10-17 22:54:01][RANK 0][INFO] Starting Epoch 33/100
[2025-10-17 23:07:26][RANK 0][INFO] Starting validation...
[2025-10-17 23:17:59][RANK 0][INFO] EPOCH 33 SUMMARY: Val Loss: 0.2180 | Val Acc: 0.9196
[2025-10-17 23:18:00][RANK 0][INFO] Starting Epoch 34/100
[2025-10-17 23:31:24][RANK 0][INFO] Starting validation...
[2025-10-17 23:42:02][RANK 0][INFO] EPOCH 34 SUMMARY: Val Loss: 0.2142 | Val Acc: 0.9203
[2025-10-17 23:42:03][RANK 0][INFO] Starting Epoch 35/100
[2025-10-17 23:55:29][RANK 0][INFO] Starting validation...
[2025-10-18 00:06:10][RANK 0][INFO] EPOCH 35 SUMMARY: Val Loss: 0.2145 | Val Acc: 0.9207
[2025-10-18 00:06:12][RANK 0][INFO] Starting Epoch 36/100
[2025-10-18 00:19:37][RANK 0][INFO] Starting validation...
[2025-10-18 00:30:13][RANK 0][INFO] EPOCH 36 SUMMARY: Val Loss: 0.2137 | Val Acc: 0.9198
[2025-10-18 00:30:14][RANK 0][INFO] Starting Epoch 37/100
[2025-10-18 00:43:38][RANK 0][INFO] Starting validation...
[2025-10-18 00:54:14][RANK 0][INFO] EPOCH 37 SUMMARY: Val Loss: 0.2145 | Val Acc: 0.9190
[2025-10-18 00:54:15][RANK 0][INFO] Starting Epoch 38/100
[2025-10-18 01:07:41][RANK 0][INFO] Starting validation...
[2025-10-18 01:18:18][RANK 0][INFO] EPOCH 38 SUMMARY: Val Loss: 0.2094 | Val Acc: 0.9198
[2025-10-18 01:18:19][RANK 0][INFO] Starting Epoch 39/100
[2025-10-18 01:31:43][RANK 0][INFO] Starting validation...
[2025-10-18 01:42:27][RANK 0][INFO] EPOCH 39 SUMMARY: Val Loss: 0.2103 | Val Acc: 0.9196
[2025-10-18 01:42:28][RANK 0][INFO] Starting Epoch 40/100
[2025-10-18 01:55:52][RANK 0][INFO] Starting validation...
[2025-10-18 02:06:34][RANK 0][INFO] EPOCH 40 SUMMARY: Val Loss: 0.2087 | Val Acc: 0.9203
[2025-10-18 02:06:35][RANK 0][INFO] Starting Epoch 41/100
[2025-10-18 02:20:00][RANK 0][INFO] Starting validation...
[2025-10-18 02:30:27][RANK 0][INFO] EPOCH 41 SUMMARY: Val Loss: 0.2071 | Val Acc: 0.9213
[2025-10-18 02:30:28][RANK 0][INFO] Starting Epoch 42/100
[2025-10-18 02:43:56][RANK 0][INFO] Starting validation...
[2025-10-18 02:54:34][RANK 0][INFO] EPOCH 42 SUMMARY: Val Loss: 0.2039 | Val Acc: 0.9207
[2025-10-18 02:54:35][RANK 0][INFO] Starting Epoch 43/100
[2025-10-18 03:08:00][RANK 0][INFO] Starting validation...
[2025-10-18 03:18:28][RANK 0][INFO] EPOCH 43 SUMMARY: Val Loss: 0.2117 | Val Acc: 0.9169
[2025-10-18 03:18:29][RANK 0][INFO] Starting Epoch 44/100
[2025-10-18 03:31:54][RANK 0][INFO] Starting validation...
[2025-10-18 03:42:31][RANK 0][INFO] EPOCH 44 SUMMARY: Val Loss: 0.2076 | Val Acc: 0.9193
[2025-10-18 03:42:32][RANK 0][INFO] Starting Epoch 45/100
[2025-10-18 03:55:56][RANK 0][INFO] Starting validation...
[2025-10-18 04:06:34][RANK 0][INFO] EPOCH 45 SUMMARY: Val Loss: 0.2061 | Val Acc: 0.9220
[2025-10-18 04:06:34][RANK 0][INFO] New best val_acc: 0.9220. Saving model...
[2025-10-18 04:06:35][RANK 0][INFO] Starting Epoch 46/100
[2025-10-18 04:19:58][RANK 0][INFO] Starting validation...
[2025-10-18 04:30:36][RANK 0][INFO] EPOCH 46 SUMMARY: Val Loss: 0.2000 | Val Acc: 0.9212
[2025-10-18 04:30:37][RANK 0][INFO] Starting Epoch 47/100
[2025-10-18 04:44:03][RANK 0][INFO] Starting validation...
[2025-10-18 04:54:33][RANK 0][INFO] EPOCH 47 SUMMARY: Val Loss: 0.1989 | Val Acc: 0.9225
[2025-10-18 04:54:33][RANK 0][INFO] New best val_acc: 0.9225. Saving model...
[2025-10-18 04:54:34][RANK 0][INFO] Starting Epoch 48/100
[2025-10-18 05:07:58][RANK 0][INFO] Starting validation...
[2025-10-18 05:18:36][RANK 0][INFO] EPOCH 48 SUMMARY: Val Loss: 0.2004 | Val Acc: 0.9203
[2025-10-18 05:18:37][RANK 0][INFO] Starting Epoch 49/100
[2025-10-18 05:32:03][RANK 0][INFO] Starting validation...
[2025-10-18 05:42:38][RANK 0][INFO] EPOCH 49 SUMMARY: Val Loss: 0.2023 | Val Acc: 0.9201
[2025-10-18 05:42:39][RANK 0][INFO] Starting Epoch 50/100
[2025-10-18 05:56:06][RANK 0][INFO] Starting validation...
[2025-10-18 06:06:36][RANK 0][INFO] EPOCH 50 SUMMARY: Val Loss: 0.2045 | Val Acc: 0.9209
[2025-10-18 06:06:37][RANK 0][INFO] Starting Epoch 51/100
[2025-10-18 06:20:00][RANK 0][INFO] Starting validation...
[2025-10-18 06:30:42][RANK 0][INFO] EPOCH 51 SUMMARY: Val Loss: 0.2051 | Val Acc: 0.9190
[2025-10-18 06:30:43][RANK 0][INFO] Starting Epoch 52/100
[2025-10-18 06:44:06][RANK 0][INFO] Starting validation...
[2025-10-18 06:54:43][RANK 0][INFO] EPOCH 52 SUMMARY: Val Loss: 0.1970 | Val Acc: 0.9226
[2025-10-18 06:54:43][RANK 0][INFO] New best val_acc: 0.9226. Saving model...
[2025-10-18 06:54:44][RANK 0][INFO] Starting Epoch 53/100
[2025-10-18 07:08:09][RANK 0][INFO] Starting validation...
[2025-10-18 07:18:47][RANK 0][INFO] EPOCH 53 SUMMARY: Val Loss: 0.2018 | Val Acc: 0.9214
[2025-10-18 07:18:48][RANK 0][INFO] Starting Epoch 54/100
[2025-10-18 07:32:13][RANK 0][INFO] Starting validation...
[2025-10-18 07:42:47][RANK 0][INFO] EPOCH 54 SUMMARY: Val Loss: 0.2015 | Val Acc: 0.9208
[2025-10-18 07:42:48][RANK 0][INFO] Starting Epoch 55/100
[2025-10-18 07:56:15][RANK 0][INFO] Starting validation...
[2025-10-18 08:06:50][RANK 0][INFO] EPOCH 55 SUMMARY: Val Loss: 0.2018 | Val Acc: 0.9200
[2025-10-18 08:06:51][RANK 0][INFO] Starting Epoch 56/100
[2025-10-18 08:20:14][RANK 0][INFO] Starting validation...
[2025-10-18 08:30:55][RANK 0][INFO] EPOCH 56 SUMMARY: Val Loss: 0.1891 | Val Acc: 0.9232
[2025-10-18 08:30:55][RANK 0][INFO] New best val_acc: 0.9232. Saving model...
[2025-10-18 08:30:56][RANK 0][INFO] Starting Epoch 57/100
[2025-10-18 08:44:20][RANK 0][INFO] Starting validation...
[2025-10-18 08:54:56][RANK 0][INFO] EPOCH 57 SUMMARY: Val Loss: 0.1946 | Val Acc: 0.9218
[2025-10-18 08:54:57][RANK 0][INFO] Starting Epoch 58/100
[2025-10-18 09:08:21][RANK 0][INFO] Starting validation...
[2025-10-18 09:18:56][RANK 0][INFO] EPOCH 58 SUMMARY: Val Loss: 0.1955 | Val Acc: 0.9230
[2025-10-18 09:18:57][RANK 0][INFO] Starting Epoch 59/100
[2025-10-18 09:32:21][RANK 0][INFO] Starting validation...
[2025-10-18 09:42:57][RANK 0][INFO] EPOCH 59 SUMMARY: Val Loss: 0.1942 | Val Acc: 0.9212
[2025-10-18 09:42:58][RANK 0][INFO] Starting Epoch 60/100
[2025-10-18 09:56:22][RANK 0][INFO] Starting validation...
[2025-10-18 10:06:48][RANK 0][INFO] EPOCH 60 SUMMARY: Val Loss: 0.1915 | Val Acc: 0.9225
[2025-10-18 10:06:49][RANK 0][INFO] Starting Epoch 61/100
[2025-10-18 10:20:15][RANK 0][INFO] Starting validation...
[2025-10-18 10:30:46][RANK 0][INFO] EPOCH 61 SUMMARY: Val Loss: 0.2003 | Val Acc: 0.9194
[2025-10-18 10:30:48][RANK 0][INFO] Starting Epoch 62/100
[2025-10-18 10:44:12][RANK 0][INFO] Starting validation...
[2025-10-18 10:54:45][RANK 0][INFO] EPOCH 62 SUMMARY: Val Loss: 0.2001 | Val Acc: 0.9216
[2025-10-18 10:54:46][RANK 0][INFO] Starting Epoch 63/100
[2025-10-18 11:08:08][RANK 0][INFO] Starting validation...
[2025-10-18 11:18:47][RANK 0][INFO] EPOCH 63 SUMMARY: Val Loss: 0.1934 | Val Acc: 0.9228
[2025-10-18 11:18:49][RANK 0][INFO] Starting Epoch 64/100
[2025-10-18 11:32:13][RANK 0][INFO] Starting validation...
[2025-10-18 11:42:45][RANK 0][INFO] EPOCH 64 SUMMARY: Val Loss: 0.1893 | Val Acc: 0.9240
[2025-10-18 11:42:45][RANK 0][INFO] New best val_acc: 0.9240. Saving model...
[2025-10-18 11:42:47][RANK 0][INFO] Starting Epoch 65/100
[2025-10-18 11:56:16][RANK 0][INFO] Starting validation...
[2025-10-18 12:06:49][RANK 0][INFO] EPOCH 65 SUMMARY: Val Loss: 0.1865 | Val Acc: 0.9247
[2025-10-18 12:06:49][RANK 0][INFO] New best val_acc: 0.9247. Saving model...
[2025-10-18 12:06:50][RANK 0][INFO] Starting Epoch 66/100
[2025-10-18 12:20:17][RANK 0][INFO] Starting validation...
[2025-10-18 12:30:46][RANK 0][INFO] EPOCH 66 SUMMARY: Val Loss: 0.1855 | Val Acc: 0.9239
[2025-10-18 12:30:47][RANK 0][INFO] Starting Epoch 67/100
[2025-10-18 12:44:19][RANK 0][INFO] Starting validation...
[2025-10-18 12:54:56][RANK 0][INFO] EPOCH 67 SUMMARY: Val Loss: 0.1891 | Val Acc: 0.9215
[2025-10-18 12:54:58][RANK 0][INFO] Starting Epoch 68/100
[2025-10-18 13:08:28][RANK 0][INFO] Starting validation...
[2025-10-18 13:19:00][RANK 0][INFO] EPOCH 68 SUMMARY: Val Loss: 0.1912 | Val Acc: 0.9213
[2025-10-18 13:19:01][RANK 0][INFO] Starting Epoch 69/100
[2025-10-18 13:32:27][RANK 0][INFO] Starting validation...
[2025-10-18 13:43:03][RANK 0][INFO] EPOCH 69 SUMMARY: Val Loss: 0.1876 | Val Acc: 0.9246
[2025-10-18 13:43:04][RANK 0][INFO] Starting Epoch 70/100
[2025-10-18 13:56:29][RANK 0][INFO] Starting validation...
[2025-10-18 14:06:52][RANK 0][INFO] EPOCH 70 SUMMARY: Val Loss: 0.1862 | Val Acc: 0.9249
[2025-10-18 14:06:52][RANK 0][INFO] New best val_acc: 0.9249. Saving model...
[2025-10-18 14:06:53][RANK 0][INFO] Starting Epoch 71/100
[2025-10-18 14:20:21][RANK 0][INFO] Starting validation...
[2025-10-18 14:30:56][RANK 0][INFO] EPOCH 71 SUMMARY: Val Loss: 0.1915 | Val Acc: 0.9222
[2025-10-18 14:30:58][RANK 0][INFO] Starting Epoch 72/100
[2025-10-18 14:44:23][RANK 0][INFO] Starting validation...
[2025-10-18 14:55:03][RANK 0][INFO] EPOCH 72 SUMMARY: Val Loss: 0.1902 | Val Acc: 0.9241
[2025-10-18 14:55:04][RANK 0][INFO] Starting Epoch 73/100
[2025-10-18 15:08:53][RANK 0][INFO] Starting validation...
[2025-10-18 15:19:29][RANK 0][INFO] EPOCH 73 SUMMARY: Val Loss: 0.1861 | Val Acc: 0.9249
[2025-10-18 15:19:30][RANK 0][INFO] Starting Epoch 74/100
[2025-10-18 15:33:01][RANK 0][INFO] Starting validation...
[2025-10-18 15:43:41][RANK 0][INFO] EPOCH 74 SUMMARY: Val Loss: 0.1837 | Val Acc: 0.9250
[2025-10-18 15:43:41][RANK 0][INFO] New best val_acc: 0.9250. Saving model...
[2025-10-18 15:43:42][RANK 0][INFO] Starting Epoch 75/100
[2025-10-18 15:57:05][RANK 0][INFO] Starting validation...
[2025-10-18 16:07:41][RANK 0][INFO] EPOCH 75 SUMMARY: Val Loss: 0.1893 | Val Acc: 0.9224
[2025-10-18 16:07:42][RANK 0][INFO] Starting Epoch 76/100
[2025-10-18 16:21:02][RANK 0][INFO] Starting validation...
[2025-10-18 16:31:40][RANK 0][INFO] EPOCH 76 SUMMARY: Val Loss: 0.1868 | Val Acc: 0.9237
[2025-10-18 16:31:41][RANK 0][INFO] Starting Epoch 77/100
[2025-10-18 16:45:02][RANK 0][INFO] Starting validation...
[2025-10-18 16:55:28][RANK 0][INFO] EPOCH 77 SUMMARY: Val Loss: 0.1864 | Val Acc: 0.9229
[2025-10-18 16:55:29][RANK 0][INFO] Starting Epoch 78/100
[2025-10-18 17:08:52][RANK 0][INFO] Starting validation...
[2025-10-18 17:19:26][RANK 0][INFO] EPOCH 78 SUMMARY: Val Loss: 0.1941 | Val Acc: 0.9224
[2025-10-18 17:19:27][RANK 0][INFO] Starting Epoch 79/100
[2025-10-18 17:32:48][RANK 0][INFO] Starting validation...
[2025-10-18 17:43:31][RANK 0][INFO] EPOCH 79 SUMMARY: Val Loss: 0.1858 | Val Acc: 0.9235
[2025-10-18 17:43:32][RANK 0][INFO] Starting Epoch 80/100
[2025-10-18 17:56:55][RANK 0][INFO] Starting validation...
[2025-10-18 18:07:28][RANK 0][INFO] EPOCH 80 SUMMARY: Val Loss: 0.1796 | Val Acc: 0.9260
[2025-10-18 18:07:28][RANK 0][INFO] New best val_acc: 0.9260. Saving model...
[2025-10-18 18:07:29][RANK 0][INFO] Starting Epoch 81/100
[2025-10-18 18:20:50][RANK 0][INFO] Starting validation...
[2025-10-18 18:31:27][RANK 0][INFO] EPOCH 81 SUMMARY: Val Loss: 0.1830 | Val Acc: 0.9231
[2025-10-18 18:31:28][RANK 0][INFO] Starting Epoch 82/100
[2025-10-18 18:44:48][RANK 0][INFO] Starting validation...
[2025-10-18 18:55:35][RANK 0][INFO] EPOCH 82 SUMMARY: Val Loss: 0.1953 | Val Acc: 0.9205
[2025-10-18 18:55:36][RANK 0][INFO] Starting Epoch 83/100
[2025-10-18 19:08:57][RANK 0][INFO] Starting validation...
[2025-10-18 19:19:29][RANK 0][INFO] EPOCH 83 SUMMARY: Val Loss: 0.1808 | Val Acc: 0.9252
[2025-10-18 19:19:30][RANK 0][INFO] Starting Epoch 84/100
[2025-10-18 19:32:56][RANK 0][INFO] Starting validation...
[2025-10-18 19:43:24][RANK 0][INFO] EPOCH 84 SUMMARY: Val Loss: 0.1789 | Val Acc: 0.9259
[2025-10-18 19:43:25][RANK 0][INFO] Starting Epoch 85/100
[2025-10-18 19:56:44][RANK 0][INFO] Starting validation...
[2025-10-18 20:07:25][RANK 0][INFO] EPOCH 85 SUMMARY: Val Loss: 0.1952 | Val Acc: 0.9212
[2025-10-18 20:07:26][RANK 0][INFO] Starting Epoch 86/100
[2025-10-18 20:20:45][RANK 0][INFO] Starting validation...
[2025-10-18 20:31:09][RANK 0][INFO] EPOCH 86 SUMMARY: Val Loss: 0.1799 | Val Acc: 0.9248
[2025-10-18 20:31:10][RANK 0][INFO] Starting Epoch 87/100
[2025-10-18 20:44:31][RANK 0][INFO] Starting validation...
[2025-10-18 20:54:58][RANK 0][INFO] EPOCH 87 SUMMARY: Val Loss: 0.1853 | Val Acc: 0.9245
[2025-10-18 20:54:59][RANK 0][INFO] Starting Epoch 88/100
[2025-10-18 21:08:20][RANK 0][INFO] Starting validation...
[2025-10-18 21:19:01][RANK 0][INFO] EPOCH 88 SUMMARY: Val Loss: 0.1876 | Val Acc: 0.9222
[2025-10-18 21:19:02][RANK 0][INFO] Starting Epoch 89/100
[2025-10-18 21:32:22][RANK 0][INFO] Starting validation...
[2025-10-18 21:42:59][RANK 0][INFO] EPOCH 89 SUMMARY: Val Loss: 0.1953 | Val Acc: 0.9190
[2025-10-18 21:43:00][RANK 0][INFO] Starting Epoch 90/100
[2025-10-18 21:56:20][RANK 0][INFO] Starting validation...
[2025-10-18 22:06:48][RANK 0][INFO] EPOCH 90 SUMMARY: Val Loss: 0.1871 | Val Acc: 0.9228
[2025-10-18 22:06:49][RANK 0][INFO] Starting Epoch 91/100
[2025-10-18 22:20:12][RANK 0][INFO] Starting validation...
[2025-10-18 22:30:55][RANK 0][INFO] EPOCH 91 SUMMARY: Val Loss: 0.1874 | Val Acc: 0.9224
[2025-10-18 22:30:56][RANK 0][INFO] Starting Epoch 92/100
[2025-10-18 22:44:18][RANK 0][INFO] Starting validation...
[2025-10-18 22:55:03][RANK 0][INFO] EPOCH 92 SUMMARY: Val Loss: 0.1855 | Val Acc: 0.9239
[2025-10-18 22:55:04][RANK 0][INFO] Starting Epoch 93/100
[2025-10-18 23:08:24][RANK 0][INFO] Starting validation...
[2025-10-18 23:19:00][RANK 0][INFO] EPOCH 93 SUMMARY: Val Loss: 0.1830 | Val Acc: 0.9246
[2025-10-18 23:19:01][RANK 0][INFO] Starting Epoch 94/100
[2025-10-18 23:32:24][RANK 0][INFO] Starting validation...
[2025-10-18 23:42:58][RANK 0][INFO] EPOCH 94 SUMMARY: Val Loss: 0.1830 | Val Acc: 0.9241
[2025-10-18 23:42:59][RANK 0][INFO] Starting Epoch 95/100
[2025-10-18 23:56:23][RANK 0][INFO] Starting validation...
[2025-10-19 00:07:03][RANK 0][INFO] EPOCH 95 SUMMARY: Val Loss: 0.1940 | Val Acc: 0.9205
[2025-10-19 00:07:05][RANK 0][INFO] Starting Epoch 96/100
[2025-10-19 00:20:28][RANK 0][INFO] Starting validation...
[2025-10-19 00:31:02][RANK 0][INFO] EPOCH 96 SUMMARY: Val Loss: 0.1829 | Val Acc: 0.9248
[2025-10-19 00:31:03][RANK 0][INFO] Starting Epoch 97/100
[2025-10-19 00:44:27][RANK 0][INFO] Starting validation...
[2025-10-19 00:55:08][RANK 0][INFO] EPOCH 97 SUMMARY: Val Loss: 0.1771 | Val Acc: 0.9255
[2025-10-19 00:55:09][RANK 0][INFO] Starting Epoch 98/100
[2025-10-19 01:08:31][RANK 0][INFO] Starting validation...
[2025-10-19 01:19:01][RANK 0][INFO] EPOCH 98 SUMMARY: Val Loss: 0.1799 | Val Acc: 0.9249
[2025-10-19 01:19:02][RANK 0][INFO] Starting Epoch 99/100
[2025-10-19 01:32:25][RANK 0][INFO] Starting validation...
[2025-10-19 01:43:07][RANK 0][INFO] EPOCH 99 SUMMARY: Val Loss: 0.1829 | Val Acc: 0.9235
[2025-10-19 01:43:08][RANK 0][INFO] Starting Epoch 100/100
[2025-10-19 01:56:27][RANK 0][INFO] Starting validation...
[2025-10-19 02:06:55][RANK 0][INFO] EPOCH 100 SUMMARY: Val Loss: 0.1799 | Val Acc: 0.9277
[2025-10-19 02:06:55][RANK 0][INFO] New best val_acc: 0.9277. Saving model...
[2025-10-19 02:06:56][RANK 0][INFO] Uploading model from /tmp/model_upload to hdfs://master:9000/usr/ubuntu/results-ultra_gru_20251017_095948
