[2025-10-30 06:25:33][RANK DRIVER][INFO] 
Starting Multi_Model_NIDS_Training
[2025-10-30 06:25:33][RANK DRIVER][INFO] Selected Model: LSTM
[2025-10-30 06:31:02][RANK DRIVER][INFO] 
[Prepared Configuration for Training:
[2025-10-30 06:31:02][RANK DRIVER][INFO]   data_source_paths: {'base_path': 'alluxio://master:19998/usr/ubuntu/data/classweights-43-16', 'train_path': 'alluxio://master:19998/usr/ubuntu/data/classweights-43-16/train_df.parquet', 'test_path': 'alluxio://master:19998/usr/ubuntu/data/classweights-43-16/test_df.parquet', 'label_indexer_path': 'alluxio://master:19998/usr/ubuntu/data/classweights-43-16/data/label_indexer/label_indexer/label_indexer', 'temp_dir': 'alluxio://master:19998/tmp'}
[2025-10-30 06:31:02][RANK DRIVER][INFO]   artifact_storage_paths: {'output_dir': 'hdfs://master:9000/usr/ubuntu/lstm_spark-cluster3_20251030_062441'}
[2025-10-30 06:31:02][RANK DRIVER][INFO]   model_type: lstm
[2025-10-30 06:31:02][RANK DRIVER][INFO]   epochs: 100
[2025-10-30 06:31:02][RANK DRIVER][INFO]   batch_size: 1024
[2025-10-30 06:31:02][RANK DRIVER][INFO]   num_processes: 12
[2025-10-30 06:31:02][RANK DRIVER][INFO]   learning_rate: 0.001
[2025-10-30 06:31:02][RANK DRIVER][INFO]   scheduler: {'enabled': True, 'patience': 5, 'factor': 0.1, 'min_lr': 1e-05}
[2025-10-30 06:31:02][RANK DRIVER][INFO]   hidden_size: 256
[2025-10-30 06:31:02][RANK DRIVER][INFO]   num_layers: 3
[2025-10-30 06:31:02][RANK DRIVER][INFO]   dropout: 0.15
[2025-10-30 06:31:02][RANK DRIVER][INFO]   logger_file: /tmp/driver_20251030_062511.log
[2025-10-30 06:31:02][RANK DRIVER][INFO]   num_classes: 16
[2025-10-30 06:31:02][RANK DRIVER][INFO]   class_names: ['Benign', 'DDoS', 'DoS', 'scanning', 'Reconnaissance', 'xss', 'password', 'injection', 'Bot', 'Brute Force', 'Infilteration', 'Exploits', 'Fuzzers', 'Backdoor', 'Generic', 'mitm']
[2025-10-30 06:31:02][RANK DRIVER][INFO]   num_features: 43
[2025-10-30 06:31:02][RANK DRIVER][INFO]   validation_file_path: alluxio://master:19998/tmp/val_data_lstm_20251030_062603/part-00000-07ad1e4f-b532-4568-bc8a-9e9f525a4ed4-c000.snappy.parquet
[2025-10-30 06:31:02][RANK DRIVER][INFO]   steps_per_epoch: 4327
[2025-11-04 17:26:09][RANK DRIVER][INFO] 
LSTM training completed successfully!
[2025-11-04 17:26:09][RANK DRIVER][INFO] 
Starting FINAL evaluation on TEST set...
[2025-11-04 17:26:09][RANK DRIVER][INFO] Loading BEST model from artifact storage: hdfs://master:9000/usr/ubuntu/lstm_spark-cluster3_20251030_062441/best_lstm_model.pth
[2025-11-04 17:26:14][RANK DRIVER][INFO] Model loaded successfully.
[2025-11-04 17:27:49][RANK DRIVER][INFO] Waiting for 3 seconds to allow data to settle in Alluxio...
[2025-11-04 17:38:21][RANK DRIVER][INFO] --- FINAL TEST SET PERFORMANCE (LSTM) ---
[2025-11-04 17:38:21][RANK DRIVER][INFO]   Test Accuracy: 0.9392
[2025-11-04 17:38:38][RANK DRIVER][INFO] 
Cleaning up temporary directories...
