[2025-10-30 06:31:25][RANK 0][INFO] Initializing Dataloaders...
[2025-10-30 06:31:25][RANK 0][INFO] Dataloaders initialized.
[2025-10-30 06:31:26][RANK 0][INFO] Learning rate scheduler (ReduceLROnPlateau) is enabled.
[2025-10-30 06:31:26][RANK 0][INFO] Starting training for LSTM model... 
 | World Size: 12 | Learning Rate: 0.001 
 | ReduceLROnPlateau: True | Batch Size: 1024
[2025-10-30 06:31:26][RANK 0][INFO] Starting Epoch 1/100 | LR: 0.001000
[2025-10-30 07:27:29][RANK 0][INFO] Starting validation...
[2025-10-30 07:50:02][RANK 0][INFO] EPOCH 1 SUMMARY: Val Loss: 0.3163 | Val Acc: 0.8790
[2025-10-30 07:50:02][RANK 0][INFO] New best val_acc: 0.8790. Saving model...
[2025-10-30 07:50:04][RANK 0][INFO] Starting Epoch 2/100 | LR: 0.001000
[2025-10-30 08:45:45][RANK 0][INFO] Starting validation...
[2025-10-30 09:08:26][RANK 0][INFO] EPOCH 2 SUMMARY: Val Loss: 0.2263 | Val Acc: 0.9202
[2025-10-30 09:08:26][RANK 0][INFO] New best val_acc: 0.9202. Saving model...
[2025-10-30 09:08:27][RANK 0][INFO] Starting Epoch 3/100 | LR: 0.001000
[2025-10-30 10:03:56][RANK 0][INFO] Starting validation...
[2025-10-30 10:26:45][RANK 0][INFO] EPOCH 3 SUMMARY: Val Loss: 0.2048 | Val Acc: 0.9228
[2025-10-30 10:26:45][RANK 0][INFO] New best val_acc: 0.9228. Saving model...
[2025-10-30 10:26:46][RANK 0][INFO] Starting Epoch 4/100 | LR: 0.001000
[2025-10-30 11:22:38][RANK 0][INFO] Starting validation...
[2025-10-30 11:45:21][RANK 0][INFO] EPOCH 4 SUMMARY: Val Loss: 0.2186 | Val Acc: 0.9187
[2025-10-30 11:45:22][RANK 0][INFO] Starting Epoch 5/100 | LR: 0.001000
[2025-10-30 12:41:06][RANK 0][INFO] Starting validation...
[2025-10-30 13:04:05][RANK 0][INFO] EPOCH 5 SUMMARY: Val Loss: 0.1864 | Val Acc: 0.9297
[2025-10-30 13:04:05][RANK 0][INFO] New best val_acc: 0.9297. Saving model...
[2025-10-30 13:04:06][RANK 0][INFO] Starting Epoch 6/100 | LR: 0.001000
[2025-10-30 13:59:58][RANK 0][INFO] Starting validation...
[2025-10-30 14:22:53][RANK 0][INFO] EPOCH 6 SUMMARY: Val Loss: 0.1875 | Val Acc: 0.9274
[2025-10-30 14:22:54][RANK 0][INFO] Starting Epoch 7/100 | LR: 0.001000
[2025-10-30 15:18:54][RANK 0][INFO] Starting validation...
[2025-10-30 15:41:37][RANK 0][INFO] EPOCH 7 SUMMARY: Val Loss: 0.1801 | Val Acc: 0.9322
[2025-10-30 15:41:37][RANK 0][INFO] New best val_acc: 0.9322. Saving model...
[2025-10-30 15:41:38][RANK 0][INFO] Starting Epoch 8/100 | LR: 0.001000
[2025-10-30 16:37:35][RANK 0][INFO] Starting validation...
[2025-10-30 17:00:36][RANK 0][INFO] EPOCH 8 SUMMARY: Val Loss: 0.1755 | Val Acc: 0.9217
[2025-10-30 17:00:37][RANK 0][INFO] Starting Epoch 9/100 | LR: 0.001000
[2025-10-30 17:56:42][RANK 0][INFO] Starting validation...
[2025-10-30 18:19:33][RANK 0][INFO] EPOCH 9 SUMMARY: Val Loss: 0.2017 | Val Acc: 0.9142
[2025-10-30 18:19:34][RANK 0][INFO] Starting Epoch 10/100 | LR: 0.001000
[2025-10-30 19:15:29][RANK 0][INFO] Starting validation...
[2025-10-30 19:38:31][RANK 0][INFO] EPOCH 10 SUMMARY: Val Loss: 0.1685 | Val Acc: 0.9252
[2025-10-30 19:38:32][RANK 0][INFO] Starting Epoch 11/100 | LR: 0.001000
[2025-10-30 20:34:40][RANK 0][INFO] Starting validation...
[2025-10-30 20:57:41][RANK 0][INFO] EPOCH 11 SUMMARY: Val Loss: 0.1823 | Val Acc: 0.9315
[2025-10-30 20:57:43][RANK 0][INFO] Starting Epoch 12/100 | LR: 0.001000
[2025-10-30 21:53:39][RANK 0][INFO] Starting validation...
[2025-10-30 22:16:39][RANK 0][INFO] EPOCH 12 SUMMARY: Val Loss: 0.1740 | Val Acc: 0.9237
[2025-10-30 22:16:40][RANK 0][INFO] Starting Epoch 13/100 | LR: 0.001000
[2025-10-30 23:12:34][RANK 0][INFO] Starting validation...
[2025-10-30 23:35:27][RANK 0][INFO] EPOCH 13 SUMMARY: Val Loss: 0.1627 | Val Acc: 0.9352
[2025-10-30 23:35:27][RANK 0][INFO] New best val_acc: 0.9352. Saving model...
[2025-10-30 23:35:28][RANK 0][INFO] Starting Epoch 14/100 | LR: 0.001000
[2025-10-31 00:31:35][RANK 0][INFO] Starting validation...
[2025-10-31 00:54:44][RANK 0][INFO] EPOCH 14 SUMMARY: Val Loss: 0.1730 | Val Acc: 0.9254
[2025-10-31 00:54:45][RANK 0][INFO] Starting Epoch 15/100 | LR: 0.001000
[2025-10-31 01:50:51][RANK 0][INFO] Starting validation...
[2025-10-31 02:13:24][RANK 0][INFO] EPOCH 15 SUMMARY: Val Loss: 0.1618 | Val Acc: 0.9336
[2025-10-31 02:13:25][RANK 0][INFO] Starting Epoch 16/100 | LR: 0.001000
[2025-10-31 03:09:28][RANK 0][INFO] Starting validation...
[2025-10-31 03:32:26][RANK 0][INFO] EPOCH 16 SUMMARY: Val Loss: 0.1712 | Val Acc: 0.9268
[2025-10-31 03:32:27][RANK 0][INFO] Starting Epoch 17/100 | LR: 0.001000
[2025-10-31 04:28:28][RANK 0][INFO] Starting validation...
[2025-10-31 04:51:04][RANK 0][INFO] EPOCH 17 SUMMARY: Val Loss: 0.1650 | Val Acc: 0.9346
[2025-10-31 04:51:05][RANK 0][INFO] Starting Epoch 18/100 | LR: 0.001000
[2025-10-31 05:47:09][RANK 0][INFO] Starting validation...
[2025-10-31 06:10:03][RANK 0][INFO] EPOCH 18 SUMMARY: Val Loss: 0.1847 | Val Acc: 0.9247
[2025-10-31 06:10:04][RANK 0][INFO] Starting Epoch 19/100 | LR: 0.001000
[2025-10-31 07:06:10][RANK 0][INFO] Starting validation...
[2025-10-31 07:28:45][RANK 0][INFO] EPOCH 19 SUMMARY: Val Loss: 0.1792 | Val Acc: 0.9254
[2025-10-31 07:28:46][RANK 0][INFO] Starting Epoch 20/100 | LR: 0.001000
[2025-10-31 08:24:46][RANK 0][INFO] Starting validation...
[2025-10-31 08:47:39][RANK 0][INFO] EPOCH 20 SUMMARY: Val Loss: 0.1631 | Val Acc: 0.9325
[2025-10-31 08:47:40][RANK 0][INFO] Starting Epoch 21/100 | LR: 0.001000
[2025-10-31 09:43:58][RANK 0][INFO] Starting validation...
[2025-10-31 10:06:48][RANK 0][INFO] EPOCH 21 SUMMARY: Val Loss: 0.1680 | Val Acc: 0.9351
[2025-10-31 10:06:48][RANK 0][INFO] Learning rate reduced from 0.001000 to 0.000100 due to plateau in validation loss.
[2025-10-31 10:06:49][RANK 0][INFO] Starting Epoch 22/100 | LR: 0.000100
[2025-10-31 11:02:57][RANK 0][INFO] Starting validation...
[2025-10-31 11:25:36][RANK 0][INFO] EPOCH 22 SUMMARY: Val Loss: 0.1655 | Val Acc: 0.9351
[2025-10-31 11:25:37][RANK 0][INFO] Starting Epoch 23/100 | LR: 0.000100
[2025-10-31 12:21:48][RANK 0][INFO] Starting validation...
[2025-10-31 12:44:43][RANK 0][INFO] EPOCH 23 SUMMARY: Val Loss: 0.1634 | Val Acc: 0.9356
[2025-10-31 12:44:43][RANK 0][INFO] New best val_acc: 0.9356. Saving model...
[2025-10-31 12:44:44][RANK 0][INFO] Starting Epoch 24/100 | LR: 0.000100
[2025-10-31 13:40:58][RANK 0][INFO] Starting validation...
[2025-10-31 14:03:55][RANK 0][INFO] EPOCH 24 SUMMARY: Val Loss: 0.1635 | Val Acc: 0.9359
[2025-10-31 14:03:55][RANK 0][INFO] New best val_acc: 0.9359. Saving model...
[2025-10-31 14:03:56][RANK 0][INFO] Starting Epoch 25/100 | LR: 0.000100
[2025-10-31 15:00:01][RANK 0][INFO] Starting validation...
[2025-10-31 15:23:01][RANK 0][INFO] EPOCH 25 SUMMARY: Val Loss: 0.1620 | Val Acc: 0.9366
[2025-10-31 15:23:01][RANK 0][INFO] New best val_acc: 0.9366. Saving model...
[2025-10-31 15:23:02][RANK 0][INFO] Starting Epoch 26/100 | LR: 0.000100
[2025-10-31 16:19:10][RANK 0][INFO] Starting validation...
[2025-10-31 16:42:21][RANK 0][INFO] EPOCH 26 SUMMARY: Val Loss: 0.1604 | Val Acc: 0.9373
[2025-10-31 16:42:21][RANK 0][INFO] New best val_acc: 0.9373. Saving model...
[2025-10-31 16:42:22][RANK 0][INFO] Starting Epoch 27/100 | LR: 0.000100
[2025-10-31 17:38:25][RANK 0][INFO] Starting validation...
[2025-10-31 18:01:18][RANK 0][INFO] EPOCH 27 SUMMARY: Val Loss: 0.1609 | Val Acc: 0.9371
[2025-10-31 18:01:19][RANK 0][INFO] Starting Epoch 28/100 | LR: 0.000100
[2025-10-31 18:57:25][RANK 0][INFO] Starting validation...
[2025-10-31 19:20:38][RANK 0][INFO] EPOCH 28 SUMMARY: Val Loss: 0.1595 | Val Acc: 0.9374
[2025-10-31 19:20:38][RANK 0][INFO] New best val_acc: 0.9374. Saving model...
[2025-10-31 19:20:39][RANK 0][INFO] Starting Epoch 29/100 | LR: 0.000100
[2025-10-31 20:16:51][RANK 0][INFO] Starting validation...
[2025-10-31 20:39:53][RANK 0][INFO] EPOCH 29 SUMMARY: Val Loss: 0.1588 | Val Acc: 0.9374
[2025-10-31 20:39:55][RANK 0][INFO] Starting Epoch 30/100 | LR: 0.000100
[2025-10-31 21:35:53][RANK 0][INFO] Starting validation...
[2025-10-31 21:58:56][RANK 0][INFO] EPOCH 30 SUMMARY: Val Loss: 0.1612 | Val Acc: 0.9362
[2025-10-31 21:58:58][RANK 0][INFO] Starting Epoch 31/100 | LR: 0.000100
[2025-10-31 22:55:12][RANK 0][INFO] Starting validation...
[2025-10-31 23:18:13][RANK 0][INFO] EPOCH 31 SUMMARY: Val Loss: 0.1572 | Val Acc: 0.9378
[2025-10-31 23:18:13][RANK 0][INFO] New best val_acc: 0.9378. Saving model...
[2025-10-31 23:18:14][RANK 0][INFO] Starting Epoch 32/100 | LR: 0.000100
[2025-11-01 00:14:25][RANK 0][INFO] Starting validation...
[2025-11-01 00:37:47][RANK 0][INFO] EPOCH 32 SUMMARY: Val Loss: 0.1568 | Val Acc: 0.9375
[2025-11-01 00:37:48][RANK 0][INFO] Starting Epoch 33/100 | LR: 0.000100
[2025-11-01 01:33:57][RANK 0][INFO] Starting validation...
[2025-11-01 01:57:13][RANK 0][INFO] EPOCH 33 SUMMARY: Val Loss: 0.1571 | Val Acc: 0.9378
[2025-11-01 01:57:13][RANK 0][INFO] New best val_acc: 0.9378. Saving model...
[2025-11-01 01:57:14][RANK 0][INFO] Starting Epoch 34/100 | LR: 0.000100
[2025-11-01 02:53:22][RANK 0][INFO] Starting validation...
[2025-11-01 03:16:27][RANK 0][INFO] EPOCH 34 SUMMARY: Val Loss: 0.1570 | Val Acc: 0.9377
[2025-11-01 03:16:29][RANK 0][INFO] Starting Epoch 35/100 | LR: 0.000100
[2025-11-01 04:12:38][RANK 0][INFO] Starting validation...
[2025-11-01 04:35:48][RANK 0][INFO] EPOCH 35 SUMMARY: Val Loss: 0.1571 | Val Acc: 0.9379
[2025-11-01 04:35:48][RANK 0][INFO] New best val_acc: 0.9379. Saving model...
[2025-11-01 04:35:49][RANK 0][INFO] Starting Epoch 36/100 | LR: 0.000100
[2025-11-01 05:31:58][RANK 0][INFO] Starting validation...
[2025-11-01 05:54:59][RANK 0][INFO] EPOCH 36 SUMMARY: Val Loss: 0.1580 | Val Acc: 0.9368
[2025-11-01 05:55:00][RANK 0][INFO] Starting Epoch 37/100 | LR: 0.000100
[2025-11-01 06:51:40][RANK 0][INFO] Starting validation...
[2025-11-01 07:14:41][RANK 0][INFO] EPOCH 37 SUMMARY: Val Loss: 0.1576 | Val Acc: 0.9373
[2025-11-01 07:14:42][RANK 0][INFO] Starting Epoch 38/100 | LR: 0.000100
[2025-11-01 08:10:54][RANK 0][INFO] Starting validation...
[2025-11-01 08:33:43][RANK 0][INFO] EPOCH 38 SUMMARY: Val Loss: 0.1564 | Val Acc: 0.9378
[2025-11-01 08:33:45][RANK 0][INFO] Starting Epoch 39/100 | LR: 0.000100
[2025-11-01 09:29:50][RANK 0][INFO] Starting validation...
[2025-11-01 09:52:47][RANK 0][INFO] EPOCH 39 SUMMARY: Val Loss: 0.1576 | Val Acc: 0.9370
[2025-11-01 09:52:48][RANK 0][INFO] Starting Epoch 40/100 | LR: 0.000100
[2025-11-01 10:48:51][RANK 0][INFO] Starting validation...
[2025-11-01 11:11:43][RANK 0][INFO] EPOCH 40 SUMMARY: Val Loss: 0.1556 | Val Acc: 0.9385
[2025-11-01 11:11:43][RANK 0][INFO] New best val_acc: 0.9385. Saving model...
[2025-11-01 11:11:44][RANK 0][INFO] Starting Epoch 41/100 | LR: 0.000100
[2025-11-01 12:07:51][RANK 0][INFO] Starting validation...
[2025-11-01 12:31:04][RANK 0][INFO] EPOCH 41 SUMMARY: Val Loss: 0.1568 | Val Acc: 0.9375
[2025-11-01 12:31:05][RANK 0][INFO] Starting Epoch 42/100 | LR: 0.000100
[2025-11-01 13:27:09][RANK 0][INFO] Starting validation...
[2025-11-01 13:50:08][RANK 0][INFO] EPOCH 42 SUMMARY: Val Loss: 0.1564 | Val Acc: 0.9371
[2025-11-01 13:50:09][RANK 0][INFO] Starting Epoch 43/100 | LR: 0.000100
[2025-11-01 14:46:09][RANK 0][INFO] Starting validation...
[2025-11-01 15:09:26][RANK 0][INFO] EPOCH 43 SUMMARY: Val Loss: 0.1556 | Val Acc: 0.9381
[2025-11-01 15:09:27][RANK 0][INFO] Starting Epoch 44/100 | LR: 0.000100
[2025-11-01 16:05:28][RANK 0][INFO] Starting validation...
[2025-11-01 16:28:31][RANK 0][INFO] EPOCH 44 SUMMARY: Val Loss: 0.1561 | Val Acc: 0.9376
[2025-11-01 16:28:32][RANK 0][INFO] Starting Epoch 45/100 | LR: 0.000100
[2025-11-01 17:24:35][RANK 0][INFO] Starting validation...
[2025-11-01 17:47:38][RANK 0][INFO] EPOCH 45 SUMMARY: Val Loss: 0.1540 | Val Acc: 0.9388
[2025-11-01 17:47:38][RANK 0][INFO] New best val_acc: 0.9388. Saving model...
[2025-11-01 17:47:39][RANK 0][INFO] Starting Epoch 46/100 | LR: 0.000100
[2025-11-01 18:43:31][RANK 0][INFO] Starting validation...
[2025-11-01 19:06:36][RANK 0][INFO] EPOCH 46 SUMMARY: Val Loss: 0.1571 | Val Acc: 0.9368
[2025-11-01 19:06:37][RANK 0][INFO] Starting Epoch 47/100 | LR: 0.000100
[2025-11-01 20:02:39][RANK 0][INFO] Starting validation...
[2025-11-01 20:25:48][RANK 0][INFO] EPOCH 47 SUMMARY: Val Loss: 0.1550 | Val Acc: 0.9380
[2025-11-01 20:25:49][RANK 0][INFO] Starting Epoch 48/100 | LR: 0.000100
[2025-11-01 21:21:51][RANK 0][INFO] Starting validation...
[2025-11-01 21:44:43][RANK 0][INFO] EPOCH 48 SUMMARY: Val Loss: 0.1557 | Val Acc: 0.9368
[2025-11-01 21:44:44][RANK 0][INFO] Starting Epoch 49/100 | LR: 0.000100
[2025-11-01 22:40:40][RANK 0][INFO] Starting validation...
[2025-11-01 23:03:50][RANK 0][INFO] EPOCH 49 SUMMARY: Val Loss: 0.1545 | Val Acc: 0.9378
[2025-11-01 23:03:52][RANK 0][INFO] Starting Epoch 50/100 | LR: 0.000100
[2025-11-02 00:00:13][RANK 0][INFO] Starting validation...
[2025-11-02 00:23:17][RANK 0][INFO] EPOCH 50 SUMMARY: Val Loss: 0.1547 | Val Acc: 0.9375
[2025-11-02 00:23:18][RANK 0][INFO] Starting Epoch 51/100 | LR: 0.000100
[2025-11-02 01:19:18][RANK 0][INFO] Starting validation...
[2025-11-02 01:42:16][RANK 0][INFO] EPOCH 51 SUMMARY: Val Loss: 0.1536 | Val Acc: 0.9381
[2025-11-02 01:42:17][RANK 0][INFO] Starting Epoch 52/100 | LR: 0.000100
[2025-11-02 02:38:21][RANK 0][INFO] Starting validation...
[2025-11-02 03:01:25][RANK 0][INFO] EPOCH 52 SUMMARY: Val Loss: 0.1533 | Val Acc: 0.9381
[2025-11-02 03:01:26][RANK 0][INFO] Starting Epoch 53/100 | LR: 0.000100
[2025-11-02 03:57:31][RANK 0][INFO] Starting validation...
[2025-11-02 04:20:36][RANK 0][INFO] EPOCH 53 SUMMARY: Val Loss: 0.1538 | Val Acc: 0.9383
[2025-11-02 04:20:37][RANK 0][INFO] Starting Epoch 54/100 | LR: 0.000100
[2025-11-02 05:16:35][RANK 0][INFO] Starting validation...
[2025-11-02 05:39:42][RANK 0][INFO] EPOCH 54 SUMMARY: Val Loss: 0.1532 | Val Acc: 0.9382
[2025-11-02 05:39:43][RANK 0][INFO] Starting Epoch 55/100 | LR: 0.000100
[2025-11-02 06:35:44][RANK 0][INFO] Starting validation...
[2025-11-02 06:58:22][RANK 0][INFO] EPOCH 55 SUMMARY: Val Loss: 0.1548 | Val Acc: 0.9378
[2025-11-02 06:58:24][RANK 0][INFO] Starting Epoch 56/100 | LR: 0.000100
[2025-11-02 07:54:23][RANK 0][INFO] Starting validation...
[2025-11-02 08:17:24][RANK 0][INFO] EPOCH 56 SUMMARY: Val Loss: 0.1528 | Val Acc: 0.9385
[2025-11-02 08:17:25][RANK 0][INFO] Starting Epoch 57/100 | LR: 0.000100
[2025-11-02 09:13:25][RANK 0][INFO] Starting validation...
[2025-11-02 09:36:13][RANK 0][INFO] EPOCH 57 SUMMARY: Val Loss: 0.1526 | Val Acc: 0.9384
[2025-11-02 09:36:14][RANK 0][INFO] Starting Epoch 58/100 | LR: 0.000100
[2025-11-02 10:32:15][RANK 0][INFO] Starting validation...
[2025-11-02 10:54:58][RANK 0][INFO] EPOCH 58 SUMMARY: Val Loss: 0.1538 | Val Acc: 0.9381
[2025-11-02 10:54:59][RANK 0][INFO] Starting Epoch 59/100 | LR: 0.000100
[2025-11-02 11:51:05][RANK 0][INFO] Starting validation...
[2025-11-02 12:14:06][RANK 0][INFO] EPOCH 59 SUMMARY: Val Loss: 0.1538 | Val Acc: 0.9378
[2025-11-02 12:14:07][RANK 0][INFO] Starting Epoch 60/100 | LR: 0.000100
[2025-11-02 13:10:16][RANK 0][INFO] Starting validation...
[2025-11-02 13:33:28][RANK 0][INFO] EPOCH 60 SUMMARY: Val Loss: 0.1542 | Val Acc: 0.9375
[2025-11-02 13:33:29][RANK 0][INFO] Starting Epoch 61/100 | LR: 0.000100
[2025-11-02 14:29:29][RANK 0][INFO] Starting validation...
[2025-11-02 14:52:28][RANK 0][INFO] EPOCH 61 SUMMARY: Val Loss: 0.1526 | Val Acc: 0.9392
[2025-11-02 14:52:28][RANK 0][INFO] New best val_acc: 0.9392. Saving model...
[2025-11-02 14:52:29][RANK 0][INFO] Starting Epoch 62/100 | LR: 0.000100
[2025-11-02 15:48:36][RANK 0][INFO] Starting validation...
[2025-11-02 16:11:34][RANK 0][INFO] EPOCH 62 SUMMARY: Val Loss: 0.1531 | Val Acc: 0.9383
[2025-11-02 16:11:35][RANK 0][INFO] Starting Epoch 63/100 | LR: 0.000100
[2025-11-02 17:07:34][RANK 0][INFO] Starting validation...
[2025-11-02 17:30:09][RANK 0][INFO] EPOCH 63 SUMMARY: Val Loss: 0.1538 | Val Acc: 0.9375
[2025-11-02 17:30:10][RANK 0][INFO] Starting Epoch 64/100 | LR: 0.000100
[2025-11-02 18:26:04][RANK 0][INFO] Starting validation...
[2025-11-02 18:48:40][RANK 0][INFO] EPOCH 64 SUMMARY: Val Loss: 0.1541 | Val Acc: 0.9379
[2025-11-02 18:48:41][RANK 0][INFO] Starting Epoch 65/100 | LR: 0.000100
[2025-11-02 19:44:29][RANK 0][INFO] Starting validation...
[2025-11-02 20:07:16][RANK 0][INFO] EPOCH 65 SUMMARY: Val Loss: 0.1528 | Val Acc: 0.9389
[2025-11-02 20:07:17][RANK 0][INFO] Starting Epoch 66/100 | LR: 0.000100
[2025-11-02 21:03:13][RANK 0][INFO] Starting validation...
[2025-11-02 21:25:56][RANK 0][INFO] EPOCH 66 SUMMARY: Val Loss: 0.1525 | Val Acc: 0.9384
[2025-11-02 21:25:57][RANK 0][INFO] Starting Epoch 67/100 | LR: 0.000100
[2025-11-02 22:21:58][RANK 0][INFO] Starting validation...
[2025-11-02 22:44:53][RANK 0][INFO] EPOCH 67 SUMMARY: Val Loss: 0.1547 | Val Acc: 0.9378
[2025-11-02 22:44:55][RANK 0][INFO] Starting Epoch 68/100 | LR: 0.000100
[2025-11-02 23:40:55][RANK 0][INFO] Starting validation...
[2025-11-03 00:03:41][RANK 0][INFO] EPOCH 68 SUMMARY: Val Loss: 0.1529 | Val Acc: 0.9381
[2025-11-03 00:03:42][RANK 0][INFO] Starting Epoch 69/100 | LR: 0.000100
[2025-11-03 00:59:37][RANK 0][INFO] Starting validation...
[2025-11-03 01:22:52][RANK 0][INFO] EPOCH 69 SUMMARY: Val Loss: 0.1531 | Val Acc: 0.9383
[2025-11-03 01:22:53][RANK 0][INFO] Starting Epoch 70/100 | LR: 0.000100
[2025-11-03 02:18:54][RANK 0][INFO] Starting validation...
[2025-11-03 02:41:46][RANK 0][INFO] EPOCH 70 SUMMARY: Val Loss: 0.1547 | Val Acc: 0.9370
[2025-11-03 02:41:47][RANK 0][INFO] Starting Epoch 71/100 | LR: 0.000100
[2025-11-03 03:37:39][RANK 0][INFO] Starting validation...
[2025-11-03 04:00:42][RANK 0][INFO] EPOCH 71 SUMMARY: Val Loss: 0.1540 | Val Acc: 0.9371
[2025-11-03 04:00:43][RANK 0][INFO] Starting Epoch 72/100 | LR: 0.000100
[2025-11-03 04:56:42][RANK 0][INFO] Starting validation...
[2025-11-03 05:19:40][RANK 0][INFO] EPOCH 72 SUMMARY: Val Loss: 0.1514 | Val Acc: 0.9383
[2025-11-03 05:19:41][RANK 0][INFO] Starting Epoch 73/100 | LR: 0.000100
[2025-11-03 06:15:30][RANK 0][INFO] Starting validation...
[2025-11-03 06:38:31][RANK 0][INFO] EPOCH 73 SUMMARY: Val Loss: 0.1524 | Val Acc: 0.9380
[2025-11-03 06:38:32][RANK 0][INFO] Starting Epoch 74/100 | LR: 0.000100
[2025-11-03 07:34:29][RANK 0][INFO] Starting validation...
[2025-11-03 07:57:12][RANK 0][INFO] EPOCH 74 SUMMARY: Val Loss: 0.1541 | Val Acc: 0.9374
[2025-11-03 07:57:14][RANK 0][INFO] Starting Epoch 75/100 | LR: 0.000100
[2025-11-03 08:53:07][RANK 0][INFO] Starting validation...
[2025-11-03 09:15:44][RANK 0][INFO] EPOCH 75 SUMMARY: Val Loss: 0.1527 | Val Acc: 0.9383
[2025-11-03 09:15:45][RANK 0][INFO] Starting Epoch 76/100 | LR: 0.000100
[2025-11-03 10:11:03][RANK 0][INFO] Starting validation...
[2025-11-03 10:33:24][RANK 0][INFO] EPOCH 76 SUMMARY: Val Loss: 0.1535 | Val Acc: 0.9377
[2025-11-03 10:33:25][RANK 0][INFO] Starting Epoch 77/100 | LR: 0.000100
[2025-11-03 11:27:57][RANK 0][INFO] Starting validation...
[2025-11-03 11:50:32][RANK 0][INFO] EPOCH 77 SUMMARY: Val Loss: 0.1570 | Val Acc: 0.9371
[2025-11-03 11:50:33][RANK 0][INFO] Starting Epoch 78/100 | LR: 0.000100
[2025-11-03 12:45:18][RANK 0][INFO] Starting validation...
[2025-11-03 13:07:38][RANK 0][INFO] EPOCH 78 SUMMARY: Val Loss: 0.1528 | Val Acc: 0.9377
[2025-11-03 13:07:38][RANK 0][INFO] Learning rate reduced from 0.000100 to 0.000010 due to plateau in validation loss.
[2025-11-03 13:07:40][RANK 0][INFO] Starting Epoch 79/100 | LR: 0.000010
[2025-11-03 14:02:15][RANK 0][INFO] Starting validation...
[2025-11-03 14:24:45][RANK 0][INFO] EPOCH 79 SUMMARY: Val Loss: 0.1531 | Val Acc: 0.9376
[2025-11-03 14:24:46][RANK 0][INFO] Starting Epoch 80/100 | LR: 0.000010
[2025-11-03 15:19:20][RANK 0][INFO] Starting validation...
[2025-11-03 15:42:01][RANK 0][INFO] EPOCH 80 SUMMARY: Val Loss: 0.1529 | Val Acc: 0.9378
[2025-11-03 15:42:02][RANK 0][INFO] Starting Epoch 81/100 | LR: 0.000010
[2025-11-03 16:36:51][RANK 0][INFO] Starting validation...
[2025-11-03 16:59:26][RANK 0][INFO] EPOCH 81 SUMMARY: Val Loss: 0.1527 | Val Acc: 0.9378
[2025-11-03 16:59:27][RANK 0][INFO] Starting Epoch 82/100 | LR: 0.000010
[2025-11-03 17:53:59][RANK 0][INFO] Starting validation...
[2025-11-03 18:16:19][RANK 0][INFO] EPOCH 82 SUMMARY: Val Loss: 0.1525 | Val Acc: 0.9379
[2025-11-03 18:16:21][RANK 0][INFO] Starting Epoch 83/100 | LR: 0.000010
[2025-11-03 19:10:51][RANK 0][INFO] Starting validation...
[2025-11-03 19:33:25][RANK 0][INFO] EPOCH 83 SUMMARY: Val Loss: 0.1526 | Val Acc: 0.9379
[2025-11-03 19:33:26][RANK 0][INFO] Starting Epoch 84/100 | LR: 0.000010
[2025-11-03 20:28:17][RANK 0][INFO] Starting validation...
[2025-11-03 20:50:43][RANK 0][INFO] EPOCH 84 SUMMARY: Val Loss: 0.1526 | Val Acc: 0.9380
[2025-11-03 20:50:45][RANK 0][INFO] Starting Epoch 85/100 | LR: 0.000010
[2025-11-03 21:45:22][RANK 0][INFO] Starting validation...
[2025-11-03 22:07:43][RANK 0][INFO] EPOCH 85 SUMMARY: Val Loss: 0.1523 | Val Acc: 0.9381
[2025-11-03 22:07:44][RANK 0][INFO] Starting Epoch 86/100 | LR: 0.000010
[2025-11-03 23:02:23][RANK 0][INFO] Starting validation...
[2025-11-03 23:24:47][RANK 0][INFO] EPOCH 86 SUMMARY: Val Loss: 0.1522 | Val Acc: 0.9381
[2025-11-03 23:24:48][RANK 0][INFO] Starting Epoch 87/100 | LR: 0.000010
[2025-11-04 00:19:38][RANK 0][INFO] Starting validation...
[2025-11-04 00:42:05][RANK 0][INFO] EPOCH 87 SUMMARY: Val Loss: 0.1524 | Val Acc: 0.9380
[2025-11-04 00:42:07][RANK 0][INFO] Starting Epoch 88/100 | LR: 0.000010
[2025-11-04 01:36:53][RANK 0][INFO] Starting validation...
[2025-11-04 01:59:15][RANK 0][INFO] EPOCH 88 SUMMARY: Val Loss: 0.1524 | Val Acc: 0.9380
[2025-11-04 01:59:16][RANK 0][INFO] Starting Epoch 89/100 | LR: 0.000010
[2025-11-04 02:53:57][RANK 0][INFO] Starting validation...
[2025-11-04 03:16:26][RANK 0][INFO] EPOCH 89 SUMMARY: Val Loss: 0.1525 | Val Acc: 0.9380
[2025-11-04 03:16:27][RANK 0][INFO] Starting Epoch 90/100 | LR: 0.000010
[2025-11-04 04:11:02][RANK 0][INFO] Starting validation...
[2025-11-04 04:33:34][RANK 0][INFO] EPOCH 90 SUMMARY: Val Loss: 0.1521 | Val Acc: 0.9382
[2025-11-04 04:33:35][RANK 0][INFO] Starting Epoch 91/100 | LR: 0.000010
[2025-11-04 05:28:17][RANK 0][INFO] Starting validation...
[2025-11-04 05:50:39][RANK 0][INFO] EPOCH 91 SUMMARY: Val Loss: 0.1524 | Val Acc: 0.9380
[2025-11-04 05:50:40][RANK 0][INFO] Starting Epoch 92/100 | LR: 0.000010
[2025-11-04 06:45:18][RANK 0][INFO] Starting validation...
[2025-11-04 07:07:50][RANK 0][INFO] EPOCH 92 SUMMARY: Val Loss: 0.1523 | Val Acc: 0.9380
[2025-11-04 07:07:51][RANK 0][INFO] Starting Epoch 93/100 | LR: 0.000010
[2025-11-04 08:02:34][RANK 0][INFO] Starting validation...
[2025-11-04 08:25:12][RANK 0][INFO] EPOCH 93 SUMMARY: Val Loss: 0.1518 | Val Acc: 0.9383
[2025-11-04 08:25:13][RANK 0][INFO] Starting Epoch 94/100 | LR: 0.000010
[2025-11-04 09:19:51][RANK 0][INFO] Starting validation...
[2025-11-04 09:42:26][RANK 0][INFO] EPOCH 94 SUMMARY: Val Loss: 0.1522 | Val Acc: 0.9381
[2025-11-04 09:42:27][RANK 0][INFO] Starting Epoch 95/100 | LR: 0.000010
[2025-11-04 10:37:05][RANK 0][INFO] Starting validation...
[2025-11-04 10:59:48][RANK 0][INFO] EPOCH 95 SUMMARY: Val Loss: 0.1526 | Val Acc: 0.9379
[2025-11-04 10:59:49][RANK 0][INFO] Starting Epoch 96/100 | LR: 0.000010
[2025-11-04 11:54:35][RANK 0][INFO] Starting validation...
[2025-11-04 12:17:09][RANK 0][INFO] EPOCH 96 SUMMARY: Val Loss: 0.1525 | Val Acc: 0.9379
[2025-11-04 12:17:10][RANK 0][INFO] Starting Epoch 97/100 | LR: 0.000010
[2025-11-04 13:11:56][RANK 0][INFO] Starting validation...
[2025-11-04 13:34:19][RANK 0][INFO] EPOCH 97 SUMMARY: Val Loss: 0.1525 | Val Acc: 0.9380
[2025-11-04 13:34:20][RANK 0][INFO] Starting Epoch 98/100 | LR: 0.000010
[2025-11-04 14:29:04][RANK 0][INFO] Starting validation...
[2025-11-04 14:51:31][RANK 0][INFO] EPOCH 98 SUMMARY: Val Loss: 0.1521 | Val Acc: 0.9382
[2025-11-04 14:51:32][RANK 0][INFO] Starting Epoch 99/100 | LR: 0.000010
[2025-11-04 15:46:17][RANK 0][INFO] Starting validation...
[2025-11-04 16:08:45][RANK 0][INFO] EPOCH 99 SUMMARY: Val Loss: 0.1523 | Val Acc: 0.9380
[2025-11-04 16:08:46][RANK 0][INFO] Starting Epoch 100/100 | LR: 0.000010
[2025-11-04 17:03:28][RANK 0][INFO] Starting validation...
[2025-11-04 17:26:02][RANK 0][INFO] EPOCH 100 SUMMARY: Val Loss: 0.1527 | Val Acc: 0.9378
[2025-11-04 17:26:03][RANK 0][INFO] Uploading model from /tmp/model_upload to hdfs://master:9000/usr/ubuntu/lstm_spark-cluster3_20251030_062441
