[2025-10-06 12:08:04][RANK 0][INFO] Initializing Dataloaders...
[2025-10-06 12:08:04][RANK 0][INFO] Dataloaders initialized.
[2025-10-06 12:08:06][RANK 0][INFO] Starting training for GRU model...
[2025-10-06 12:08:06][RANK 0][INFO] Starting Epoch 1/100
[2025-10-06 12:21:09][RANK 0][INFO] Starting validation...
[2025-10-06 12:31:08][RANK 0][INFO] EPOCH 1 SUMMARY: Val Loss: 1.1363 | Val Acc: 0.6295
[2025-10-06 12:31:08][RANK 0][INFO] New best val_acc: 0.6295. Saving model...
[2025-10-06 12:31:09][RANK 0][INFO] Starting Epoch 2/100
[2025-10-06 12:44:11][RANK 0][INFO] Starting validation...
[2025-10-06 12:53:44][RANK 0][INFO] EPOCH 2 SUMMARY: Val Loss: 1.0590 | Val Acc: 0.6183
[2025-10-06 12:53:45][RANK 0][INFO] Starting Epoch 3/100
[2025-10-06 13:06:46][RANK 0][INFO] Starting validation...
[2025-10-06 13:16:26][RANK 0][INFO] EPOCH 3 SUMMARY: Val Loss: 0.8560 | Val Acc: 0.6612
[2025-10-06 13:16:26][RANK 0][INFO] New best val_acc: 0.6612. Saving model...
[2025-10-06 13:16:27][RANK 0][INFO] Starting Epoch 4/100
[2025-10-06 13:29:30][RANK 0][INFO] Starting validation...
[2025-10-06 13:39:08][RANK 0][INFO] EPOCH 4 SUMMARY: Val Loss: 1.1359 | Val Acc: 0.6083
[2025-10-06 13:39:09][RANK 0][INFO] Starting Epoch 5/100
[2025-10-06 13:52:12][RANK 0][INFO] Starting validation...
[2025-10-06 14:01:48][RANK 0][INFO] EPOCH 5 SUMMARY: Val Loss: 0.8494 | Val Acc: 0.6058
[2025-10-06 14:01:49][RANK 0][INFO] Starting Epoch 6/100
[2025-10-06 14:14:51][RANK 0][INFO] Starting validation...
[2025-10-06 14:24:40][RANK 0][INFO] EPOCH 6 SUMMARY: Val Loss: 0.8007 | Val Acc: 0.6587
[2025-10-06 14:24:41][RANK 0][INFO] Starting Epoch 7/100
[2025-10-06 14:37:42][RANK 0][INFO] Starting validation...
[2025-10-06 14:47:22][RANK 0][INFO] EPOCH 7 SUMMARY: Val Loss: 1.2049 | Val Acc: 0.6155
[2025-10-06 14:47:23][RANK 0][INFO] Starting Epoch 8/100
[2025-10-06 15:00:27][RANK 0][INFO] Starting validation...
[2025-10-06 15:10:08][RANK 0][INFO] EPOCH 8 SUMMARY: Val Loss: 0.8288 | Val Acc: 0.6504
[2025-10-06 15:10:09][RANK 0][INFO] Starting Epoch 9/100
[2025-10-06 15:23:10][RANK 0][INFO] Starting validation...
[2025-10-06 15:32:52][RANK 0][INFO] EPOCH 9 SUMMARY: Val Loss: 0.8562 | Val Acc: 0.6655
[2025-10-06 15:32:52][RANK 0][INFO] New best val_acc: 0.6655. Saving model...
[2025-10-06 15:32:53][RANK 0][INFO] Starting Epoch 10/100
[2025-10-06 15:45:55][RANK 0][INFO] Starting validation...
[2025-10-06 15:55:37][RANK 0][INFO] EPOCH 10 SUMMARY: Val Loss: 0.8713 | Val Acc: 0.5969
[2025-10-06 15:55:38][RANK 0][INFO] Starting Epoch 11/100
[2025-10-06 16:08:37][RANK 0][INFO] Starting validation...
[2025-10-06 16:18:12][RANK 0][INFO] EPOCH 11 SUMMARY: Val Loss: 0.8329 | Val Acc: 0.6958
[2025-10-06 16:18:12][RANK 0][INFO] New best val_acc: 0.6958. Saving model...
[2025-10-06 16:18:13][RANK 0][INFO] Starting Epoch 12/100
[2025-10-06 16:31:15][RANK 0][INFO] Starting validation...
[2025-10-06 16:40:56][RANK 0][INFO] EPOCH 12 SUMMARY: Val Loss: 0.7213 | Val Acc: 0.7198
[2025-10-06 16:40:56][RANK 0][INFO] New best val_acc: 0.7198. Saving model...
[2025-10-06 16:40:57][RANK 0][INFO] Starting Epoch 13/100
[2025-10-06 16:53:59][RANK 0][INFO] Starting validation...
[2025-10-06 17:03:35][RANK 0][INFO] EPOCH 13 SUMMARY: Val Loss: 0.8941 | Val Acc: 0.6842
[2025-10-06 17:03:36][RANK 0][INFO] Starting Epoch 14/100
[2025-10-06 17:16:36][RANK 0][INFO] Starting validation...
[2025-10-06 17:26:17][RANK 0][INFO] EPOCH 14 SUMMARY: Val Loss: 0.7151 | Val Acc: 0.6816
[2025-10-06 17:26:18][RANK 0][INFO] Starting Epoch 15/100
[2025-10-06 17:39:21][RANK 0][INFO] Starting validation...
[2025-10-06 17:49:05][RANK 0][INFO] EPOCH 15 SUMMARY: Val Loss: 0.8680 | Val Acc: 0.6859
[2025-10-06 17:49:06][RANK 0][INFO] Starting Epoch 16/100
[2025-10-06 18:02:08][RANK 0][INFO] Starting validation...
[2025-10-06 18:11:55][RANK 0][INFO] EPOCH 16 SUMMARY: Val Loss: 0.6445 | Val Acc: 0.7279
[2025-10-06 18:11:55][RANK 0][INFO] New best val_acc: 0.7279. Saving model...
[2025-10-06 18:11:56][RANK 0][INFO] Starting Epoch 17/100
[2025-10-06 18:25:04][RANK 0][INFO] Starting validation...
[2025-10-06 18:34:53][RANK 0][INFO] EPOCH 17 SUMMARY: Val Loss: 0.9858 | Val Acc: 0.6918
[2025-10-06 18:34:54][RANK 0][INFO] Starting Epoch 18/100
[2025-10-06 18:47:58][RANK 0][INFO] Starting validation...
[2025-10-06 18:57:46][RANK 0][INFO] EPOCH 18 SUMMARY: Val Loss: 1.0118 | Val Acc: 0.6953
[2025-10-06 18:57:47][RANK 0][INFO] Starting Epoch 19/100
[2025-10-06 19:10:49][RANK 0][INFO] Starting validation...
[2025-10-06 19:20:40][RANK 0][INFO] EPOCH 19 SUMMARY: Val Loss: 0.7916 | Val Acc: 0.6797
[2025-10-06 19:20:41][RANK 0][INFO] Starting Epoch 20/100
[2025-10-06 19:33:44][RANK 0][INFO] Starting validation...
[2025-10-06 19:43:27][RANK 0][INFO] EPOCH 20 SUMMARY: Val Loss: 0.9754 | Val Acc: 0.6646
[2025-10-06 19:43:29][RANK 0][INFO] Starting Epoch 21/100
[2025-10-06 19:56:34][RANK 0][INFO] Starting validation...
[2025-10-06 20:06:22][RANK 0][INFO] EPOCH 21 SUMMARY: Val Loss: 0.8922 | Val Acc: 0.6697
[2025-10-06 20:06:23][RANK 0][INFO] Starting Epoch 22/100
[2025-10-06 20:19:25][RANK 0][INFO] Starting validation...
[2025-10-06 20:29:07][RANK 0][INFO] EPOCH 22 SUMMARY: Val Loss: 0.6869 | Val Acc: 0.7161
[2025-10-06 20:29:08][RANK 0][INFO] Starting Epoch 23/100
[2025-10-06 20:42:10][RANK 0][INFO] Starting validation...
[2025-10-06 20:51:53][RANK 0][INFO] EPOCH 23 SUMMARY: Val Loss: 1.3014 | Val Acc: 0.6717
[2025-10-06 20:51:54][RANK 0][INFO] Starting Epoch 24/100
[2025-10-06 21:04:56][RANK 0][INFO] Starting validation...
[2025-10-06 21:14:36][RANK 0][INFO] EPOCH 24 SUMMARY: Val Loss: 0.8350 | Val Acc: 0.6465
[2025-10-06 21:14:37][RANK 0][INFO] Starting Epoch 25/100
[2025-10-06 21:27:42][RANK 0][INFO] Starting validation...
[2025-10-06 21:37:26][RANK 0][INFO] EPOCH 25 SUMMARY: Val Loss: 0.9235 | Val Acc: 0.6251
[2025-10-06 21:37:27][RANK 0][INFO] Starting Epoch 26/100
[2025-10-06 21:50:32][RANK 0][INFO] Starting validation...
[2025-10-06 22:00:22][RANK 0][INFO] EPOCH 26 SUMMARY: Val Loss: 0.8497 | Val Acc: 0.6919
[2025-10-06 22:00:23][RANK 0][INFO] Starting Epoch 27/100
[2025-10-06 22:13:27][RANK 0][INFO] Starting validation...
[2025-10-06 22:23:17][RANK 0][INFO] EPOCH 27 SUMMARY: Val Loss: 0.8866 | Val Acc: 0.7000
[2025-10-06 22:23:17][RANK 0][INFO] Starting Epoch 28/100
[2025-10-06 22:36:21][RANK 0][INFO] Starting validation...
[2025-10-06 22:46:05][RANK 0][INFO] EPOCH 28 SUMMARY: Val Loss: 0.7220 | Val Acc: 0.7052
[2025-10-06 22:46:06][RANK 0][INFO] Starting Epoch 29/100
[2025-10-06 22:59:10][RANK 0][INFO] Starting validation...
[2025-10-06 23:09:00][RANK 0][INFO] EPOCH 29 SUMMARY: Val Loss: 0.7418 | Val Acc: 0.6804
[2025-10-06 23:09:01][RANK 0][INFO] Starting Epoch 30/100
[2025-10-06 23:22:07][RANK 0][INFO] Starting validation...
[2025-10-06 23:31:51][RANK 0][INFO] EPOCH 30 SUMMARY: Val Loss: 0.8170 | Val Acc: 0.7300
[2025-10-06 23:31:51][RANK 0][INFO] New best val_acc: 0.7300. Saving model...
[2025-10-06 23:31:52][RANK 0][INFO] Starting Epoch 31/100
[2025-10-06 23:44:52][RANK 0][INFO] Starting validation...
[2025-10-06 23:54:42][RANK 0][INFO] EPOCH 31 SUMMARY: Val Loss: 0.7403 | Val Acc: 0.6809
[2025-10-06 23:54:43][RANK 0][INFO] Starting Epoch 32/100
[2025-10-07 00:07:45][RANK 0][INFO] Starting validation...
[2025-10-07 00:17:36][RANK 0][INFO] EPOCH 32 SUMMARY: Val Loss: 1.0445 | Val Acc: 0.6491
[2025-10-07 00:17:37][RANK 0][INFO] Starting Epoch 33/100
[2025-10-07 00:30:39][RANK 0][INFO] Starting validation...
[2025-10-07 00:40:19][RANK 0][INFO] EPOCH 33 SUMMARY: Val Loss: 0.8474 | Val Acc: 0.6790
[2025-10-07 00:40:20][RANK 0][INFO] Starting Epoch 34/100
[2025-10-07 00:53:26][RANK 0][INFO] Starting validation...
[2025-10-07 01:03:09][RANK 0][INFO] EPOCH 34 SUMMARY: Val Loss: 0.6807 | Val Acc: 0.6873
[2025-10-07 01:03:10][RANK 0][INFO] Starting Epoch 35/100
[2025-10-07 01:16:14][RANK 0][INFO] Starting validation...
[2025-10-07 01:26:03][RANK 0][INFO] EPOCH 35 SUMMARY: Val Loss: 0.7781 | Val Acc: 0.7167
[2025-10-07 01:26:04][RANK 0][INFO] Starting Epoch 36/100
[2025-10-07 01:39:05][RANK 0][INFO] Starting validation...
[2025-10-07 01:48:49][RANK 0][INFO] EPOCH 36 SUMMARY: Val Loss: 1.1437 | Val Acc: 0.7165
[2025-10-07 01:48:50][RANK 0][INFO] Starting Epoch 37/100
[2025-10-07 02:01:58][RANK 0][INFO] Starting validation...
[2025-10-07 02:11:44][RANK 0][INFO] EPOCH 37 SUMMARY: Val Loss: 0.8669 | Val Acc: 0.6669
[2025-10-07 02:11:45][RANK 0][INFO] Starting Epoch 38/100
[2025-10-07 02:24:50][RANK 0][INFO] Starting validation...
[2025-10-07 02:34:31][RANK 0][INFO] EPOCH 38 SUMMARY: Val Loss: 1.0074 | Val Acc: 0.6859
[2025-10-07 02:34:32][RANK 0][INFO] Starting Epoch 39/100
[2025-10-07 02:47:35][RANK 0][INFO] Starting validation...
[2025-10-07 02:57:12][RANK 0][INFO] EPOCH 39 SUMMARY: Val Loss: 0.7647 | Val Acc: 0.6558
[2025-10-07 02:57:13][RANK 0][INFO] Starting Epoch 40/100
[2025-10-07 03:10:14][RANK 0][INFO] Starting validation...
[2025-10-07 03:20:00][RANK 0][INFO] EPOCH 40 SUMMARY: Val Loss: 0.7949 | Val Acc: 0.6258
[2025-10-07 03:20:01][RANK 0][INFO] Starting Epoch 41/100
[2025-10-07 03:33:07][RANK 0][INFO] Starting validation...
[2025-10-07 03:42:48][RANK 0][INFO] EPOCH 41 SUMMARY: Val Loss: 0.8468 | Val Acc: 0.6752
[2025-10-07 03:42:50][RANK 0][INFO] Starting Epoch 42/100
[2025-10-07 03:55:57][RANK 0][INFO] Starting validation...
[2025-10-07 04:05:36][RANK 0][INFO] EPOCH 42 SUMMARY: Val Loss: 0.7520 | Val Acc: 0.7078
[2025-10-07 04:05:37][RANK 0][INFO] Starting Epoch 43/100
[2025-10-07 04:18:40][RANK 0][INFO] Starting validation...
[2025-10-07 04:28:28][RANK 0][INFO] EPOCH 43 SUMMARY: Val Loss: 1.0690 | Val Acc: 0.6879
[2025-10-07 04:28:29][RANK 0][INFO] Starting Epoch 44/100
[2025-10-07 04:41:32][RANK 0][INFO] Starting validation...
[2025-10-07 04:51:14][RANK 0][INFO] EPOCH 44 SUMMARY: Val Loss: 1.2515 | Val Acc: 0.6636
[2025-10-07 04:51:15][RANK 0][INFO] Starting Epoch 45/100
[2025-10-07 05:04:21][RANK 0][INFO] Starting validation...
[2025-10-07 05:14:11][RANK 0][INFO] EPOCH 45 SUMMARY: Val Loss: 0.7078 | Val Acc: 0.7398
[2025-10-07 05:14:11][RANK 0][INFO] New best val_acc: 0.7398. Saving model...
[2025-10-07 05:14:12][RANK 0][INFO] Starting Epoch 46/100
[2025-10-07 05:27:18][RANK 0][INFO] Starting validation...
[2025-10-07 05:36:59][RANK 0][INFO] EPOCH 46 SUMMARY: Val Loss: 0.7478 | Val Acc: 0.6726
[2025-10-07 05:37:00][RANK 0][INFO] Starting Epoch 47/100
[2025-10-07 05:50:05][RANK 0][INFO] Starting validation...
[2025-10-07 05:59:52][RANK 0][INFO] EPOCH 47 SUMMARY: Val Loss: 1.1072 | Val Acc: 0.6729
[2025-10-07 05:59:53][RANK 0][INFO] Starting Epoch 48/100
[2025-10-07 06:12:56][RANK 0][INFO] Starting validation...
[2025-10-07 06:22:38][RANK 0][INFO] EPOCH 48 SUMMARY: Val Loss: 0.6197 | Val Acc: 0.7553
[2025-10-07 06:22:38][RANK 0][INFO] New best val_acc: 0.7553. Saving model...
[2025-10-07 06:22:39][RANK 0][INFO] Starting Epoch 49/100
[2025-10-07 06:35:53][RANK 0][INFO] Starting validation...
[2025-10-07 06:45:45][RANK 0][INFO] EPOCH 49 SUMMARY: Val Loss: 0.6695 | Val Acc: 0.7098
[2025-10-07 06:45:46][RANK 0][INFO] Starting Epoch 50/100
[2025-10-07 06:59:00][RANK 0][INFO] Starting validation...
[2025-10-07 07:08:41][RANK 0][INFO] EPOCH 50 SUMMARY: Val Loss: 0.7384 | Val Acc: 0.6926
[2025-10-07 07:08:42][RANK 0][INFO] Starting Epoch 51/100
[2025-10-07 07:21:46][RANK 0][INFO] Starting validation...
[2025-10-07 07:31:33][RANK 0][INFO] EPOCH 51 SUMMARY: Val Loss: 0.7319 | Val Acc: 0.6600
[2025-10-07 07:31:34][RANK 0][INFO] Starting Epoch 52/100
[2025-10-07 07:44:37][RANK 0][INFO] Starting validation...
[2025-10-07 07:54:27][RANK 0][INFO] EPOCH 52 SUMMARY: Val Loss: 0.6211 | Val Acc: 0.7406
[2025-10-07 07:54:28][RANK 0][INFO] Starting Epoch 53/100
[2025-10-07 08:07:33][RANK 0][INFO] Starting validation...
[2025-10-07 08:17:25][RANK 0][INFO] EPOCH 53 SUMMARY: Val Loss: 0.8296 | Val Acc: 0.6310
[2025-10-07 08:17:26][RANK 0][INFO] Starting Epoch 54/100
[2025-10-07 08:30:32][RANK 0][INFO] Starting validation...
[2025-10-07 08:40:11][RANK 0][INFO] EPOCH 54 SUMMARY: Val Loss: 0.9402 | Val Acc: 0.7031
[2025-10-07 08:40:12][RANK 0][INFO] Starting Epoch 55/100
[2025-10-07 08:53:15][RANK 0][INFO] Starting validation...
[2025-10-07 09:02:53][RANK 0][INFO] EPOCH 55 SUMMARY: Val Loss: 1.1386 | Val Acc: 0.6864
[2025-10-07 09:02:54][RANK 0][INFO] Starting Epoch 56/100
[2025-10-07 09:15:56][RANK 0][INFO] Starting validation...
[2025-10-07 09:25:44][RANK 0][INFO] EPOCH 56 SUMMARY: Val Loss: 1.3544 | Val Acc: 0.6665
[2025-10-07 09:25:45][RANK 0][INFO] Starting Epoch 57/100
[2025-10-07 09:38:50][RANK 0][INFO] Starting validation...
[2025-10-07 09:48:28][RANK 0][INFO] EPOCH 57 SUMMARY: Val Loss: 0.7964 | Val Acc: 0.6384
[2025-10-07 09:48:29][RANK 0][INFO] Starting Epoch 58/100
[2025-10-07 10:01:34][RANK 0][INFO] Starting validation...
[2025-10-07 10:11:18][RANK 0][INFO] EPOCH 58 SUMMARY: Val Loss: 1.0201 | Val Acc: 0.6273
[2025-10-07 10:11:20][RANK 0][INFO] Starting Epoch 59/100
[2025-10-07 10:24:22][RANK 0][INFO] Starting validation...
[2025-10-07 10:34:01][RANK 0][INFO] EPOCH 59 SUMMARY: Val Loss: 0.6778 | Val Acc: 0.6881
[2025-10-07 10:34:02][RANK 0][INFO] Starting Epoch 60/100
[2025-10-07 10:47:04][RANK 0][INFO] Starting validation...
[2025-10-07 10:56:36][RANK 0][INFO] EPOCH 60 SUMMARY: Val Loss: 1.0734 | Val Acc: 0.5074
[2025-10-07 10:56:37][RANK 0][INFO] Starting Epoch 61/100
[2025-10-07 11:09:41][RANK 0][INFO] Starting validation...
[2025-10-07 11:19:23][RANK 0][INFO] EPOCH 61 SUMMARY: Val Loss: 0.7921 | Val Acc: 0.7143
[2025-10-07 11:19:24][RANK 0][INFO] Starting Epoch 62/100
[2025-10-07 11:32:27][RANK 0][INFO] Starting validation...
[2025-10-07 11:42:15][RANK 0][INFO] EPOCH 62 SUMMARY: Val Loss: 0.7568 | Val Acc: 0.7286
[2025-10-07 11:42:16][RANK 0][INFO] Starting Epoch 63/100
[2025-10-07 11:55:19][RANK 0][INFO] Starting validation...
[2025-10-07 12:04:51][RANK 0][INFO] EPOCH 63 SUMMARY: Val Loss: 0.7293 | Val Acc: 0.7158
[2025-10-07 12:04:52][RANK 0][INFO] Starting Epoch 64/100
[2025-10-07 12:17:56][RANK 0][INFO] Starting validation...
[2025-10-07 12:27:36][RANK 0][INFO] EPOCH 64 SUMMARY: Val Loss: 0.9311 | Val Acc: 0.6728
[2025-10-07 12:27:37][RANK 0][INFO] Starting Epoch 65/100
[2025-10-07 12:40:41][RANK 0][INFO] Starting validation...
[2025-10-07 12:50:20][RANK 0][INFO] EPOCH 65 SUMMARY: Val Loss: 0.8780 | Val Acc: 0.6126
[2025-10-07 12:50:21][RANK 0][INFO] Starting Epoch 66/100
[2025-10-07 13:03:25][RANK 0][INFO] Starting validation...
[2025-10-07 13:13:17][RANK 0][INFO] EPOCH 66 SUMMARY: Val Loss: 0.9844 | Val Acc: 0.6454
[2025-10-07 13:13:18][RANK 0][INFO] Starting Epoch 67/100
[2025-10-07 13:26:20][RANK 0][INFO] Starting validation...
[2025-10-07 13:36:03][RANK 0][INFO] EPOCH 67 SUMMARY: Val Loss: 0.6979 | Val Acc: 0.6838
[2025-10-07 13:36:04][RANK 0][INFO] Starting Epoch 68/100
[2025-10-07 13:49:06][RANK 0][INFO] Starting validation...
[2025-10-07 13:58:46][RANK 0][INFO] EPOCH 68 SUMMARY: Val Loss: 0.8574 | Val Acc: 0.6736
[2025-10-07 13:58:47][RANK 0][INFO] Starting Epoch 69/100
[2025-10-07 14:11:51][RANK 0][INFO] Starting validation...
[2025-10-07 14:21:32][RANK 0][INFO] EPOCH 69 SUMMARY: Val Loss: 0.8479 | Val Acc: 0.6701
[2025-10-07 14:21:33][RANK 0][INFO] Starting Epoch 70/100
[2025-10-07 14:34:35][RANK 0][INFO] Starting validation...
[2025-10-07 14:44:16][RANK 0][INFO] EPOCH 70 SUMMARY: Val Loss: 0.7756 | Val Acc: 0.6856
[2025-10-07 14:44:17][RANK 0][INFO] Starting Epoch 71/100
[2025-10-07 14:57:20][RANK 0][INFO] Starting validation...
[2025-10-07 15:06:58][RANK 0][INFO] EPOCH 71 SUMMARY: Val Loss: 0.7816 | Val Acc: 0.6407
[2025-10-07 15:06:59][RANK 0][INFO] Starting Epoch 72/100
[2025-10-07 15:20:04][RANK 0][INFO] Starting validation...
[2025-10-07 15:29:47][RANK 0][INFO] EPOCH 72 SUMMARY: Val Loss: 0.6574 | Val Acc: 0.7483
[2025-10-07 15:29:48][RANK 0][INFO] Starting Epoch 73/100
[2025-10-07 15:42:54][RANK 0][INFO] Starting validation...
[2025-10-07 15:52:34][RANK 0][INFO] EPOCH 73 SUMMARY: Val Loss: 0.9920 | Val Acc: 0.6646
[2025-10-07 15:52:35][RANK 0][INFO] Starting Epoch 74/100
[2025-10-07 16:05:39][RANK 0][INFO] Starting validation...
[2025-10-07 16:15:15][RANK 0][INFO] EPOCH 74 SUMMARY: Val Loss: 0.7605 | Val Acc: 0.6978
[2025-10-07 16:15:16][RANK 0][INFO] Starting Epoch 75/100
[2025-10-07 16:28:20][RANK 0][INFO] Starting validation...
[2025-10-07 16:37:57][RANK 0][INFO] EPOCH 75 SUMMARY: Val Loss: 1.1073 | Val Acc: 0.6250
[2025-10-07 16:37:59][RANK 0][INFO] Starting Epoch 76/100
[2025-10-07 16:51:01][RANK 0][INFO] Starting validation...
[2025-10-07 17:00:54][RANK 0][INFO] EPOCH 76 SUMMARY: Val Loss: 1.0207 | Val Acc: 0.6139
[2025-10-07 17:00:55][RANK 0][INFO] Starting Epoch 77/100
[2025-10-07 17:14:00][RANK 0][INFO] Starting validation...
[2025-10-07 17:23:41][RANK 0][INFO] EPOCH 77 SUMMARY: Val Loss: 1.0106 | Val Acc: 0.6179
[2025-10-07 17:23:42][RANK 0][INFO] Starting Epoch 78/100
[2025-10-07 17:36:48][RANK 0][INFO] Starting validation...
[2025-10-07 17:46:26][RANK 0][INFO] EPOCH 78 SUMMARY: Val Loss: 0.6543 | Val Acc: 0.7295
[2025-10-07 17:46:27][RANK 0][INFO] Starting Epoch 79/100
[2025-10-07 17:59:29][RANK 0][INFO] Starting validation...
[2025-10-07 18:09:15][RANK 0][INFO] EPOCH 79 SUMMARY: Val Loss: 1.1672 | Val Acc: 0.7187
[2025-10-07 18:09:16][RANK 0][INFO] Starting Epoch 80/100
[2025-10-07 18:22:19][RANK 0][INFO] Starting validation...
[2025-10-07 18:32:03][RANK 0][INFO] EPOCH 80 SUMMARY: Val Loss: 0.6272 | Val Acc: 0.7615
[2025-10-07 18:32:03][RANK 0][INFO] New best val_acc: 0.7615. Saving model...
[2025-10-07 18:32:04][RANK 0][INFO] Starting Epoch 81/100
[2025-10-07 18:45:07][RANK 0][INFO] Starting validation...
[2025-10-07 18:54:50][RANK 0][INFO] EPOCH 81 SUMMARY: Val Loss: 0.9215 | Val Acc: 0.6358
[2025-10-07 18:54:51][RANK 0][INFO] Starting Epoch 82/100
[2025-10-07 19:07:57][RANK 0][INFO] Starting validation...
[2025-10-07 19:17:36][RANK 0][INFO] EPOCH 82 SUMMARY: Val Loss: 0.6636 | Val Acc: 0.7517
[2025-10-07 19:17:37][RANK 0][INFO] Starting Epoch 83/100
[2025-10-07 19:30:42][RANK 0][INFO] Starting validation...
[2025-10-07 19:40:21][RANK 0][INFO] EPOCH 83 SUMMARY: Val Loss: 1.2016 | Val Acc: 0.6978
[2025-10-07 19:40:22][RANK 0][INFO] Starting Epoch 84/100
[2025-10-07 19:53:23][RANK 0][INFO] Starting validation...
[2025-10-07 20:03:03][RANK 0][INFO] EPOCH 84 SUMMARY: Val Loss: 0.8235 | Val Acc: 0.6725
[2025-10-07 20:03:04][RANK 0][INFO] Starting Epoch 85/100
[2025-10-07 20:16:08][RANK 0][INFO] Starting validation...
[2025-10-07 20:25:49][RANK 0][INFO] EPOCH 85 SUMMARY: Val Loss: 0.8176 | Val Acc: 0.6909
[2025-10-07 20:25:50][RANK 0][INFO] Starting Epoch 86/100
[2025-10-07 20:38:56][RANK 0][INFO] Starting validation...
[2025-10-07 20:48:37][RANK 0][INFO] EPOCH 86 SUMMARY: Val Loss: 0.8639 | Val Acc: 0.6807
[2025-10-07 20:48:38][RANK 0][INFO] Starting Epoch 87/100
[2025-10-07 21:01:43][RANK 0][INFO] Starting validation...
[2025-10-07 21:11:27][RANK 0][INFO] EPOCH 87 SUMMARY: Val Loss: 0.7411 | Val Acc: 0.6969
[2025-10-07 21:11:28][RANK 0][INFO] Starting Epoch 88/100
[2025-10-07 21:24:33][RANK 0][INFO] Starting validation...
[2025-10-07 21:34:12][RANK 0][INFO] EPOCH 88 SUMMARY: Val Loss: 0.6883 | Val Acc: 0.7225
[2025-10-07 21:34:14][RANK 0][INFO] Starting Epoch 89/100
[2025-10-07 21:47:15][RANK 0][INFO] Starting validation...
[2025-10-07 21:57:01][RANK 0][INFO] EPOCH 89 SUMMARY: Val Loss: 0.6912 | Val Acc: 0.7273
[2025-10-07 21:57:02][RANK 0][INFO] Starting Epoch 90/100
[2025-10-07 22:10:07][RANK 0][INFO] Starting validation...
[2025-10-07 22:19:46][RANK 0][INFO] EPOCH 90 SUMMARY: Val Loss: 0.9078 | Val Acc: 0.6493
[2025-10-07 22:19:47][RANK 0][INFO] Starting Epoch 91/100
[2025-10-07 22:32:50][RANK 0][INFO] Starting validation...
[2025-10-07 22:42:23][RANK 0][INFO] EPOCH 91 SUMMARY: Val Loss: 0.6348 | Val Acc: 0.7343
[2025-10-07 22:42:24][RANK 0][INFO] Starting Epoch 92/100
[2025-10-07 22:55:26][RANK 0][INFO] Starting validation...
[2025-10-07 23:05:06][RANK 0][INFO] EPOCH 92 SUMMARY: Val Loss: 0.8233 | Val Acc: 0.6346
[2025-10-07 23:05:07][RANK 0][INFO] Starting Epoch 93/100
[2025-10-07 23:18:10][RANK 0][INFO] Starting validation...
[2025-10-07 23:27:46][RANK 0][INFO] EPOCH 93 SUMMARY: Val Loss: 1.2836 | Val Acc: 0.6301
[2025-10-07 23:27:47][RANK 0][INFO] Starting Epoch 94/100
[2025-10-07 23:40:51][RANK 0][INFO] Starting validation...
[2025-10-07 23:50:27][RANK 0][INFO] EPOCH 94 SUMMARY: Val Loss: 0.7472 | Val Acc: 0.6591
[2025-10-07 23:50:28][RANK 0][INFO] Starting Epoch 95/100
[2025-10-08 00:03:32][RANK 0][INFO] Starting validation...
[2025-10-08 00:13:13][RANK 0][INFO] EPOCH 95 SUMMARY: Val Loss: 0.7581 | Val Acc: 0.6690
[2025-10-08 00:13:14][RANK 0][INFO] Starting Epoch 96/100
[2025-10-08 00:26:16][RANK 0][INFO] Starting validation...
[2025-10-08 00:36:00][RANK 0][INFO] EPOCH 96 SUMMARY: Val Loss: 0.6485 | Val Acc: 0.6945
[2025-10-08 00:36:01][RANK 0][INFO] Starting Epoch 97/100
[2025-10-08 00:49:02][RANK 0][INFO] Starting validation...
[2025-10-08 00:58:42][RANK 0][INFO] EPOCH 97 SUMMARY: Val Loss: 0.6752 | Val Acc: 0.7077
[2025-10-08 00:58:43][RANK 0][INFO] Starting Epoch 98/100
[2025-10-08 01:11:45][RANK 0][INFO] Starting validation...
[2025-10-08 01:21:26][RANK 0][INFO] EPOCH 98 SUMMARY: Val Loss: 0.7910 | Val Acc: 0.6487
[2025-10-08 01:21:27][RANK 0][INFO] Starting Epoch 99/100
[2025-10-08 01:34:29][RANK 0][INFO] Starting validation...
[2025-10-08 01:44:10][RANK 0][INFO] EPOCH 99 SUMMARY: Val Loss: 1.3592 | Val Acc: 0.6297
[2025-10-08 01:44:11][RANK 0][INFO] Starting Epoch 100/100
[2025-10-08 01:57:10][RANK 0][INFO] Starting validation...
[2025-10-08 02:06:53][RANK 0][INFO] EPOCH 100 SUMMARY: Val Loss: 0.8680 | Val Acc: 0.6811
[2025-10-08 02:06:54][RANK 0][INFO] Uploading model from /tmp/model_upload to hdfs://master:9000/usr/ubuntu/results-ultra_gru_20251006_120159
